[15-Jan-2023 04:05:29 America/Sao_Paulo] PHP Notice:  Undefined offset: 1 in /domains4/tecnolab/public_html/libraries/src/Environment/Browser.php on line 620
[01-Feb-2023 09:47:46 America/Sao_Paulo] PHP Warning:  Illegal string offset 'name' in /domains4/tecnolab/public_html/administrator/components/com_rsform/helpers/fields/fileupload.php on line 594
[01-Feb-2023 09:47:46 America/Sao_Paulo] PHP Notice:  Uninitialized string offset: 0 in /domains4/tecnolab/public_html/administrator/components/com_rsform/helpers/fields/fileupload.php on line 594
[01-Feb-2023 09:47:46 America/Sao_Paulo] PHP Warning:  Illegal string offset 'error' in /domains4/tecnolab/public_html/administrator/components/com_rsform/helpers/fields/fileupload.php on line 595
[01-Feb-2023 09:47:46 America/Sao_Paulo] PHP Notice:  Uninitialized string offset: 0 in /domains4/tecnolab/public_html/administrator/components/com_rsform/helpers/fields/fileupload.php on line 595
[01-Feb-2023 09:47:46 America/Sao_Paulo] PHP Warning:  Illegal string offset 'size' in /domains4/tecnolab/public_html/administrator/components/com_rsform/helpers/fields/fileupload.php on line 596
[01-Feb-2023 09:47:46 America/Sao_Paulo] PHP Notice:  Uninitialized string offset: 0 in /domains4/tecnolab/public_html/administrator/components/com_rsform/helpers/fields/fileupload.php on line 596
[01-Feb-2023 09:47:46 America/Sao_Paulo] PHP Warning:  Illegal string offset 'name' in /domains4/tecnolab/public_html/administrator/components/com_rsform/helpers/fields/fileupload.php on line 594
[01-Feb-2023 09:47:46 America/Sao_Paulo] PHP Notice:  Uninitialized string offset: 0 in /domains4/tecnolab/public_html/administrator/components/com_rsform/helpers/fields/fileupload.php on line 594
[01-Feb-2023 09:47:46 America/Sao_Paulo] PHP Warning:  Illegal string offset 'error' in /domains4/tecnolab/public_html/administrator/components/com_rsform/helpers/fields/fileupload.php on line 595
[01-Feb-2023 09:47:46 America/Sao_Paulo] PHP Notice:  Uninitialized string offset: 0 in /domains4/tecnolab/public_html/administrator/components/com_rsform/helpers/fields/fileupload.php on line 595
[01-Feb-2023 09:47:46 America/Sao_Paulo] PHP Warning:  Illegal string offset 'size' in /domains4/tecnolab/public_html/administrator/components/com_rsform/helpers/fields/fileupload.php on line 596
[01-Feb-2023 09:47:46 America/Sao_Paulo] PHP Notice:  Uninitialized string offset: 0 in /domains4/tecnolab/public_html/administrator/components/com_rsform/helpers/fields/fileupload.php on line 596
[01-Feb-2023 09:47:46 America/Sao_Paulo] PHP Warning:  Illegal string offset 'name' in /domains4/tecnolab/public_html/administrator/components/com_rsform/helpers/fields/fileupload.php on line 594
[01-Feb-2023 09:47:46 America/Sao_Paulo] PHP Notice:  Uninitialized string offset: 0 in /domains4/tecnolab/public_html/administrator/components/com_rsform/helpers/fields/fileupload.php on line 594
[01-Feb-2023 09:47:46 America/Sao_Paulo] PHP Warning:  Illegal string offset 'error' in /domains4/tecnolab/public_html/administrator/components/com_rsform/helpers/fields/fileupload.php on line 595
[01-Feb-2023 09:47:46 America/Sao_Paulo] PHP Notice:  Uninitialized string offset: 0 in /domains4/tecnolab/public_html/administrator/components/com_rsform/helpers/fields/fileupload.php on line 595
[01-Feb-2023 09:47:46 America/Sao_Paulo] PHP Warning:  Illegal string offset 'size' in /domains4/tecnolab/public_html/administrator/components/com_rsform/helpers/fields/fileupload.php on line 596
[01-Feb-2023 09:47:46 America/Sao_Paulo] PHP Notice:  Uninitialized string offset: 0 in /domains4/tecnolab/public_html/administrator/components/com_rsform/helpers/fields/fileupload.php on line 596
[01-Feb-2023 09:47:46 America/Sao_Paulo] PHP Notice:  Trying to access array offset on value of type int in /domains4/tecnolab/public_html/administrator/components/com_rsform/helpers/fields/fileupload.php on line 594
[01-Feb-2023 09:47:46 America/Sao_Paulo] PHP Notice:  Trying to access array offset on value of type int in /domains4/tecnolab/public_html/administrator/components/com_rsform/helpers/fields/fileupload.php on line 595
[01-Feb-2023 09:47:46 America/Sao_Paulo] PHP Notice:  Trying to access array offset on value of type int in /domains4/tecnolab/public_html/administrator/components/com_rsform/helpers/fields/fileupload.php on line 596
[01-Feb-2023 09:47:46 America/Sao_Paulo] PHP Notice:  Trying to access array offset on value of type int in /domains4/tecnolab/public_html/administrator/components/com_rsform/helpers/fields/fileupload.php on line 594
[01-Feb-2023 09:47:46 America/Sao_Paulo] PHP Notice:  Trying to access array offset on value of type int in /domains4/tecnolab/public_html/administrator/components/com_rsform/helpers/fields/fileupload.php on line 595
[01-Feb-2023 09:47:46 America/Sao_Paulo] PHP Notice:  Trying to access array offset on value of type int in /domains4/tecnolab/public_html/administrator/components/com_rsform/helpers/fields/fileupload.php on line 596
[14-Feb-2023 00:08:05 America/Sao_Paulo] PHP Warning:  mysqli_real_escape_string(): Couldn't fetch mysqli in /domains4/tecnolab/public_html/libraries/joomla/database/driver/mysqli.php on line 254
[14-Feb-2023 00:08:05 America/Sao_Paulo] PHP Warning:  mysqli_errno(): Couldn't fetch mysqli in /domains4/tecnolab/public_html/libraries/joomla/database/driver/mysqli.php on line 1017
[14-Feb-2023 00:08:05 America/Sao_Paulo] PHP Warning:  mysqli_error(): Couldn't fetch mysqli in /domains4/tecnolab/public_html/libraries/joomla/database/driver/mysqli.php on line 1029
[14-Feb-2023 00:08:05 America/Sao_Paulo] PHP Warning:  mysqli_ping(): Couldn't fetch mysqli in /domains4/tecnolab/public_html/libraries/joomla/database/driver/mysqli.php on line 287
[24-Feb-2023 12:00:31 America/Sao_Paulo] PHP Warning:  mysqli_fetch_assoc() expects parameter 1 to be mysqli_result, bool given in /domains4/tecnolab/public_html/administrator/components/com_akeeba/BackupEngine/Driver/Mysqli.php on line 200
[24-Feb-2023 12:00:31 America/Sao_Paulo] PHP Warning:  mysqli_free_result() expects parameter 1 to be mysqli_result, bool given in /domains4/tecnolab/public_html/administrator/components/com_akeeba/BackupEngine/Driver/Mysqli.php on line 212
[24-Feb-2023 12:00:31 America/Sao_Paulo] PHP Warning:  mysqli_fetch_assoc() expects parameter 1 to be mysqli_result, bool given in /domains4/tecnolab/public_html/administrator/components/com_akeeba/BackupEngine/Driver/Mysqli.php on line 200
[24-Feb-2023 12:00:31 America/Sao_Paulo] PHP Warning:  mysqli_free_result() expects parameter 1 to be mysqli_result, bool given in /domains4/tecnolab/public_html/administrator/components/com_akeeba/BackupEngine/Driver/Mysqli.php on line 212
[24-Feb-2023 12:00:31 America/Sao_Paulo] PHP Warning:  mysqli_fetch_assoc() expects parameter 1 to be mysqli_result, bool given in /domains4/tecnolab/public_html/administrator/components/com_akeeba/BackupEngine/Driver/Mysqli.php on line 200
[24-Feb-2023 12:00:31 America/Sao_Paulo] PHP Warning:  mysqli_free_result() expects parameter 1 to be mysqli_result, bool given in /domains4/tecnolab/public_html/administrator/components/com_akeeba/BackupEngine/Driver/Mysqli.php on line 212
[24-Feb-2023 12:00:31 America/Sao_Paulo] PHP Warning:  mysqli_fetch_assoc() expects parameter 1 to be mysqli_result, bool given in /domains4/tecnolab/public_html/administrator/components/com_akeeba/BackupEngine/Driver/Mysqli.php on line 200
[24-Feb-2023 12:00:31 America/Sao_Paulo] PHP Warning:  mysqli_free_result() expects parameter 1 to be mysqli_result, bool given in /domains4/tecnolab/public_html/administrator/components/com_akeeba/BackupEngine/Driver/Mysqli.php on line 212
[24-Feb-2023 12:00:31 America/Sao_Paulo] PHP Warning:  mysqli_fetch_assoc() expects parameter 1 to be mysqli_result, bool given in /domains4/tecnolab/public_html/administrator/components/com_akeeba/BackupEngine/Driver/Mysqli.php on line 200
[24-Feb-2023 12:00:31 America/Sao_Paulo] PHP Warning:  mysqli_free_result() expects parameter 1 to be mysqli_result, bool given in /domains4/tecnolab/public_html/administrator/components/com_akeeba/BackupEngine/Driver/Mysqli.php on line 212
[24-Feb-2023 12:00:31 America/Sao_Paulo] PHP Warning:  mysqli_fetch_assoc() expects parameter 1 to be mysqli_result, bool given in /domains4/tecnolab/public_html/administrator/components/com_akeeba/BackupEngine/Driver/Mysqli.php on line 200
[24-Feb-2023 12:00:31 America/Sao_Paulo] PHP Warning:  mysqli_free_result() expects parameter 1 to be mysqli_result, bool given in /domains4/tecnolab/public_html/administrator/components/com_akeeba/BackupEngine/Driver/Mysqli.php on line 212
[24-Feb-2023 12:00:31 America/Sao_Paulo] PHP Warning:  Invalid argument supplied for foreach() in /domains4/tecnolab/public_html/administrator/components/com_akeeba/BackupEngine/Driver/Mysql.php on line 360
[24-Feb-2023 12:00:31 America/Sao_Paulo] PHP Warning:  mysqli_real_escape_string(): Couldn't fetch mysqli in /domains4/tecnolab/public_html/libraries/joomla/database/driver/mysqli.php on line 254
[24-Feb-2023 12:00:31 America/Sao_Paulo] PHP Warning:  mysqli_errno(): Couldn't fetch mysqli in /domains4/tecnolab/public_html/libraries/joomla/database/driver/mysqli.php on line 1017
[24-Feb-2023 12:00:31 America/Sao_Paulo] PHP Warning:  mysqli_error(): Couldn't fetch mysqli in /domains4/tecnolab/public_html/libraries/joomla/database/driver/mysqli.php on line 1029
[24-Feb-2023 12:00:31 America/Sao_Paulo] PHP Warning:  mysqli_ping(): Couldn't fetch mysqli in /domains4/tecnolab/public_html/libraries/joomla/database/driver/mysqli.php on line 287
[24-Feb-2023 12:00:31 America/Sao_Paulo] PHP Warning:  mysqli_errno() expects parameter 1 to be mysqli, bool given in /domains4/tecnolab/public_html/libraries/joomla/database/driver/mysqli.php on line 1017
[24-Feb-2023 12:00:31 America/Sao_Paulo] PHP Warning:  mysqli_error() expects parameter 1 to be mysqli, bool given in /domains4/tecnolab/public_html/libraries/joomla/database/driver/mysqli.php on line 1029
[28-Feb-2023 10:30:40 America/Sao_Paulo] PHP Notice:  Undefined offset: 1 in /domains4/tecnolab/public_html/components/com_acym/router/router.php on line 175
[28-Feb-2023 10:30:51 America/Sao_Paulo] PHP Notice:  Undefined offset: 1 in /domains4/tecnolab/public_html/components/com_acym/router/router.php on line 175
[28-Feb-2023 10:30:52 America/Sao_Paulo] PHP Notice:  Undefined offset: 1 in /domains4/tecnolab/public_html/components/com_acym/router/router.php on line 175
[28-Feb-2023 10:41:03 America/Sao_Paulo] PHP Notice:  Undefined offset: 1 in /domains4/tecnolab/public_html/components/com_acym/router/router.php on line 175
[28-Feb-2023 11:30:48 America/Sao_Paulo] PHP Notice:  Undefined offset: 1 in /domains4/tecnolab/public_html/components/com_acym/router/router.php on line 175
[13-Mar-2023 11:30:40 America/Sao_Paulo] PHP Warning:  file_get_contents(): SSL: Handshake timed out in /domains4/tecnolab/public_html/administrator/components/com_acym/libraries/joomla/file.php on line 15
[13-Mar-2023 11:30:40 America/Sao_Paulo] PHP Warning:  file_get_contents(): Failed to enable crypto in /domains4/tecnolab/public_html/administrator/components/com_acym/libraries/joomla/file.php on line 15
[13-Mar-2023 11:30:40 America/Sao_Paulo] PHP Warning:  file_get_contents(https://www.acyba.com/index.php?option=com_updateme&amp;nocache=1678717805&amp;ctrl=update&amp;task=loadUserInformation&amp;component=acymailing&amp;level=enterprise&amp;domain=https%3A%2F%2Ftecnolabs.info&amp;version=8.2.0&amp;cms=joomla&amp;cmsv=3.10.11&amp;php=7.4.33): failed to open stream: operation failed in /domains4/tecnolab/public_html/administrator/components/com_acym/libraries/joomla/file.php on line 15
[13-Mar-2023 11:30:47 America/Sao_Paulo] PHP Warning:  file_get_contents(): SSL: Handshake timed out in /domains4/tecnolab/public_html/administrator/components/com_acym/libraries/joomla/file.php on line 15
[13-Mar-2023 11:30:47 America/Sao_Paulo] PHP Warning:  file_get_contents(): Failed to enable crypto in /domains4/tecnolab/public_html/administrator/components/com_acym/libraries/joomla/file.php on line 15
[13-Mar-2023 11:30:47 America/Sao_Paulo] PHP Warning:  file_get_contents(https://www.acyba.com/index.php?option=com_updateme&amp;nocache=1678717813&amp;ctrl=update&amp;task=loadUserInformation&amp;component=acymailing&amp;level=enterprise&amp;domain=https%3A%2F%2Fwww.tecnolabs.info&amp;version=8.2.0&amp;cms=joomla&amp;cmsv=3.10.11&amp;php=7.4.33): failed to open stream: operation failed in /domains4/tecnolab/public_html/administrator/components/com_acym/libraries/joomla/file.php on line 15
[13-Mar-2023 11:31:18 America/Sao_Paulo] PHP Warning:  file_get_contents(https://www.acyba.com/index.php?option=com_updateme&amp;nocache=1678717805&amp;ctrl=integrationv6&amp;task=getAllPlugin&amp;cms=joomla): failed to open stream: Connection timed out in /domains4/tecnolab/public_html/administrator/components/com_acym/libraries/joomla/file.php on line 15
[13-Mar-2023 11:31:48 America/Sao_Paulo] PHP Warning:  fopen(https://www.acyba.com/index.php?option=com_updateme&amp;nocache=1678717805&amp;ctrl=integrationv6&amp;task=getAllPlugin&amp;cms=joomla): failed to open stream: Connection timed out in /domains4/tecnolab/public_html/administrator/components/com_acym/libraries/joomla/file.php on line 49
[13-Mar-2023 11:31:48 America/Sao_Paulo] PHP Warning:  stream_set_timeout() expects parameter 1 to be resource, bool given in /domains4/tecnolab/public_html/administrator/components/com_acym/libraries/joomla/file.php on line 51
[13-Mar-2023 11:31:48 America/Sao_Paulo] PHP Warning:  stream_get_contents() expects parameter 1 to be resource, bool given in /domains4/tecnolab/public_html/administrator/components/com_acym/libraries/joomla/file.php on line 53
[13-Mar-2023 11:32:33 America/Sao_Paulo] PHP Warning:  fopen(https://www.acyba.com/index.php?option=com_updateme&amp;nocache=1678717813&amp;ctrl=update&amp;task=loadUserInformation&amp;component=acymailing&amp;level=enterprise&amp;domain=https%3A%2F%2Fwww.tecnolabs.info&amp;version=8.2.0&amp;cms=joomla&amp;cmsv=3.10.11&amp;php=7.4.33): failed to open stream: HTTP request failed! in /domains4/tecnolab/public_html/administrator/components/com_acym/libraries/joomla/file.php on line 49
[13-Mar-2023 11:32:33 America/Sao_Paulo] PHP Warning:  stream_set_timeout() expects parameter 1 to be resource, bool given in /domains4/tecnolab/public_html/administrator/components/com_acym/libraries/joomla/file.php on line 51
[13-Mar-2023 11:32:33 America/Sao_Paulo] PHP Warning:  stream_get_contents() expects parameter 1 to be resource, bool given in /domains4/tecnolab/public_html/administrator/components/com_acym/libraries/joomla/file.php on line 53
[28-Mar-2023 22:20:22 America/Sao_Paulo] PHP Warning:  file_put_contents(/domains4/tecnolab/public_html/cache/plg_system_rsseo/bbbeab27fcddbbfa283e37d878acf1a4.js): failed to open stream: No such file or directory in /domains4/tecnolab/public_html/plugins/system/rsseo/helpers/optimizer.php on line 222
[29-Apr-2023 11:49:30 America/Sao_Paulo] PHP Warning:  file_put_contents(/domains4/tecnolab/public_html/cache/plg_system_rsseo/8f5957f4c0e2fb348092af248fe58a50.js): failed to open stream: No such file or directory in /domains4/tecnolab/public_html/plugins/system/rsseo/helpers/optimizer.php on line 222
[05-May-2023 10:21:49 America/Sao_Paulo] PHP Notice:  Undefined offset: 1 in /domains4/tecnolab/public_html/components/com_acym/router/router.php on line 177
[05-May-2023 10:39:51 America/Sao_Paulo] PHP Notice:  Undefined offset: 1 in /domains4/tecnolab/public_html/components/com_acym/router/router.php on line 177
[29-May-2023 17:08:31 America/Sao_Paulo] PHP Warning:  imageistruecolor() expects parameter 1 to be resource, bool given in /domains4/tecnolab/public_html/plugins/system/rsseo/rsseo.php on line 777
[29-May-2023 17:08:31 America/Sao_Paulo] PHP Warning:  imagepalettetotruecolor() expects parameter 1 to be resource, bool given in /domains4/tecnolab/public_html/plugins/system/rsseo/rsseo.php on line 778
[29-May-2023 17:08:31 America/Sao_Paulo] PHP Warning:  imageistruecolor() expects parameter 1 to be resource, bool given in /domains4/tecnolab/public_html/plugins/system/rsseo/rsseo.php on line 777
[29-May-2023 17:08:31 America/Sao_Paulo] PHP Warning:  imagepalettetotruecolor() expects parameter 1 to be resource, bool given in /domains4/tecnolab/public_html/plugins/system/rsseo/rsseo.php on line 778
[29-May-2023 17:08:31 America/Sao_Paulo] PHP Warning:  imageistruecolor() expects parameter 1 to be resource, bool given in /domains4/tecnolab/public_html/plugins/system/rsseo/rsseo.php on line 777
[29-May-2023 17:08:31 America/Sao_Paulo] PHP Warning:  imagepalettetotruecolor() expects parameter 1 to be resource, bool given in /domains4/tecnolab/public_html/plugins/system/rsseo/rsseo.php on line 778
[29-May-2023 17:08:37 America/Sao_Paulo] PHP Warning:  imageistruecolor() expects parameter 1 to be resource, bool given in /domains4/tecnolab/public_html/plugins/system/rsseo/rsseo.php on line 777
[29-May-2023 17:08:37 America/Sao_Paulo] PHP Warning:  imagepalettetotruecolor() expects parameter 1 to be resource, bool given in /domains4/tecnolab/public_html/plugins/system/rsseo/rsseo.php on line 778
[29-May-2023 17:08:37 America/Sao_Paulo] PHP Warning:  imageistruecolor() expects parameter 1 to be resource, bool given in /domains4/tecnolab/public_html/plugins/system/rsseo/rsseo.php on line 777
[29-May-2023 17:08:37 America/Sao_Paulo] PHP Warning:  imagepalettetotruecolor() expects parameter 1 to be resource, bool given in /domains4/tecnolab/public_html/plugins/system/rsseo/rsseo.php on line 778
[29-May-2023 17:08:37 America/Sao_Paulo] PHP Warning:  imageistruecolor() expects parameter 1 to be resource, bool given in /domains4/tecnolab/public_html/plugins/system/rsseo/rsseo.php on line 777
[29-May-2023 17:08:37 America/Sao_Paulo] PHP Warning:  imagepalettetotruecolor() expects parameter 1 to be resource, bool given in /domains4/tecnolab/public_html/plugins/system/rsseo/rsseo.php on line 778
[29-May-2023 22:07:52 America/Sao_Paulo] PHP Warning:  imageistruecolor() expects parameter 1 to be resource, bool given in /domains4/tecnolab/public_html/plugins/system/rsseo/rsseo.php on line 777
[29-May-2023 22:07:52 America/Sao_Paulo] PHP Warning:  imagepalettetotruecolor() expects parameter 1 to be resource, bool given in /domains4/tecnolab/public_html/plugins/system/rsseo/rsseo.php on line 778
[29-May-2023 22:07:52 America/Sao_Paulo] PHP Warning:  imageistruecolor() expects parameter 1 to be resource, bool given in /domains4/tecnolab/public_html/plugins/system/rsseo/rsseo.php on line 777
[29-May-2023 22:07:52 America/Sao_Paulo] PHP Warning:  imagepalettetotruecolor() expects parameter 1 to be resource, bool given in /domains4/tecnolab/public_html/plugins/system/rsseo/rsseo.php on line 778
[29-May-2023 22:07:52 America/Sao_Paulo] PHP Warning:  imageistruecolor() expects parameter 1 to be resource, bool given in /domains4/tecnolab/public_html/plugins/system/rsseo/rsseo.php on line 777
[29-May-2023 22:07:52 America/Sao_Paulo] PHP Warning:  imagepalettetotruecolor() expects parameter 1 to be resource, bool given in /domains4/tecnolab/public_html/plugins/system/rsseo/rsseo.php on line 778
[29-May-2023 22:07:52 America/Sao_Paulo] PHP Warning:  imageistruecolor() expects parameter 1 to be resource, bool given in /domains4/tecnolab/public_html/plugins/system/rsseo/rsseo.php on line 777
[29-May-2023 22:07:52 America/Sao_Paulo] PHP Warning:  imagepalettetotruecolor() expects parameter 1 to be resource, bool given in /domains4/tecnolab/public_html/plugins/system/rsseo/rsseo.php on line 778
[29-May-2023 22:07:52 America/Sao_Paulo] PHP Warning:  imageistruecolor() expects parameter 1 to be resource, bool given in /domains4/tecnolab/public_html/plugins/system/rsseo/rsseo.php on line 777
[29-May-2023 22:07:52 America/Sao_Paulo] PHP Warning:  imagepalettetotruecolor() expects parameter 1 to be resource, bool given in /domains4/tecnolab/public_html/plugins/system/rsseo/rsseo.php on line 778
[29-May-2023 22:07:52 America/Sao_Paulo] PHP Warning:  imageistruecolor() expects parameter 1 to be resource, bool given in /domains4/tecnolab/public_html/plugins/system/rsseo/rsseo.php on line 777
[29-May-2023 22:07:52 America/Sao_Paulo] PHP Warning:  imagepalettetotruecolor() expects parameter 1 to be resource, bool given in /domains4/tecnolab/public_html/plugins/system/rsseo/rsseo.php on line 778
[29-May-2023 22:07:52 America/Sao_Paulo] PHP Warning:  imageistruecolor() expects parameter 1 to be resource, bool given in /domains4/tecnolab/public_html/plugins/system/rsseo/rsseo.php on line 777
[29-May-2023 22:07:52 America/Sao_Paulo] PHP Warning:  imagepalettetotruecolor() expects parameter 1 to be resource, bool given in /domains4/tecnolab/public_html/plugins/system/rsseo/rsseo.php on line 778
[29-May-2023 22:07:52 America/Sao_Paulo] PHP Warning:  imageistruecolor() expects parameter 1 to be resource, bool given in /domains4/tecnolab/public_html/plugins/system/rsseo/rsseo.php on line 777
[29-May-2023 22:07:52 America/Sao_Paulo] PHP Warning:  imagepalettetotruecolor() expects parameter 1 to be resource, bool given in /domains4/tecnolab/public_html/plugins/system/rsseo/rsseo.php on line 778
[29-May-2023 22:07:52 America/Sao_Paulo] PHP Warning:  imageistruecolor() expects parameter 1 to be resource, bool given in /domains4/tecnolab/public_html/plugins/system/rsseo/rsseo.php on line 777
[29-May-2023 22:07:52 America/Sao_Paulo] PHP Warning:  imagepalettetotruecolor() expects parameter 1 to be resource, bool given in /domains4/tecnolab/public_html/plugins/system/rsseo/rsseo.php on line 778
[29-May-2023 22:07:58 America/Sao_Paulo] PHP Warning:  imageistruecolor() expects parameter 1 to be resource, bool given in /domains4/tecnolab/public_html/plugins/system/rsseo/rsseo.php on line 777
[29-May-2023 22:07:58 America/Sao_Paulo] PHP Warning:  imagepalettetotruecolor() expects parameter 1 to be resource, bool given in /domains4/tecnolab/public_html/plugins/system/rsseo/rsseo.php on line 778
[29-May-2023 22:07:58 America/Sao_Paulo] PHP Warning:  imageistruecolor() expects parameter 1 to be resource, bool given in /domains4/tecnolab/public_html/plugins/system/rsseo/rsseo.php on line 777
[29-May-2023 22:07:58 America/Sao_Paulo] PHP Warning:  imagepalettetotruecolor() expects parameter 1 to be resource, bool given in /domains4/tecnolab/public_html/plugins/system/rsseo/rsseo.php on line 778
[29-May-2023 22:07:58 America/Sao_Paulo] PHP Warning:  imageistruecolor() expects parameter 1 to be resource, bool given in /domains4/tecnolab/public_html/plugins/system/rsseo/rsseo.php on line 777
[29-May-2023 22:07:58 America/Sao_Paulo] PHP Warning:  imagepalettetotruecolor() expects parameter 1 to be resource, bool given in /domains4/tecnolab/public_html/plugins/system/rsseo/rsseo.php on line 778
[29-May-2023 22:07:58 America/Sao_Paulo] PHP Warning:  imageistruecolor() expects parameter 1 to be resource, bool given in /domains4/tecnolab/public_html/plugins/system/rsseo/rsseo.php on line 777
[29-May-2023 22:07:58 America/Sao_Paulo] PHP Warning:  imagepalettetotruecolor() expects parameter 1 to be resource, bool given in /domains4/tecnolab/public_html/plugins/system/rsseo/rsseo.php on line 778
[29-May-2023 22:07:58 America/Sao_Paulo] PHP Warning:  imageistruecolor() expects parameter 1 to be resource, bool given in /domains4/tecnolab/public_html/plugins/system/rsseo/rsseo.php on line 777
[29-May-2023 22:07:58 America/Sao_Paulo] PHP Warning:  imagepalettetotruecolor() expects parameter 1 to be resource, bool given in /domains4/tecnolab/public_html/plugins/system/rsseo/rsseo.php on line 778
[29-May-2023 22:07:58 America/Sao_Paulo] PHP Warning:  imageistruecolor() expects parameter 1 to be resource, bool given in /domains4/tecnolab/public_html/plugins/system/rsseo/rsseo.php on line 777
[29-May-2023 22:07:58 America/Sao_Paulo] PHP Warning:  imagepalettetotruecolor() expects parameter 1 to be resource, bool given in /domains4/tecnolab/public_html/plugins/system/rsseo/rsseo.php on line 778
[29-May-2023 22:07:58 America/Sao_Paulo] PHP Warning:  imageistruecolor() expects parameter 1 to be resource, bool given in /domains4/tecnolab/public_html/plugins/system/rsseo/rsseo.php on line 777
[29-May-2023 22:07:58 America/Sao_Paulo] PHP Warning:  imagepalettetotruecolor() expects parameter 1 to be resource, bool given in /domains4/tecnolab/public_html/plugins/system/rsseo/rsseo.php on line 778
[29-May-2023 22:07:58 America/Sao_Paulo] PHP Warning:  imageistruecolor() expects parameter 1 to be resource, bool given in /domains4/tecnolab/public_html/plugins/system/rsseo/rsseo.php on line 777
[29-May-2023 22:07:58 America/Sao_Paulo] PHP Warning:  imagepalettetotruecolor() expects parameter 1 to be resource, bool given in /domains4/tecnolab/public_html/plugins/system/rsseo/rsseo.php on line 778
[29-May-2023 22:07:58 America/Sao_Paulo] PHP Warning:  imageistruecolor() expects parameter 1 to be resource, bool given in /domains4/tecnolab/public_html/plugins/system/rsseo/rsseo.php on line 777
[29-May-2023 22:07:58 America/Sao_Paulo] PHP Warning:  imagepalettetotruecolor() expects parameter 1 to be resource, bool given in /domains4/tecnolab/public_html/plugins/system/rsseo/rsseo.php on line 778
[29-May-2023 22:08:55 America/Sao_Paulo] PHP Warning:  imageistruecolor() expects parameter 1 to be resource, bool given in /domains4/tecnolab/public_html/plugins/system/rsseo/rsseo.php on line 777
[29-May-2023 22:08:55 America/Sao_Paulo] PHP Warning:  imagepalettetotruecolor() expects parameter 1 to be resource, bool given in /domains4/tecnolab/public_html/plugins/system/rsseo/rsseo.php on line 778
[29-May-2023 22:08:55 America/Sao_Paulo] PHP Warning:  imageistruecolor() expects parameter 1 to be resource, bool given in /domains4/tecnolab/public_html/plugins/system/rsseo/rsseo.php on line 777
[29-May-2023 22:08:55 America/Sao_Paulo] PHP Warning:  imagepalettetotruecolor() expects parameter 1 to be resource, bool given in /domains4/tecnolab/public_html/plugins/system/rsseo/rsseo.php on line 778
[29-May-2023 22:08:55 America/Sao_Paulo] PHP Warning:  imageistruecolor() expects parameter 1 to be resource, bool given in /domains4/tecnolab/public_html/plugins/system/rsseo/rsseo.php on line 777
[29-May-2023 22:08:55 America/Sao_Paulo] PHP Warning:  imagepalettetotruecolor() expects parameter 1 to be resource, bool given in /domains4/tecnolab/public_html/plugins/system/rsseo/rsseo.php on line 778
[29-May-2023 22:08:55 America/Sao_Paulo] PHP Warning:  imageistruecolor() expects parameter 1 to be resource, bool given in /domains4/tecnolab/public_html/plugins/system/rsseo/rsseo.php on line 777
[29-May-2023 22:08:55 America/Sao_Paulo] PHP Warning:  imagepalettetotruecolor() expects parameter 1 to be resource, bool given in /domains4/tecnolab/public_html/plugins/system/rsseo/rsseo.php on line 778
[29-May-2023 22:08:55 America/Sao_Paulo] PHP Warning:  imageistruecolor() expects parameter 1 to be resource, bool given in /domains4/tecnolab/public_html/plugins/system/rsseo/rsseo.php on line 777
[29-May-2023 22:08:55 America/Sao_Paulo] PHP Warning:  imagepalettetotruecolor() expects parameter 1 to be resource, bool given in /domains4/tecnolab/public_html/plugins/system/rsseo/rsseo.php on line 778
[29-May-2023 22:08:55 America/Sao_Paulo] PHP Warning:  imageistruecolor() expects parameter 1 to be resource, bool given in /domains4/tecnolab/public_html/plugins/system/rsseo/rsseo.php on line 777
[29-May-2023 22:08:55 America/Sao_Paulo] PHP Warning:  imagepalettetotruecolor() expects parameter 1 to be resource, bool given in /domains4/tecnolab/public_html/plugins/system/rsseo/rsseo.php on line 778
[29-May-2023 22:08:55 America/Sao_Paulo] PHP Warning:  imageistruecolor() expects parameter 1 to be resource, bool given in /domains4/tecnolab/public_html/plugins/system/rsseo/rsseo.php on line 777
[29-May-2023 22:08:55 America/Sao_Paulo] PHP Warning:  imagepalettetotruecolor() expects parameter 1 to be resource, bool given in /domains4/tecnolab/public_html/plugins/system/rsseo/rsseo.php on line 778
[29-May-2023 22:08:55 America/Sao_Paulo] PHP Warning:  imageistruecolor() expects parameter 1 to be resource, bool given in /domains4/tecnolab/public_html/plugins/system/rsseo/rsseo.php on line 777
[29-May-2023 22:08:55 America/Sao_Paulo] PHP Warning:  imagepalettetotruecolor() expects parameter 1 to be resource, bool given in /domains4/tecnolab/public_html/plugins/system/rsseo/rsseo.php on line 778
[08-Jun-2023 11:03:26 America/Sao_Paulo] PHP Warning:  file_put_contents(/domains4/tecnolab/public_html/cache/plg_system_rsseo/624070a950c1b4389d6076b350b60dd7.js): failed to open stream: No such file or directory in /domains4/tecnolab/public_html/plugins/system/rsseo/helpers/optimizer.php on line 222
[22-Jun-2023 11:37:48 America/Sao_Paulo] PHP Warning:  file_put_contents(/domains4/tecnolab/public_html/cache/plg_system_rsseo/4e79ff32003c8d0aae0631396f68c6e3.js): failed to open stream: No such file or directory in /domains4/tecnolab/public_html/plugins/system/rsseo/helpers/optimizer.php on line 222
