

******************** 04 julho 2022 12:40 UTC ********************
AcyMailing Disparado em 04 julho 2022 09:39
1 campanha (s) programada (s)
70 mensagens processadas: 70 com sucesso, 0 falharam
---- Details ----
231 emails foram adicionados à fila para a Campanha Agendada <b>Acompanhamento de Obras - Drone | Julho 2022</b>
[ ID 85] Mensagem Acompanhando sua obra! enviada com sucesso para erifsgomes@gmail.com
[ ID 85] Mensagem Acompanhando sua obra! enviada com sucesso para atendimento@plataformaengenharia.com
[ ID 85] Mensagem Acompanhando sua obra! enviada com sucesso para contato@interativoengenharia.com
[ ID 85] Mensagem Acompanhando sua obra! enviada com sucesso para ct.engenharia@hotmail.com
[ ID 85] Mensagem Acompanhando sua obra! enviada com sucesso para contato@northengenharia.com.br
[ ID 85] Mensagem Acompanhando sua obra! enviada com sucesso para contato@solidaengenharia-al.com.br
[ ID 85] Mensagem Acompanhando sua obra! enviada com sucesso para contato@planjetar.com.br
[ ID 85] Mensagem Acompanhando sua obra! enviada com sucesso para cguilhermino@gmail.com
[ ID 85] Mensagem Acompanhando sua obra! enviada com sucesso para contato@solidez-al.com.br
[ ID 85] Mensagem Acompanhando sua obra! enviada com sucesso para engenharq@engenharq.com.br
[ ID 85] Mensagem Acompanhando sua obra! enviada com sucesso para comercial@fortexengenharia.com.br
[ ID 85] Mensagem Acompanhando sua obra! enviada com sucesso para v2@v2construcoes.com.br
[ ID 85] Mensagem Acompanhando sua obra! enviada com sucesso para assistencia@colil.com.br
[ ID 85] Mensagem Acompanhando sua obra! enviada com sucesso para contato@p2eengenharia.com.br
[ ID 85] Mensagem Acompanhando sua obra! enviada com sucesso para calcular@calcular.eng.br
[ ID 85] Mensagem Acompanhando sua obra! enviada com sucesso para CONTATO@ZETAESTRUTURAL.COM.BR
[ ID 85] Mensagem Acompanhando sua obra! enviada com sucesso para m2lt@m2lt.com.br
[ ID 85] Mensagem Acompanhando sua obra! enviada com sucesso para engenharia@nassarengenharia.com.br
[ ID 85] Mensagem Acompanhando sua obra! enviada com sucesso para projetar@gprojetar.com.br
[ ID 85] Mensagem Acompanhando sua obra! enviada com sucesso para abece@abece.com.br
[ ID 85] Mensagem Acompanhando sua obra! enviada com sucesso para uchoa@uchoaconstrucoes.com.br
[ ID 85] Mensagem Acompanhando sua obra! enviada com sucesso para contato@engenhariademateriaisltda.com.br
[ ID 85] Mensagem Acompanhando sua obra! enviada com sucesso para engenharia@laresconstrucoes.com.br
[ ID 85] Mensagem Acompanhando sua obra! enviada com sucesso para contato@marroquim.com.br
[ ID 85] Mensagem Acompanhando sua obra! enviada com sucesso para faleconosco@mouradubeux.com.br
[ ID 85] Mensagem Acompanhando sua obra! enviada com sucesso para COMERCIAL@PRECOL.COM.BR
[ ID 85] Mensagem Acompanhando sua obra! enviada com sucesso para contato@primeincorporacoes.com.br
[ ID 85] Mensagem Acompanhando sua obra! enviada com sucesso para contato@recordinc.com.br
[ ID 85] Mensagem Acompanhando sua obra! enviada com sucesso para sac@reycon.com.br
[ ID 85] Mensagem Acompanhando sua obra! enviada com sucesso para contato@tetoplanejamento.com.br
[ ID 85] Mensagem Acompanhando sua obra! enviada com sucesso para comercial@consencoedificacoes.com.br
[ ID 85] Mensagem Acompanhando sua obra! enviada com sucesso para construtorapenedo@hotmail.com
[ ID 85] Mensagem Acompanhando sua obra! enviada com sucesso para contato@construtorasauer-al.com.br
[ ID 85] Mensagem Acompanhando sua obra! enviada com sucesso para contrato@contratoengenharia.com.br
[ ID 85] Mensagem Acompanhando sua obra! enviada com sucesso para comercial@conyeng.com.br
[ ID 85] Mensagem Acompanhando sua obra! enviada com sucesso para administrativo@decisaoengenharia-al.com.br
[ ID 85] Mensagem Acompanhando sua obra! enviada com sucesso para contato@dltengenharia.com.br
[ ID 85] Mensagem Acompanhando sua obra! enviada com sucesso para vitor@monsantoengenharia.com.br
[ ID 85] Mensagem Acompanhando sua obra! enviada com sucesso para delman.mcz@delman.com.br
[ ID 85] Mensagem Acompanhando sua obra! enviada com sucesso para relacionamento@aljosconstrutora.com.br
[ ID 85] Mensagem Acompanhando sua obra! enviada com sucesso para rsconstrutoraltda@hotmail.com
[ ID 85] Mensagem Acompanhando sua obra! enviada com sucesso para contato@am3engenharia.com.br
[ ID 85] Mensagem Acompanhando sua obra! enviada com sucesso para sapaulista@sapaulista.com.br
[ ID 85] Mensagem Acompanhando sua obra! enviada com sucesso para atendimento@rpontes.com.br
[ ID 85] Mensagem Acompanhando sua obra! enviada com sucesso para denison@dltengenharia.com.br
[ ID 85] Mensagem Acompanhando sua obra! enviada com sucesso para lokcerto@planoaengenharia.com.br
[ ID 85] Mensagem Acompanhando sua obra! enviada com sucesso para contato@arqnorm.com
[ ID 85] Mensagem Acompanhando sua obra! enviada com sucesso para duoconstrucoes@hotmail.com
[ ID 85] Mensagem Acompanhando sua obra! enviada com sucesso para contato.arcinline@gmail.com
[ ID 85] Mensagem Acompanhando sua obra! enviada com sucesso para soteli.al@hotmail.com
[ ID 85] Mensagem Acompanhando sua obra! enviada com sucesso para contato@ritzincorporacoes.com.br
[ ID 85] Mensagem Acompanhando sua obra! enviada com sucesso para thays@razaoempreendimentos.com.br
[ ID 85] Mensagem Acompanhando sua obra! enviada com sucesso para contato@podiumengenharia.com
[ ID 85] Mensagem Acompanhando sua obra! enviada com sucesso para engenharia@rmoreiraconstrucoes.com.br
[ ID 85] Mensagem Acompanhando sua obra! enviada com sucesso para diretoria@domnaengenharia.com.br
[ ID 85] Mensagem Acompanhando sua obra! enviada com sucesso para CONSTRUTORA@VITTRE.COM.BR
[ ID 85] Mensagem Acompanhando sua obra! enviada com sucesso para atendimento@mmeparavoce.com.br
[ ID 85] Mensagem Acompanhando sua obra! enviada com sucesso para curriculo.ecopar@gmail.com
[ ID 85] Mensagem Acompanhando sua obra! enviada com sucesso para santafengenharia@gmail.com
[ ID 85] Mensagem Acompanhando sua obra! enviada com sucesso para suprimentos@sancoengenharia.com.br
[ ID 85] Mensagem Acompanhando sua obra! enviada com sucesso para lizandro@engenharq.com.br
[ ID 85] Mensagem Acompanhando sua obra! enviada com sucesso para engenharia@v2construcoes.com.br
[ ID 85] Mensagem Acompanhando sua obra! enviada com sucesso para comercial@telesilengenharia.com.br
[ ID 85] Mensagem Acompanhando sua obra! enviada com sucesso para hugo@colil.com.br
[ ID 85] Mensagem Acompanhando sua obra! enviada com sucesso para felipe@uchoaconstrucoes.com.br
[ ID 85] Mensagem Acompanhando sua obra! enviada com sucesso para lucas@dltengenharia.com.br
[ ID 85] Mensagem Acompanhando sua obra! enviada com sucesso para raphael@ecoparengenharia.com.br
[ ID 85] Mensagem Acompanhando sua obra! enviada com sucesso para compras@sapaulista.com.br
[ ID 85] Mensagem Acompanhando sua obra! enviada com sucesso para contato@cavalcantepeixoto.com
[ ID 85] Mensagem Acompanhando sua obra! enviada com sucesso para contato@greenbrasil.eng.br

******************** 04 julho 2022 12:50 UTC ********************
AcyMailing Disparado em 04 julho 2022 09:49
70 mensagens processadas: 70 com sucesso, 0 falharam
---- Details ----
[ ID 85] Mensagem Acompanhando sua obra! enviada com sucesso para diretoriacomercial@concretoamorimconstrucoes.com.br
[ ID 85] Mensagem Acompanhando sua obra! enviada com sucesso para diretoria@conengeengenharia.com.br
[ ID 85] Mensagem Acompanhando sua obra! enviada com sucesso para contato@contemporaneaconstrucoes.com.br
[ ID 85] Mensagem Acompanhando sua obra! enviada com sucesso para contato@rochaltda.com.br
[ ID 85] Mensagem Acompanhando sua obra! enviada com sucesso para atendimento@toledocabral.com.br
[ ID 85] Mensagem Acompanhando sua obra! enviada com sucesso para enengi@enengi.com.br
[ ID 85] Mensagem Acompanhando sua obra! enviada com sucesso para jcamendonca@hotmail.com
[ ID 85] Mensagem Acompanhando sua obra! enviada com sucesso para luciano.barros@limpel.com.br
[ ID 85] Mensagem Acompanhando sua obra! enviada com sucesso para wagnercabralengenharia@hotmail.com
[ ID 85] Mensagem Acompanhando sua obra! enviada com sucesso para sanco@sancoengenharia.com.br
[ ID 85] Mensagem Acompanhando sua obra! enviada com sucesso para g.lcerutti@ceruttiengenharia.com.br
[ ID 85] Mensagem Acompanhando sua obra! enviada com sucesso para lares@laresconstrucoes.com.br
[ ID 85] Mensagem Acompanhando sua obra! enviada com sucesso para maucon.al@uol.com.br
[ ID 85] Mensagem Acompanhando sua obra! enviada com sucesso para carlos.andre@pactoengenharia.com
[ ID 85] Mensagem Acompanhando sua obra! enviada com sucesso para flivio@planoaengenharia.com.br
[ ID 85] Mensagem Acompanhando sua obra! enviada com sucesso para moises.diretoria@precol.com.br
[ ID 85] Mensagem Acompanhando sua obra! enviada com sucesso para contato@construtorapenedo.com.br
[ ID 85] Mensagem Acompanhando sua obra! enviada com sucesso para atendimento@construtorasauer-al.com.br
[ ID 85] Mensagem Acompanhando sua obra! enviada com sucesso para atendimento@consencoedificacoes.com.br
[ ID 85] Mensagem Acompanhando sua obra! enviada com sucesso para contato@amecengenhariaeconsultoria.com.br
[ ID 85] Mensagem Acompanhando sua obra! enviada com sucesso para construtorahf@hotmail.com
[ ID 85] Mensagem Acompanhando sua obra! enviada com sucesso para merito.al@uol.com.br
[ ID 85] Mensagem Acompanhando sua obra! enviada com sucesso para contato@emempreendimentos.com.br
[ ID 85] Mensagem Acompanhando sua obra! enviada com sucesso para pedro.henrique@meurocha.com.br
[ ID 85] Mensagem Acompanhando sua obra! enviada com sucesso para jefferson.aquino@meurocha.com.br
[ ID 85] Mensagem Acompanhando sua obra! enviada com sucesso para bruno@meurocha.com.br
[ ID 85] Mensagem Acompanhando sua obra! enviada com sucesso para layla.freitas@engeseg.net
[ ID 85] Mensagem Acompanhando sua obra! enviada com sucesso para vanessadias@vdconsultoria.com.br
[ ID 85] Mensagem Acompanhando sua obra! enviada com sucesso para gilvan.firmino@tpfe.com.br
[ ID 85] Mensagem Acompanhando sua obra! enviada com sucesso para fabio.carvalho@tpfe.com.br
[ ID 85] Mensagem Acompanhando sua obra! enviada com sucesso para lyvia.gama@tpfe.com.br
[ ID 85] Mensagem Acompanhando sua obra! enviada com sucesso para compras@plataformaengenharia.com
[ ID 85] Mensagem Acompanhando sua obra! enviada com sucesso para cinthya.gleise@meurocha.com.br
[ ID 85] Mensagem Acompanhando sua obra! enviada com sucesso para financeiro@fortexengenharia.com.br
[ ID 85] Mensagem Acompanhando sua obra! enviada com sucesso para luiz@colil.com.br
[ ID 85] Mensagem Acompanhando sua obra! enviada com sucesso para suprimentos@tphengenharia.com.br
[ ID 85] Mensagem Acompanhando sua obra! enviada com sucesso para compras@coutinhoincorporacoes.com.br
[ ID 85] Mensagem Acompanhando sua obra! enviada com sucesso para contato@esencengenharia.com.br
[ ID 85] Mensagem Acompanhando sua obra! enviada com sucesso para grazielle@construtoranerimartins.com.br
[ ID 85] Mensagem Acompanhando sua obra! enviada com sucesso para guilherme@contratoengenharia.com.br
[ ID 85] Mensagem Acompanhando sua obra! enviada com sucesso para valcy@consencoedificacoes.com.br
[ ID 85] Mensagem Acompanhando sua obra! enviada com sucesso para carltney@conyeng.com.br
[ ID 85] Mensagem Acompanhando sua obra! enviada com sucesso para compras1@ecoparengenharia.com.br
[ ID 85] Mensagem Acompanhando sua obra! enviada com sucesso para ricardo@razaoempreendimentos.com.br
[ ID 85] Mensagem Acompanhando sua obra! enviada com sucesso para lopesquintinoengenharia@gmail.com
[ ID 85] Mensagem Acompanhando sua obra! enviada com sucesso para taisa@dbn.eng.br
[ ID 85] Mensagem Acompanhando sua obra! enviada com sucesso para contato@mhrengenharia.com.br
[ ID 85] Mensagem Acompanhando sua obra! enviada com sucesso para anderson@renovesolucoes.eng.br
[ ID 85] Mensagem Acompanhando sua obra! enviada com sucesso para comercial@marcanteeng.com.br
[ ID 85] Mensagem Acompanhando sua obra! enviada com sucesso para arq@suassunafernandes.com.br
[ ID 85] Mensagem Acompanhando sua obra! enviada com sucesso para compras@suassunafernandes.com.br
[ ID 85] Mensagem Acompanhando sua obra! enviada com sucesso para ivo.amorim@taboadanegocios.com
[ ID 85] Mensagem Acompanhando sua obra! enviada com sucesso para nelson.bezerra@taboadanegocios.com
[ ID 85] Mensagem Acompanhando sua obra! enviada com sucesso para compras@emempreendimentos.com.br
[ ID 85] Mensagem Acompanhando sua obra! enviada com sucesso para douglasglempreendimentos@gmail.com
[ ID 85] Mensagem Acompanhando sua obra! enviada com sucesso para niraldosidneysilva@hotmail.com
[ ID 85] Mensagem Acompanhando sua obra! enviada com sucesso para engenheiro2.rpontes@gmail.com
[ ID 85] Mensagem Acompanhando sua obra! enviada com sucesso para compras@rpontes.com.br
[ ID 85] Mensagem Acompanhando sua obra! enviada com sucesso para luizdanielhonorato@gmail.com
[ ID 85] Mensagem Acompanhando sua obra! enviada com sucesso para nathan@northengenharia.com.br
[ ID 85] Mensagem Acompanhando sua obra! enviada com sucesso para michell@panoramia.com.br
[ ID 85] Mensagem Acompanhando sua obra! enviada com sucesso para aleson.pinto@construtoravertical.com.br
[ ID 85] Mensagem Acompanhando sua obra! enviada com sucesso para christiana.morais@construtoravertical.com.br
[ ID 85] Mensagem Acompanhando sua obra! enviada com sucesso para tomaz.rocha@construtoravertical.com.br
[ ID 85] Mensagem Acompanhando sua obra! enviada com sucesso para compras@toledocabral.com.br
[ ID 85] Mensagem Acompanhando sua obra! enviada com sucesso para eliza.oliveira@meurocha.com.br
[ ID 85] Mensagem Acompanhando sua obra! enviada com sucesso para luiza.carvalho@meurocha.com.br
[ ID 85] Mensagem Acompanhando sua obra! enviada com sucesso para contato@coutinhoincorporacoes.com.br
[ ID 85] Mensagem Acompanhando sua obra! enviada com sucesso para engenharia@coutinhoincorporacoes.com.br
[ ID 85] Mensagem Acompanhando sua obra! enviada com sucesso para projetos@gusmaopassos.com.br

******************** 04 julho 2022 13:00 UTC ********************
AcyMailing Disparado em 04 julho 2022 09:59
70 mensagens processadas: 70 com sucesso, 0 falharam
---- Details ----
[ ID 85] Mensagem Acompanhando sua obra! enviada com sucesso para compras@laresconstrucoes.com.br
[ ID 85] Mensagem Acompanhando sua obra! enviada com sucesso para marianoteixeiraarq@gmail.com
[ ID 85] Mensagem Acompanhando sua obra! enviada com sucesso para compras@v2construcoes.com.br
[ ID 85] Mensagem Acompanhando sua obra! enviada com sucesso para rodrigomayaaragao@gmail.com
[ ID 85] Mensagem Acompanhando sua obra! enviada com sucesso para colil@colil.com.br
[ ID 85] Mensagem Acompanhando sua obra! enviada com sucesso para compras@delman.com.br
[ ID 85] Mensagem Acompanhando sua obra! enviada com sucesso para recepcao.mcz@delman.com.br
[ ID 85] Mensagem Acompanhando sua obra! enviada com sucesso para walter@delman.com.br
[ ID 85] Mensagem Acompanhando sua obra! enviada com sucesso para edalmolobo@yahoo.com.br
[ ID 85] Mensagem Acompanhando sua obra! enviada com sucesso para edcleide@dltengenharia.com.br
[ ID 85] Mensagem Acompanhando sua obra! enviada com sucesso para tulio@delman.com.br
[ ID 85] Mensagem Acompanhando sua obra! enviada com sucesso para fabianoalmoxarife@gmail.com
[ ID 85] Mensagem Acompanhando sua obra! enviada com sucesso para marcos@uchoaconstrucoes.com.br
[ ID 85] Mensagem Acompanhando sua obra! enviada com sucesso para compras@decisaoengenharia-al.com.br
[ ID 85] Mensagem Acompanhando sua obra! enviada com sucesso para elias@contemporaneaconstrucoes.com.br
[ ID 85] Mensagem Acompanhando sua obra! enviada com sucesso para wellington@contemporaneaconstrucoes.com.br
[ ID 85] Mensagem Acompanhando sua obra! enviada com sucesso para duartearquitetura@hotmail.com
[ ID 85] Mensagem Acompanhando sua obra! enviada com sucesso para diego@consencoedificacoes.com.br
[ ID 85] Mensagem Acompanhando sua obra! enviada com sucesso para suprimentos@recordinc.com.br
[ ID 85] Mensagem Acompanhando sua obra! enviada com sucesso para diogo.lucas@recordinc.com.br
[ ID 85] Mensagem Acompanhando sua obra! enviada com sucesso para compras@castanhel.com.br
[ ID 85] Mensagem Acompanhando sua obra! enviada com sucesso para josyane@telesilengenharia.com.br
[ ID 85] Mensagem Acompanhando sua obra! enviada com sucesso para nicolas@telesilengenharia.com.br
[ ID 85] Mensagem Acompanhando sua obra! enviada com sucesso para rafael@telesilengenharia.com.br
[ ID 85] Mensagem Acompanhando sua obra! enviada com sucesso para flavio@havan.com.br
[ ID 85] Mensagem Acompanhando sua obra! enviada com sucesso para engenharia@havan.com.br
[ ID 85] Mensagem Acompanhando sua obra! enviada com sucesso para juliane.galler@havan.com.br
[ ID 85] Mensagem Acompanhando sua obra! enviada com sucesso para robson.jsilva@mrv.com.br
[ ID 85] Mensagem Acompanhando sua obra! enviada com sucesso para joaopaulo@vipetro.com.br
[ ID 85] Mensagem Acompanhando sua obra! enviada com sucesso para jullyo@vipetro.com.br
[ ID 85] Mensagem Acompanhando sua obra! enviada com sucesso para engenharia@v2construcoes.com
[ ID 85] Mensagem Acompanhando sua obra! enviada com sucesso para aquatro91@hotmail.com
[ ID 85] Mensagem Acompanhando sua obra! enviada com sucesso para pedro_na@hotmail.com
[ ID 85] Mensagem Acompanhando sua obra! enviada com sucesso para anderson.lima@mmeparavoce.com.br
[ ID 85] Mensagem Acompanhando sua obra! enviada com sucesso para compras@mmeparavoce.com.br
[ ID 85] Mensagem Acompanhando sua obra! enviada com sucesso para projetos@mmeparavoce.com.br
[ ID 85] Mensagem Acompanhando sua obra! enviada com sucesso para compras@wcorreia.com.br
[ ID 85] Mensagem Acompanhando sua obra! enviada com sucesso para isabely@engenharq.com.br
[ ID 85] Mensagem Acompanhando sua obra! enviada com sucesso para jarbas@engenharq.com.br
[ ID 85] Mensagem Acompanhando sua obra! enviada com sucesso para joao@engenharq.com.br
[ ID 85] Mensagem Acompanhando sua obra! enviada com sucesso para jcamargo@alphaville.com.br
[ ID 85] Mensagem Acompanhando sua obra! enviada com sucesso para tsilva@alphaville.com.br
[ ID 85] Mensagem Acompanhando sua obra! enviada com sucesso para goiania@buritiempreendimentos.com.br
[ ID 85] Mensagem Acompanhando sua obra! enviada com sucesso para sandra.teixeira@buritiempreendimentos.com.br
[ ID 85] Mensagem Acompanhando sua obra! enviada com sucesso para administrativo@bezerraleite.com
[ ID 85] Mensagem Acompanhando sua obra! enviada com sucesso para contato@gajaconstrutora.com.br
[ ID 85] Mensagem Acompanhando sua obra! enviada com sucesso para andrea.souza@coloradoempreendimentos.com
[ ID 85] Mensagem Acompanhando sua obra! enviada com sucesso para geovanni.amorim@coloradoempreendimentos.com
[ ID 85] Mensagem Acompanhando sua obra! enviada com sucesso para engenhariavaleempreendimentos@gmail.com
[ ID 85] Mensagem Acompanhando sua obra! enviada com sucesso para valeempreendimentos@gmail.com
[ ID 85] Mensagem Acompanhando sua obra! enviada com sucesso para jose.batista@zopone.com.br
[ ID 85] Mensagem Acompanhando sua obra! enviada com sucesso para rodrigo.soares@zopone.com.br
[ ID 85] Mensagem Acompanhando sua obra! enviada com sucesso para administrativo@pajucara.ind.br
[ ID 85] Mensagem Acompanhando sua obra! enviada com sucesso para luiza@mmeparavoce.com.br
[ ID 85] Mensagem Acompanhando sua obra! enviada com sucesso para lucas.moreira@recordinc.com.br
[ ID 85] Mensagem Acompanhando sua obra! enviada com sucesso para tecnico@podiumengenharia.com
[ ID 85] Mensagem Acompanhando sua obra! enviada com sucesso para robertolessa@podiumengenharia.com
[ ID 85] Mensagem Acompanhando sua obra! enviada com sucesso para alexmelo@regiaoagreste.com.br
[ ID 85] Mensagem Acompanhando sua obra! enviada com sucesso para gilvanbispo@regiaoagreste.com.br
[ ID 85] Mensagem Acompanhando sua obra! enviada com sucesso para suprimentos@engenhariademateriaisltda.com.br
[ ID 85] Mensagem Acompanhando sua obra! enviada com sucesso para phablo@solidez-al.com.br
[ ID 85] Mensagem Acompanhando sua obra! enviada com sucesso para rosimeiry@solidez-al.com.br
[ ID 85] Mensagem Acompanhando sua obra! enviada com sucesso para engenharia.cristian@ebsaguas.com.br
[ ID 85] Mensagem Acompanhando sua obra! enviada com sucesso para engenharia.janifer@ebsaguas.com.br
[ ID 85] Mensagem Acompanhando sua obra! enviada com sucesso para pimentelengenharia.compras@hotmail.com
[ ID 85] Mensagem Acompanhando sua obra! enviada com sucesso para pimentelengenharia@hotmail.com
[ ID 85] Mensagem Acompanhando sua obra! enviada com sucesso para recepcao.mcz@placic.com.br
[ ID 85] Mensagem Acompanhando sua obra! enviada com sucesso para faturamento.al@qualicoco.com.br
[ ID 85] Mensagem Acompanhando sua obra! enviada com sucesso para rogerio@qualicoco.com.br
[ ID 85] Mensagem Acompanhando sua obra! enviada com sucesso para flavyanna@contratoengenharia.com.br

******************** 04 julho 2022 13:09 UTC ********************
AcyMailing Disparado em 04 julho 2022 10:09
21 mensagens processadas: 21 com sucesso, 0 falharam
---- Details ----
[ ID 85] Mensagem Acompanhando sua obra! enviada com sucesso para suprimentos@contratoengenharia.com.br
[ ID 85] Mensagem Acompanhando sua obra! enviada com sucesso para luciany@contratoengenharia.com.br
[ ID 85] Mensagem Acompanhando sua obra! enviada com sucesso para rose@contratoengenharia.com.br
[ ID 85] Mensagem Acompanhando sua obra! enviada com sucesso para engenharia2@sancoengenharia.com.br
[ ID 85] Mensagem Acompanhando sua obra! enviada com sucesso para recepcao@sancoengenharia.com.br
[ ID 85] Mensagem Acompanhando sua obra! enviada com sucesso para helder.costa@telesilengenharia.com.br
[ ID 85] Mensagem Acompanhando sua obra! enviada com sucesso para arthurbulhoes@hotmail.com
[ ID 85] Mensagem Acompanhando sua obra! enviada com sucesso para ana.karinne@meurocha.com.br
[ ID 85] Mensagem Acompanhando sua obra! enviada com sucesso para engenheiro3.rpontes@gmail.com
[ ID 85] Mensagem Acompanhando sua obra! enviada com sucesso para elias@reycon.com.br
[ ID 85] Mensagem Acompanhando sua obra! enviada com sucesso para sergison@reycon.com.br
[ ID 85] Mensagem Acompanhando sua obra! enviada com sucesso para compras@castilho.com.br
[ ID 85] Mensagem Acompanhando sua obra! enviada com sucesso para maciela@amorimbarreto.com.br
[ ID 85] Mensagem Acompanhando sua obra! enviada com sucesso para paulo.souza@passarelli.com.br
[ ID 85] Mensagem Acompanhando sua obra! enviada com sucesso para aslic@casal.al.gov.br
[ ID 85] Mensagem Acompanhando sua obra! enviada com sucesso para compras@am3engenharia.com.br
[ ID 85] Mensagem Acompanhando sua obra! enviada com sucesso para lucaslaercio90@gmail.com
[ ID 85] Mensagem Acompanhando sua obra! enviada com sucesso para martinlogtransportes@gmail.com
[ ID 85] Mensagem Acompanhando sua obra! enviada com sucesso para engenheiro1.rpontes@gmail.com
[ ID 85] Mensagem Acompanhando sua obra! enviada com sucesso para roberta@rpontes.com
[ ID 85] Mensagem Acompanhando sua obra! enviada com sucesso para engenharia@am3engenharia.com.br