

********************     01 outubro 2021 18:03     ********************
AcyMailing Disparado em 01 outubro 2021 15:03
1 mensagens processadas: 1 com sucesso, 0 falharam
---- Details ----
[ ID 17] Mensagem Serviços com Drone enviada com sucesso para lucas@dltengenharia.com.br

********************     01 outubro 2021 18:18     ********************
AcyMailing Disparado em 01 outubro 2021 15:18
2 mensagens processadas: 2 com sucesso, 0 falharam
---- Details ----
[ ID 17] Mensagem Serviços com Drone enviada com sucesso para raphael@ecoparengenharia.com.br
[ ID 17] Mensagem Serviços com Drone enviada com sucesso para compras@sapaulista.com.br

********************     06 outubro 2021 13:33     ********************
AcyMailing Disparado em 06 outubro 2021 10:33
2 mensagens processadas: 2 com sucesso, 0 falharam
---- Details ----
[ ID 17] Mensagem Serviços com Drone enviada com sucesso para ouvidoria@cavalcantepeixoto.com
[ ID 17] Mensagem Serviços com Drone enviada com sucesso para contato@cavalcantepeixoto.com

********************     06 outubro 2021 13:48     ********************
AcyMailing Disparado em 06 outubro 2021 10:48
2 mensagens processadas: 2 com sucesso, 0 falharam
---- Details ----
[ ID 34] Mensagem Serviços com Drone enviada com sucesso para contato@carolmarinho.com.br
[ ID 34] Mensagem Serviços com Drone enviada com sucesso para falecom@andreameloimoveis.com.br

********************     07 outubro 2021 20:03     ********************
AcyMailing Disparado em 07 outubro 2021 17:03
15 mensagens processadas: 15 com sucesso, 0 falharam
---- Details ----
[ ID 17] Mensagem Serviços com Drone enviada com sucesso para atendimento@rpontes.com.br
[ ID 17] Mensagem Serviços com Drone enviada com sucesso para contato@greenbrasil.eng.br
[ ID 17] Mensagem Serviços com Drone enviada com sucesso para contato@arquitec-al.com.br
[ ID 17] Mensagem Serviços com Drone enviada com sucesso para diretoriacomercial@concretoamorimconstrucoes.com.br
[ ID 17] Mensagem Serviços com Drone enviada com sucesso para diretoria@conengeengenharia.com.br
[ ID 17] Mensagem Serviços com Drone enviada com sucesso para bsantos@construtoraborgesesantos.com.br
[ ID 17] Mensagem Serviços com Drone enviada com sucesso para contato@contemporaneaconstrucoes.com.br
[ ID 17] Mensagem Serviços com Drone enviada com sucesso para falecom@humbertolobo.com.br
[ ID 17] Mensagem Serviços com Drone enviada com sucesso para contato@rochaltda.com.br
[ ID 17] Mensagem Serviços com Drone enviada com sucesso para atendimento@toledocabral.com.br
[ ID 17] Mensagem Serviços com Drone enviada com sucesso para enengi@enengi.com.br
[ ID 17] Mensagem Serviços com Drone enviada com sucesso para firemanepeixoto@firemanpeixoto.com.br
[ ID 17] Mensagem Serviços com Drone enviada com sucesso para jcamendonca@hotmail.com
[ ID 17] Mensagem Serviços com Drone enviada com sucesso para luciano.barros@limpel.com.br
[ ID 17] Mensagem Serviços com Drone enviada com sucesso para wagnercabralengenharia@hotmail.com

********************     07 outubro 2021 20:18     ********************
AcyMailing Disparado em 07 outubro 2021 17:18
1 mensagens processadas: 1 com sucesso, 0 falharam
---- Details ----
[ ID 34] Mensagem Serviços com Drone enviada com sucesso para contato@imoveismaceioconsultoria.com.br

********************     07 outubro 2021 20:33     ********************
AcyMailing Disparado em 07 outubro 2021 17:33
12 mensagens processadas: 12 com sucesso, 0 falharam
---- Details ----
[ ID 17] Mensagem Serviços com Drone enviada com sucesso para sanco@sancoengenharia.com.br
[ ID 17] Mensagem Serviços com Drone enviada com sucesso para g.lcerutti@ceruttiengenharia.com.br
[ ID 17] Mensagem Serviços com Drone enviada com sucesso para lares@laresconstrucoes.com.br
[ ID 17] Mensagem Serviços com Drone enviada com sucesso para maucon.al@uol.com.br
[ ID 17] Mensagem Serviços com Drone enviada com sucesso para carlos.andre@pactoengenharia.com
[ ID 17] Mensagem Serviços com Drone enviada com sucesso para flivio@planoaengenharia.com.br
[ ID 17] Mensagem Serviços com Drone enviada com sucesso para moises.diretoria@precol.com.br
[ ID 17] Mensagem Serviços com Drone enviada com sucesso para contato@construtorapenedo.com.br
[ ID 17] Mensagem Serviços com Drone enviada com sucesso para atendimento@construtorasauer-al.com.br
[ ID 34] Mensagem Serviços com Drone enviada com sucesso para diretoria@marcioraposo.com.br
[ ID 34] Mensagem Serviços com Drone enviada com sucesso para emmanuel.junior@soaresnobre.com
[ ID 34] Mensagem Serviços com Drone enviada com sucesso para mp2@mp2imoveis.com.br

********************     08 outubro 2021 13:50     ********************
AcyMailing Disparado em 08 outubro 2021 10:48
58 mensagens processadas: 58 com sucesso, 0 falharam
---- Details ----
[ ID 37] Mensagem Serviços com Drone - Desconto de Outubro! enviada com sucesso para marcelo_batista44@hotmail.com
[ ID 37] Mensagem Serviços com Drone - Desconto de Outubro! enviada com sucesso para atendimento@crea-al.org.br
[ ID 37] Mensagem Serviços com Drone - Desconto de Outubro! enviada com sucesso para lokcerto@planoaengenharia.com.br
[ ID 37] Mensagem Serviços com Drone - Desconto de Outubro! enviada com sucesso para contato@arqnorm.com
[ ID 37] Mensagem Serviços com Drone - Desconto de Outubro! enviada com sucesso para duoconstrucoes@hotmail.com
[ ID 37] Mensagem Serviços com Drone - Desconto de Outubro! enviada com sucesso para contato.arcinline@gmail.com
[ ID 37] Mensagem Serviços com Drone - Desconto de Outubro! enviada com sucesso para soteli.al@hotmail.com
[ ID 37] Mensagem Serviços com Drone - Desconto de Outubro! enviada com sucesso para contato@ninegocios.com.br
[ ID 37] Mensagem Serviços com Drone - Desconto de Outubro! enviada com sucesso para contato@ritzincorporacoes.com.br
[ ID 37] Mensagem Serviços com Drone - Desconto de Outubro! enviada com sucesso para thays@razaoempreendimentos.com.br
[ ID 37] Mensagem Serviços com Drone - Desconto de Outubro! enviada com sucesso para contato@podiumengenharia.com
[ ID 37] Mensagem Serviços com Drone - Desconto de Outubro! enviada com sucesso para engenharia@rmoreiraconstrucoes.com.br
[ ID 37] Mensagem Serviços com Drone - Desconto de Outubro! enviada com sucesso para diretoria@domnaengenharia.com.br
[ ID 37] Mensagem Serviços com Drone - Desconto de Outubro! enviada com sucesso para CONSTRUTORA@VITTRE.COM.BR
[ ID 37] Mensagem Serviços com Drone - Desconto de Outubro! enviada com sucesso para comercial@homemaceio.com.br
[ ID 37] Mensagem Serviços com Drone - Desconto de Outubro! enviada com sucesso para atendimento@mmeparavoce.com.br
[ ID 37] Mensagem Serviços com Drone - Desconto de Outubro! enviada com sucesso para curriculo.ecopar@gmail.com
[ ID 37] Mensagem Serviços com Drone - Desconto de Outubro! enviada com sucesso para santafengenharia@gmail.com
[ ID 37] Mensagem Serviços com Drone - Desconto de Outubro! enviada com sucesso para suprimentos@sancoengenharia.com.br
[ ID 37] Mensagem Serviços com Drone - Desconto de Outubro! enviada com sucesso para lizandro@engenharq.com.br
[ ID 37] Mensagem Serviços com Drone - Desconto de Outubro! enviada com sucesso para engenharia@v2construcoes.com.br
[ ID 37] Mensagem Serviços com Drone - Desconto de Outubro! enviada com sucesso para comercial@telesilengenharia.com.br
[ ID 37] Mensagem Serviços com Drone - Desconto de Outubro! enviada com sucesso para hugo@colil.com.br
[ ID 37] Mensagem Serviços com Drone - Desconto de Outubro! enviada com sucesso para felipe@uchoaconstrucoes.com.br
[ ID 37] Mensagem Serviços com Drone - Desconto de Outubro! enviada com sucesso para lucas@dltengenharia.com.br
[ ID 37] Mensagem Serviços com Drone - Desconto de Outubro! enviada com sucesso para raphael@ecoparengenharia.com.br
[ ID 37] Mensagem Serviços com Drone - Desconto de Outubro! enviada com sucesso para compras@sapaulista.com.br
[ ID 37] Mensagem Serviços com Drone - Desconto de Outubro! enviada com sucesso para contato@carolmarinho.com.br
[ ID 37] Mensagem Serviços com Drone - Desconto de Outubro! enviada com sucesso para ouvidoria@cavalcantepeixoto.com
[ ID 37] Mensagem Serviços com Drone - Desconto de Outubro! enviada com sucesso para contato@cavalcantepeixoto.com
[ ID 37] Mensagem Serviços com Drone - Desconto de Outubro! enviada com sucesso para falecom@andreameloimoveis.com.br
[ ID 37] Mensagem Serviços com Drone - Desconto de Outubro! enviada com sucesso para contato@imoveismaceioconsultoria.com.br
[ ID 37] Mensagem Serviços com Drone - Desconto de Outubro! enviada com sucesso para contato@greenbrasil.eng.br
[ ID 37] Mensagem Serviços com Drone - Desconto de Outubro! enviada com sucesso para contato@arquitec-al.com.br
[ ID 37] Mensagem Serviços com Drone - Desconto de Outubro! enviada com sucesso para diretoriacomercial@concretoamorimconstrucoes.com.br
[ ID 37] Mensagem Serviços com Drone - Desconto de Outubro! enviada com sucesso para diretoria@conengeengenharia.com.br
[ ID 37] Mensagem Serviços com Drone - Desconto de Outubro! enviada com sucesso para bsantos@construtoraborgesesantos.com.br
[ ID 37] Mensagem Serviços com Drone - Desconto de Outubro! enviada com sucesso para contato@contemporaneaconstrucoes.com.br
[ ID 37] Mensagem Serviços com Drone - Desconto de Outubro! enviada com sucesso para falecom@humbertolobo.com.br
[ ID 37] Mensagem Serviços com Drone - Desconto de Outubro! enviada com sucesso para contato@rochaltda.com.br
[ ID 37] Mensagem Serviços com Drone - Desconto de Outubro! enviada com sucesso para atendimento@toledocabral.com.br
[ ID 37] Mensagem Serviços com Drone - Desconto de Outubro! enviada com sucesso para enengi@enengi.com.br
[ ID 37] Mensagem Serviços com Drone - Desconto de Outubro! enviada com sucesso para firemanepeixoto@firemanpeixoto.com.br
[ ID 37] Mensagem Serviços com Drone - Desconto de Outubro! enviada com sucesso para jcamendonca@hotmail.com
[ ID 37] Mensagem Serviços com Drone - Desconto de Outubro! enviada com sucesso para luciano.barros@limpel.com.br
[ ID 37] Mensagem Serviços com Drone - Desconto de Outubro! enviada com sucesso para wagnercabralengenharia@hotmail.com
[ ID 37] Mensagem Serviços com Drone - Desconto de Outubro! enviada com sucesso para sanco@sancoengenharia.com.br
[ ID 37] Mensagem Serviços com Drone - Desconto de Outubro! enviada com sucesso para g.lcerutti@ceruttiengenharia.com.br
[ ID 37] Mensagem Serviços com Drone - Desconto de Outubro! enviada com sucesso para lares@laresconstrucoes.com.br
[ ID 37] Mensagem Serviços com Drone - Desconto de Outubro! enviada com sucesso para maucon.al@uol.com.br
[ ID 37] Mensagem Serviços com Drone - Desconto de Outubro! enviada com sucesso para carlos.andre@pactoengenharia.com
[ ID 37] Mensagem Serviços com Drone - Desconto de Outubro! enviada com sucesso para flivio@planoaengenharia.com.br
[ ID 37] Mensagem Serviços com Drone - Desconto de Outubro! enviada com sucesso para moises.diretoria@precol.com.br
[ ID 37] Mensagem Serviços com Drone - Desconto de Outubro! enviada com sucesso para contato@construtorapenedo.com.br
[ ID 37] Mensagem Serviços com Drone - Desconto de Outubro! enviada com sucesso para atendimento@construtorasauer-al.com.br
[ ID 37] Mensagem Serviços com Drone - Desconto de Outubro! enviada com sucesso para diretoria@marcioraposo.com.br
[ ID 37] Mensagem Serviços com Drone - Desconto de Outubro! enviada com sucesso para emmanuel.junior@soaresnobre.com
[ ID 37] Mensagem Serviços com Drone - Desconto de Outubro! enviada com sucesso para mp2@mp2imoveis.com.br

********************     19 outubro 2021 15:04     ********************
AcyMailing Disparado em 19 outubro 2021 12:04
70 mensagens processadas: 70 com sucesso, 0 falharam
---- Details ----
[ ID 64] Mensagem Vantagens do Serviço com Drone enviada com sucesso para erifsgomes@gmail.com
[ ID 64] Mensagem Vantagens do Serviço com Drone enviada com sucesso para atendimento@plataformaengenharia.com
[ ID 64] Mensagem Vantagens do Serviço com Drone enviada com sucesso para contato@interativoengenharia.com
[ ID 64] Mensagem Vantagens do Serviço com Drone enviada com sucesso para ct.engenharia@hotmail.com
[ ID 64] Mensagem Vantagens do Serviço com Drone enviada com sucesso para contato@northengenharia.com.br
[ ID 64] Mensagem Vantagens do Serviço com Drone enviada com sucesso para contato@solidaengenharia-al.com.br
[ ID 64] Mensagem Vantagens do Serviço com Drone enviada com sucesso para contato@planjetar.com.br
[ ID 64] Mensagem Vantagens do Serviço com Drone enviada com sucesso para cguilhermino@gmail.com
[ ID 64] Mensagem Vantagens do Serviço com Drone enviada com sucesso para contato@solidez-al.com.br
[ ID 64] Mensagem Vantagens do Serviço com Drone enviada com sucesso para engenharq@engenharq.com.br
[ ID 64] Mensagem Vantagens do Serviço com Drone enviada com sucesso para comercial@fortexengenharia.com.br
[ ID 64] Mensagem Vantagens do Serviço com Drone enviada com sucesso para v2@v2construcoes.com.br
[ ID 64] Mensagem Vantagens do Serviço com Drone enviada com sucesso para atendimento@telesilengenharia.com.br
[ ID 64] Mensagem Vantagens do Serviço com Drone enviada com sucesso para assistencia@colil.com.br
[ ID 64] Mensagem Vantagens do Serviço com Drone enviada com sucesso para contato@p2eengenharia.com.br
[ ID 64] Mensagem Vantagens do Serviço com Drone enviada com sucesso para calcular@calcular.eng.br
[ ID 64] Mensagem Vantagens do Serviço com Drone enviada com sucesso para CONTATO@ZETAESTRUTURAL.COM.BR
[ ID 64] Mensagem Vantagens do Serviço com Drone enviada com sucesso para m2lt@m2lt.com.br
[ ID 64] Mensagem Vantagens do Serviço com Drone enviada com sucesso para engenharia@nassarengenharia.com.br
[ ID 64] Mensagem Vantagens do Serviço com Drone enviada com sucesso para projetar@gprojetar.com.br
[ ID 64] Mensagem Vantagens do Serviço com Drone enviada com sucesso para abece@abece.com.br
[ ID 64] Mensagem Vantagens do Serviço com Drone enviada com sucesso para uchoa@uchoaconstrucoes.com.br
[ ID 64] Mensagem Vantagens do Serviço com Drone enviada com sucesso para contato@engenhariademateriaisltda.com.br
[ ID 64] Mensagem Vantagens do Serviço com Drone enviada com sucesso para engenharia@laresconstrucoes.com.br
[ ID 64] Mensagem Vantagens do Serviço com Drone enviada com sucesso para contato@marroquim.com.br
[ ID 64] Mensagem Vantagens do Serviço com Drone enviada com sucesso para faleconosco@mouradubeux.com.br
[ ID 64] Mensagem Vantagens do Serviço com Drone enviada com sucesso para COMERCIAL@PRECOL.COM.BR
[ ID 64] Mensagem Vantagens do Serviço com Drone enviada com sucesso para contato@primeincorporacoes.com.br
[ ID 64] Mensagem Vantagens do Serviço com Drone enviada com sucesso para contato@recordinc.com.br
[ ID 64] Mensagem Vantagens do Serviço com Drone enviada com sucesso para sac@reycon.com.br
[ ID 64] Mensagem Vantagens do Serviço com Drone enviada com sucesso para contato@sancoengenharia.com.br
[ ID 64] Mensagem Vantagens do Serviço com Drone enviada com sucesso para contato@tetoplanejamento.com.br
[ ID 64] Mensagem Vantagens do Serviço com Drone enviada com sucesso para comercial@consencoedificacoes.com.br
[ ID 64] Mensagem Vantagens do Serviço com Drone enviada com sucesso para construtorapenedo@hotmail.com
[ ID 64] Mensagem Vantagens do Serviço com Drone enviada com sucesso para contato@construtorasauer-al.com.br
[ ID 64] Mensagem Vantagens do Serviço com Drone enviada com sucesso para contrato@contratoengenharia.com.br
[ ID 64] Mensagem Vantagens do Serviço com Drone enviada com sucesso para comercial@conyeng.com.br
[ ID 64] Mensagem Vantagens do Serviço com Drone enviada com sucesso para administrativo@decisaoengenharia-al.com.br
[ ID 64] Mensagem Vantagens do Serviço com Drone enviada com sucesso para contato@dltengenharia.com.br
[ ID 64] Mensagem Vantagens do Serviço com Drone enviada com sucesso para vitor@monsantoengenharia.com.br
[ ID 64] Mensagem Vantagens do Serviço com Drone enviada com sucesso para delman.mcz@delman.com.br
[ ID 64] Mensagem Vantagens do Serviço com Drone enviada com sucesso para relacionamento@aljosconstrutora.com.br
[ ID 64] Mensagem Vantagens do Serviço com Drone enviada com sucesso para rsconstrutoraltda@hotmail.com
[ ID 64] Mensagem Vantagens do Serviço com Drone enviada com sucesso para contato@am3engenharia.com.br
[ ID 64] Mensagem Vantagens do Serviço com Drone enviada com sucesso para comercial@conserg.com.br
[ ID 64] Mensagem Vantagens do Serviço com Drone enviada com sucesso para comercial@gamaengenharia.com.br
[ ID 64] Mensagem Vantagens do Serviço com Drone enviada com sucesso para contato@lefconstrucoes.com.br
[ ID 64] Mensagem Vantagens do Serviço com Drone enviada com sucesso para sapaulista@sapaulista.com.br
[ ID 64] Mensagem Vantagens do Serviço com Drone enviada com sucesso para comercial@4sim.com.br
[ ID 64] Mensagem Vantagens do Serviço com Drone enviada com sucesso para soaresnobre@soaresnobre.com
[ ID 64] Mensagem Vantagens do Serviço com Drone enviada com sucesso para oi@moremaceio.com.br
[ ID 64] Mensagem Vantagens do Serviço com Drone enviada com sucesso para ademi@ademi-al.org.br
[ ID 64] Mensagem Vantagens do Serviço com Drone enviada com sucesso para atendimento@gaimoveis.com
[ ID 64] Mensagem Vantagens do Serviço com Drone enviada com sucesso para relacionamento@imobiliconsultoria.com.br
[ ID 64] Mensagem Vantagens do Serviço com Drone enviada com sucesso para atendimento@empreendimentosmacro.com.br
[ ID 64] Mensagem Vantagens do Serviço com Drone enviada com sucesso para contato@marizimoveis.com
[ ID 64] Mensagem Vantagens do Serviço com Drone enviada com sucesso para contato@almimoveis.com
[ ID 64] Mensagem Vantagens do Serviço com Drone enviada com sucesso para atendimento@rpontes.com.br
[ ID 64] Mensagem Vantagens do Serviço com Drone enviada com sucesso para cunhanegociosimobiliarios.al@gmail.com
[ ID 64] Mensagem Vantagens do Serviço com Drone enviada com sucesso para contato@rochaalvesimoveis.com
[ ID 64] Mensagem Vantagens do Serviço com Drone enviada com sucesso para eliodiasimoveis@hotmail.com
[ ID 64] Mensagem Vantagens do Serviço com Drone enviada com sucesso para atendimento@mp2imoveis.com
[ ID 64] Mensagem Vantagens do Serviço com Drone enviada com sucesso para contato@waimoveis.net
[ ID 64] Mensagem Vantagens do Serviço com Drone enviada com sucesso para denison@dltengenharia.com.br
[ ID 64] Mensagem Vantagens do Serviço com Drone enviada com sucesso para marcelo_batista44@hotmail.com
[ ID 64] Mensagem Vantagens do Serviço com Drone enviada com sucesso para atendimento@crea-al.org.br
[ ID 64] Mensagem Vantagens do Serviço com Drone enviada com sucesso para lokcerto@planoaengenharia.com.br
[ ID 64] Mensagem Vantagens do Serviço com Drone enviada com sucesso para contato@arqnorm.com
[ ID 64] Mensagem Vantagens do Serviço com Drone enviada com sucesso para duoconstrucoes@hotmail.com
[ ID 64] Mensagem Vantagens do Serviço com Drone enviada com sucesso para contato.arcinline@gmail.com

********************     19 outubro 2021 15:21     ********************
AcyMailing Disparado em 19 outubro 2021 12:21
70 mensagens processadas: 70 com sucesso, 0 falharam
---- Details ----
[ ID 64] Mensagem Vantagens do Serviço com Drone enviada com sucesso para soteli.al@hotmail.com
[ ID 64] Mensagem Vantagens do Serviço com Drone enviada com sucesso para contato@ninegocios.com.br
[ ID 64] Mensagem Vantagens do Serviço com Drone enviada com sucesso para contato@ritzincorporacoes.com.br
[ ID 64] Mensagem Vantagens do Serviço com Drone enviada com sucesso para thays@razaoempreendimentos.com.br
[ ID 64] Mensagem Vantagens do Serviço com Drone enviada com sucesso para contato@podiumengenharia.com
[ ID 64] Mensagem Vantagens do Serviço com Drone enviada com sucesso para engenharia@rmoreiraconstrucoes.com.br
[ ID 64] Mensagem Vantagens do Serviço com Drone enviada com sucesso para diretoria@domnaengenharia.com.br
[ ID 64] Mensagem Vantagens do Serviço com Drone enviada com sucesso para CONSTRUTORA@VITTRE.COM.BR
[ ID 64] Mensagem Vantagens do Serviço com Drone enviada com sucesso para comercial@homemaceio.com.br
[ ID 64] Mensagem Vantagens do Serviço com Drone enviada com sucesso para atendimento@mmeparavoce.com.br
[ ID 64] Mensagem Vantagens do Serviço com Drone enviada com sucesso para curriculo.ecopar@gmail.com
[ ID 64] Mensagem Vantagens do Serviço com Drone enviada com sucesso para santafengenharia@gmail.com
[ ID 64] Mensagem Vantagens do Serviço com Drone enviada com sucesso para suprimentos@sancoengenharia.com.br
[ ID 64] Mensagem Vantagens do Serviço com Drone enviada com sucesso para lizandro@engenharq.com.br
[ ID 64] Mensagem Vantagens do Serviço com Drone enviada com sucesso para engenharia@v2construcoes.com.br
[ ID 64] Mensagem Vantagens do Serviço com Drone enviada com sucesso para comercial@telesilengenharia.com.br
[ ID 64] Mensagem Vantagens do Serviço com Drone enviada com sucesso para hugo@colil.com.br
[ ID 64] Mensagem Vantagens do Serviço com Drone enviada com sucesso para felipe@uchoaconstrucoes.com.br
[ ID 64] Mensagem Vantagens do Serviço com Drone enviada com sucesso para lucas@dltengenharia.com.br
[ ID 64] Mensagem Vantagens do Serviço com Drone enviada com sucesso para raphael@ecoparengenharia.com.br
[ ID 64] Mensagem Vantagens do Serviço com Drone enviada com sucesso para compras@sapaulista.com.br
[ ID 64] Mensagem Vantagens do Serviço com Drone enviada com sucesso para contato@carolmarinho.com.br
[ ID 64] Mensagem Vantagens do Serviço com Drone enviada com sucesso para ouvidoria@cavalcantepeixoto.com
[ ID 64] Mensagem Vantagens do Serviço com Drone enviada com sucesso para contato@cavalcantepeixoto.com
[ ID 64] Mensagem Vantagens do Serviço com Drone enviada com sucesso para falecom@andreameloimoveis.com.br
[ ID 64] Mensagem Vantagens do Serviço com Drone enviada com sucesso para contato@imoveismaceioconsultoria.com.br
[ ID 64] Mensagem Vantagens do Serviço com Drone enviada com sucesso para contato@greenbrasil.eng.br
[ ID 64] Mensagem Vantagens do Serviço com Drone enviada com sucesso para contato@arquitec-al.com.br
[ ID 64] Mensagem Vantagens do Serviço com Drone enviada com sucesso para diretoriacomercial@concretoamorimconstrucoes.com.br
[ ID 64] Mensagem Vantagens do Serviço com Drone enviada com sucesso para diretoria@conengeengenharia.com.br
[ ID 64] Mensagem Vantagens do Serviço com Drone enviada com sucesso para bsantos@construtoraborgesesantos.com.br
[ ID 64] Mensagem Vantagens do Serviço com Drone enviada com sucesso para contato@contemporaneaconstrucoes.com.br
[ ID 64] Mensagem Vantagens do Serviço com Drone enviada com sucesso para falecom@humbertolobo.com.br
[ ID 64] Mensagem Vantagens do Serviço com Drone enviada com sucesso para contato@rochaltda.com.br
[ ID 64] Mensagem Vantagens do Serviço com Drone enviada com sucesso para atendimento@toledocabral.com.br
[ ID 64] Mensagem Vantagens do Serviço com Drone enviada com sucesso para enengi@enengi.com.br
[ ID 64] Mensagem Vantagens do Serviço com Drone enviada com sucesso para firemanepeixoto@firemanpeixoto.com.br
[ ID 64] Mensagem Vantagens do Serviço com Drone enviada com sucesso para jcamendonca@hotmail.com
[ ID 64] Mensagem Vantagens do Serviço com Drone enviada com sucesso para luciano.barros@limpel.com.br
[ ID 64] Mensagem Vantagens do Serviço com Drone enviada com sucesso para wagnercabralengenharia@hotmail.com
[ ID 64] Mensagem Vantagens do Serviço com Drone enviada com sucesso para sanco@sancoengenharia.com.br
[ ID 64] Mensagem Vantagens do Serviço com Drone enviada com sucesso para g.lcerutti@ceruttiengenharia.com.br
[ ID 64] Mensagem Vantagens do Serviço com Drone enviada com sucesso para lares@laresconstrucoes.com.br
[ ID 64] Mensagem Vantagens do Serviço com Drone enviada com sucesso para maucon.al@uol.com.br
[ ID 64] Mensagem Vantagens do Serviço com Drone enviada com sucesso para carlos.andre@pactoengenharia.com
[ ID 64] Mensagem Vantagens do Serviço com Drone enviada com sucesso para flivio@planoaengenharia.com.br
[ ID 64] Mensagem Vantagens do Serviço com Drone enviada com sucesso para moises.diretoria@precol.com.br
[ ID 64] Mensagem Vantagens do Serviço com Drone enviada com sucesso para contato@construtorapenedo.com.br
[ ID 64] Mensagem Vantagens do Serviço com Drone enviada com sucesso para atendimento@construtorasauer-al.com.br
[ ID 64] Mensagem Vantagens do Serviço com Drone enviada com sucesso para diretoria@marcioraposo.com.br
[ ID 64] Mensagem Vantagens do Serviço com Drone enviada com sucesso para emmanuel.junior@soaresnobre.com
[ ID 64] Mensagem Vantagens do Serviço com Drone enviada com sucesso para mp2@mp2imoveis.com.br
[ ID 64] Mensagem Vantagens do Serviço com Drone enviada com sucesso para atendimento@consencoedificacoes.com.br
[ ID 64] Mensagem Vantagens do Serviço com Drone enviada com sucesso para contato@amecengenhariaeconsultoria.com.br
[ ID 64] Mensagem Vantagens do Serviço com Drone enviada com sucesso para construtorahf@hotmail.com
[ ID 64] Mensagem Vantagens do Serviço com Drone enviada com sucesso para merito.al@uol.com.br
[ ID 64] Mensagem Vantagens do Serviço com Drone enviada com sucesso para contato@claviz.com.br
[ ID 64] Mensagem Vantagens do Serviço com Drone enviada com sucesso para contato@aclinvestimentos.com.br
[ ID 64] Mensagem Vantagens do Serviço com Drone enviada com sucesso para contato@emempreendimentos.com.br
[ ID 64] Mensagem Vantagens do Serviço com Drone enviada com sucesso para gileno@gilenomalta.com.br
[ ID 64] Mensagem Vantagens do Serviço com Drone enviada com sucesso para atendimento@algas.com.br
[ ID 64] Mensagem Vantagens do Serviço com Drone enviada com sucesso para atendimento@norvinco.com.br
[ ID 64] Mensagem Vantagens do Serviço com Drone enviada com sucesso para gerencia@proteica.com.br
[ ID 64] Mensagem Vantagens do Serviço com Drone enviada com sucesso para marlon@brasboialimentos.com.br
[ ID 64] Mensagem Vantagens do Serviço com Drone enviada com sucesso para fale@fazendatimbauba.com.br
[ ID 64] Mensagem Vantagens do Serviço com Drone enviada com sucesso para atendimento@sococo.com.br
[ ID 64] Mensagem Vantagens do Serviço com Drone enviada com sucesso para curriculos@copraalimentos.com.br
[ ID 64] Mensagem Vantagens do Serviço com Drone enviada com sucesso para contato@distribuidoramatsubara.com.br
[ ID 64] Mensagem Vantagens do Serviço com Drone enviada com sucesso para allserv@allservmaceio.com.br
[ ID 64] Mensagem Vantagens do Serviço com Drone enviada com sucesso para atendimento@concretoflexivel.com.br

********************     19 outubro 2021 15:36     ********************
AcyMailing Disparado em 19 outubro 2021 12:36
5 mensagens processadas: 5 com sucesso, 0 falharam
---- Details ----
[ ID 64] Mensagem Vantagens do Serviço com Drone enviada com sucesso para contato@engenhocaracuipe.com.br
[ ID 64] Mensagem Vantagens do Serviço com Drone enviada com sucesso para comercial@multidoor.com.br
[ ID 64] Mensagem Vantagens do Serviço com Drone enviada com sucesso para sac@usinacoruripe.com.br
[ ID 64] Mensagem Vantagens do Serviço com Drone enviada com sucesso para usinaportorico@grupoolivaltenorio.com.br
[ ID 64] Mensagem Vantagens do Serviço com Drone enviada com sucesso para secretaria@sindacucar-al.com.br

********************     19 outubro 2021 17:21     ********************
AcyMailing Disparado em 19 outubro 2021 14:21
2 mensagens processadas: 2 com sucesso, 0 falharam
---- Details ----
[ ID 64] Mensagem Vantagens do Serviço com Drone enviada com sucesso para carloscoutinho@cachacacaracuipe.com.br
[ ID 64] Mensagem Vantagens do Serviço com Drone enviada com sucesso para israel@norvinco.com.br

********************     19 outubro 2021 22:36     ********************
AcyMailing Disparado em 19 outubro 2021 19:36
4 mensagens processadas: 4 com sucesso, 0 falharam
---- Details ----
[ ID 64] Mensagem Vantagens do Serviço com Drone enviada com sucesso para pedro.henrique@meurocha.com.br
[ ID 64] Mensagem Vantagens do Serviço com Drone enviada com sucesso para jefferson.aquino@meurocha.com.br
[ ID 64] Mensagem Vantagens do Serviço com Drone enviada com sucesso para dayane.guimaraes@meurocha.com.br
[ ID 64] Mensagem Vantagens do Serviço com Drone enviada com sucesso para bruno@meurocha.com.br

********************     20 outubro 2021 13:06     ********************
AcyMailing Disparado em 20 outubro 2021 10:06
6 mensagens processadas: 6 com sucesso, 0 falharam
---- Details ----
[ ID 64] Mensagem Vantagens do Serviço com Drone enviada com sucesso para i4imob@gmail.com
[ ID 64] Mensagem Vantagens do Serviço com Drone enviada com sucesso para sac@usinasantoantonio.com.br
[ ID 64] Mensagem Vantagens do Serviço com Drone enviada com sucesso para publicidade@grupocoringa.com.br
[ ID 64] Mensagem Vantagens do Serviço com Drone enviada com sucesso para cristovamsilvaimoveis@gmail.com
[ ID 64] Mensagem Vantagens do Serviço com Drone enviada com sucesso para mauro.digiorgi@yahoo.com.br
[ ID 64] Mensagem Vantagens do Serviço com Drone enviada com sucesso para digiorgimaceioimoveis@yahoo.com.br

********************     20 outubro 2021 15:06     ********************
AcyMailing Disparado em 20 outubro 2021 12:06
1 mensagens processadas: 1 com sucesso, 0 falharam
---- Details ----
[ ID 64] Mensagem Vantagens do Serviço com Drone enviada com sucesso para copras@portobello.com.br

********************     20 outubro 2021 15:21     ********************
AcyMailing Disparado em 20 outubro 2021 12:21
1 mensagens processadas: 1 com sucesso, 0 falharam
---- Details ----
[ ID 64] Mensagem Vantagens do Serviço com Drone enviada com sucesso para compras@portobello.com.br

********************     22 outubro 2021 15:06     ********************
AcyMailing Disparado em 22 outubro 2021 12:06
70 mensagens processadas: 70 com sucesso, 0 falharam
---- Details ----
[ ID 65] Mensagem Serviços com Drone enviada com sucesso para erifsgomes@gmail.com
[ ID 65] Mensagem Serviços com Drone enviada com sucesso para atendimento@plataformaengenharia.com
[ ID 65] Mensagem Serviços com Drone enviada com sucesso para contato@interativoengenharia.com
[ ID 65] Mensagem Serviços com Drone enviada com sucesso para ct.engenharia@hotmail.com
[ ID 65] Mensagem Serviços com Drone enviada com sucesso para contato@northengenharia.com.br
[ ID 65] Mensagem Serviços com Drone enviada com sucesso para contato@solidaengenharia-al.com.br
[ ID 65] Mensagem Serviços com Drone enviada com sucesso para contato@planjetar.com.br
[ ID 65] Mensagem Serviços com Drone enviada com sucesso para cguilhermino@gmail.com
[ ID 65] Mensagem Serviços com Drone enviada com sucesso para contato@solidez-al.com.br
[ ID 65] Mensagem Serviços com Drone enviada com sucesso para engenharq@engenharq.com.br
[ ID 65] Mensagem Serviços com Drone enviada com sucesso para comercial@fortexengenharia.com.br
[ ID 65] Mensagem Serviços com Drone enviada com sucesso para v2@v2construcoes.com.br
[ ID 65] Mensagem Serviços com Drone enviada com sucesso para assistencia@colil.com.br
[ ID 65] Mensagem Serviços com Drone enviada com sucesso para contato@p2eengenharia.com.br
[ ID 65] Mensagem Serviços com Drone enviada com sucesso para calcular@calcular.eng.br
[ ID 65] Mensagem Serviços com Drone enviada com sucesso para CONTATO@ZETAESTRUTURAL.COM.BR
[ ID 65] Mensagem Serviços com Drone enviada com sucesso para m2lt@m2lt.com.br
[ ID 65] Mensagem Serviços com Drone enviada com sucesso para engenharia@nassarengenharia.com.br
[ ID 65] Mensagem Serviços com Drone enviada com sucesso para projetar@gprojetar.com.br
[ ID 65] Mensagem Serviços com Drone enviada com sucesso para abece@abece.com.br
[ ID 65] Mensagem Serviços com Drone enviada com sucesso para uchoa@uchoaconstrucoes.com.br
[ ID 65] Mensagem Serviços com Drone enviada com sucesso para contato@engenhariademateriaisltda.com.br
[ ID 65] Mensagem Serviços com Drone enviada com sucesso para engenharia@laresconstrucoes.com.br
[ ID 65] Mensagem Serviços com Drone enviada com sucesso para contato@marroquim.com.br
[ ID 65] Mensagem Serviços com Drone enviada com sucesso para faleconosco@mouradubeux.com.br
[ ID 65] Mensagem Serviços com Drone enviada com sucesso para COMERCIAL@PRECOL.COM.BR
[ ID 65] Mensagem Serviços com Drone enviada com sucesso para contato@primeincorporacoes.com.br
[ ID 65] Mensagem Serviços com Drone enviada com sucesso para contato@recordinc.com.br
[ ID 65] Mensagem Serviços com Drone enviada com sucesso para sac@reycon.com.br
[ ID 65] Mensagem Serviços com Drone enviada com sucesso para contato@tetoplanejamento.com.br
[ ID 65] Mensagem Serviços com Drone enviada com sucesso para comercial@consencoedificacoes.com.br
[ ID 65] Mensagem Serviços com Drone enviada com sucesso para construtorapenedo@hotmail.com
[ ID 65] Mensagem Serviços com Drone enviada com sucesso para contato@construtorasauer-al.com.br
[ ID 65] Mensagem Serviços com Drone enviada com sucesso para contrato@contratoengenharia.com.br
[ ID 65] Mensagem Serviços com Drone enviada com sucesso para comercial@conyeng.com.br
[ ID 65] Mensagem Serviços com Drone enviada com sucesso para administrativo@decisaoengenharia-al.com.br
[ ID 65] Mensagem Serviços com Drone enviada com sucesso para contato@dltengenharia.com.br
[ ID 65] Mensagem Serviços com Drone enviada com sucesso para vitor@monsantoengenharia.com.br
[ ID 65] Mensagem Serviços com Drone enviada com sucesso para delman.mcz@delman.com.br
[ ID 65] Mensagem Serviços com Drone enviada com sucesso para relacionamento@aljosconstrutora.com.br
[ ID 65] Mensagem Serviços com Drone enviada com sucesso para rsconstrutoraltda@hotmail.com
[ ID 65] Mensagem Serviços com Drone enviada com sucesso para contato@am3engenharia.com.br
[ ID 65] Mensagem Serviços com Drone enviada com sucesso para comercial@conserg.com.br
[ ID 65] Mensagem Serviços com Drone enviada com sucesso para comercial@gamaengenharia.com.br
[ ID 65] Mensagem Serviços com Drone enviada com sucesso para sapaulista@sapaulista.com.br
[ ID 65] Mensagem Serviços com Drone enviada com sucesso para atendimento@rpontes.com.br
[ ID 65] Mensagem Serviços com Drone enviada com sucesso para denison@dltengenharia.com.br
[ ID 65] Mensagem Serviços com Drone enviada com sucesso para atendimento@crea-al.org.br
[ ID 65] Mensagem Serviços com Drone enviada com sucesso para lokcerto@planoaengenharia.com.br
[ ID 65] Mensagem Serviços com Drone enviada com sucesso para contato@arqnorm.com
[ ID 65] Mensagem Serviços com Drone enviada com sucesso para duoconstrucoes@hotmail.com
[ ID 65] Mensagem Serviços com Drone enviada com sucesso para contato.arcinline@gmail.com
[ ID 65] Mensagem Serviços com Drone enviada com sucesso para soteli.al@hotmail.com
[ ID 65] Mensagem Serviços com Drone enviada com sucesso para contato@ritzincorporacoes.com.br
[ ID 65] Mensagem Serviços com Drone enviada com sucesso para thays@razaoempreendimentos.com.br
[ ID 65] Mensagem Serviços com Drone enviada com sucesso para contato@podiumengenharia.com
[ ID 65] Mensagem Serviços com Drone enviada com sucesso para engenharia@rmoreiraconstrucoes.com.br
[ ID 65] Mensagem Serviços com Drone enviada com sucesso para diretoria@domnaengenharia.com.br
[ ID 65] Mensagem Serviços com Drone enviada com sucesso para CONSTRUTORA@VITTRE.COM.BR
[ ID 65] Mensagem Serviços com Drone enviada com sucesso para atendimento@mmeparavoce.com.br
[ ID 65] Mensagem Serviços com Drone enviada com sucesso para curriculo.ecopar@gmail.com
[ ID 65] Mensagem Serviços com Drone enviada com sucesso para santafengenharia@gmail.com
[ ID 65] Mensagem Serviços com Drone enviada com sucesso para suprimentos@sancoengenharia.com.br
[ ID 65] Mensagem Serviços com Drone enviada com sucesso para lizandro@engenharq.com.br
[ ID 65] Mensagem Serviços com Drone enviada com sucesso para engenharia@v2construcoes.com.br
[ ID 65] Mensagem Serviços com Drone enviada com sucesso para comercial@telesilengenharia.com.br
[ ID 65] Mensagem Serviços com Drone enviada com sucesso para hugo@colil.com.br
[ ID 65] Mensagem Serviços com Drone enviada com sucesso para felipe@uchoaconstrucoes.com.br
[ ID 65] Mensagem Serviços com Drone enviada com sucesso para lucas@dltengenharia.com.br
[ ID 65] Mensagem Serviços com Drone enviada com sucesso para raphael@ecoparengenharia.com.br

********************     22 outubro 2021 15:21     ********************
AcyMailing Disparado em 22 outubro 2021 12:21
29 mensagens processadas: 29 com sucesso, 0 falharam
---- Details ----
[ ID 65] Mensagem Serviços com Drone enviada com sucesso para compras@sapaulista.com.br
[ ID 65] Mensagem Serviços com Drone enviada com sucesso para contato@cavalcantepeixoto.com
[ ID 65] Mensagem Serviços com Drone enviada com sucesso para contato@greenbrasil.eng.br
[ ID 65] Mensagem Serviços com Drone enviada com sucesso para diretoriacomercial@concretoamorimconstrucoes.com.br
[ ID 65] Mensagem Serviços com Drone enviada com sucesso para diretoria@conengeengenharia.com.br
[ ID 65] Mensagem Serviços com Drone enviada com sucesso para contato@contemporaneaconstrucoes.com.br
[ ID 65] Mensagem Serviços com Drone enviada com sucesso para contato@rochaltda.com.br
[ ID 65] Mensagem Serviços com Drone enviada com sucesso para atendimento@toledocabral.com.br
[ ID 65] Mensagem Serviços com Drone enviada com sucesso para enengi@enengi.com.br
[ ID 65] Mensagem Serviços com Drone enviada com sucesso para jcamendonca@hotmail.com
[ ID 65] Mensagem Serviços com Drone enviada com sucesso para luciano.barros@limpel.com.br
[ ID 65] Mensagem Serviços com Drone enviada com sucesso para wagnercabralengenharia@hotmail.com
[ ID 65] Mensagem Serviços com Drone enviada com sucesso para sanco@sancoengenharia.com.br
[ ID 65] Mensagem Serviços com Drone enviada com sucesso para g.lcerutti@ceruttiengenharia.com.br
[ ID 65] Mensagem Serviços com Drone enviada com sucesso para lares@laresconstrucoes.com.br
[ ID 65] Mensagem Serviços com Drone enviada com sucesso para maucon.al@uol.com.br
[ ID 65] Mensagem Serviços com Drone enviada com sucesso para carlos.andre@pactoengenharia.com
[ ID 65] Mensagem Serviços com Drone enviada com sucesso para flivio@planoaengenharia.com.br
[ ID 65] Mensagem Serviços com Drone enviada com sucesso para moises.diretoria@precol.com.br
[ ID 65] Mensagem Serviços com Drone enviada com sucesso para contato@construtorapenedo.com.br
[ ID 65] Mensagem Serviços com Drone enviada com sucesso para atendimento@construtorasauer-al.com.br
[ ID 65] Mensagem Serviços com Drone enviada com sucesso para atendimento@consencoedificacoes.com.br
[ ID 65] Mensagem Serviços com Drone enviada com sucesso para contato@amecengenhariaeconsultoria.com.br
[ ID 65] Mensagem Serviços com Drone enviada com sucesso para construtorahf@hotmail.com
[ ID 65] Mensagem Serviços com Drone enviada com sucesso para merito.al@uol.com.br
[ ID 65] Mensagem Serviços com Drone enviada com sucesso para pedro.henrique@meurocha.com.br
[ ID 65] Mensagem Serviços com Drone enviada com sucesso para jefferson.aquino@meurocha.com.br
[ ID 65] Mensagem Serviços com Drone enviada com sucesso para dayane.guimaraes@meurocha.com.br
[ ID 65] Mensagem Serviços com Drone enviada com sucesso para bruno@meurocha.com.br

********************     28 outubro 2021 14:06     ********************
AcyMailing Disparado em 28 outubro 2021 11:06
64 mensagens processadas: 64 com sucesso, 0 falharam
---- Details ----
[ ID 66] Mensagem Serviços com Drone enviada com sucesso para atendimento@algas.com.br
[ ID 66] Mensagem Serviços com Drone enviada com sucesso para gerencia@proteica.com.br
[ ID 66] Mensagem Serviços com Drone enviada com sucesso para fale@fazendatimbauba.com.br
[ ID 66] Mensagem Serviços com Drone enviada com sucesso para atendimento@sococo.com.br
[ ID 66] Mensagem Serviços com Drone enviada com sucesso para curriculos@copraalimentos.com.br
[ ID 66] Mensagem Serviços com Drone enviada com sucesso para contato@distribuidoramatsubara.com.br
[ ID 66] Mensagem Serviços com Drone enviada com sucesso para allserv@allservmaceio.com.br
[ ID 66] Mensagem Serviços com Drone enviada com sucesso para atendimento@concretoflexivel.com.br
[ ID 66] Mensagem Serviços com Drone enviada com sucesso para contato@engenhocaracuipe.com.br
[ ID 66] Mensagem Serviços com Drone enviada com sucesso para comercial@multidoor.com.br
[ ID 66] Mensagem Serviços com Drone enviada com sucesso para sac@usinacoruripe.com.br
[ ID 66] Mensagem Serviços com Drone enviada com sucesso para usinaportorico@grupoolivaltenorio.com.br
[ ID 66] Mensagem Serviços com Drone enviada com sucesso para secretaria@sindacucar-al.com.br
[ ID 66] Mensagem Serviços com Drone enviada com sucesso para israel@norvinco.com.br
[ ID 66] Mensagem Serviços com Drone enviada com sucesso para sac@usinasantoantonio.com.br
[ ID 66] Mensagem Serviços com Drone enviada com sucesso para publicidade@grupocoringa.com.br
[ ID 66] Mensagem Serviços com Drone enviada com sucesso para compras@portobello.com.br
[ ID 66] Mensagem Serviços com Drone enviada com sucesso para raimar@massafort.com
[ ID 66] Mensagem Serviços com Drone enviada com sucesso para maceio@massafort.com
[ ID 66] Mensagem Serviços com Drone enviada com sucesso para faturamento@lemixconcreto.com.br
[ ID 66] Mensagem Serviços com Drone enviada com sucesso para codaco@codaco.com.br
[ ID 66] Mensagem Serviços com Drone enviada com sucesso para financeiro@codaco.com.br
[ ID 66] Mensagem Serviços com Drone enviada com sucesso para financeiro@plastecind.com.br
[ ID 66] Mensagem Serviços com Drone enviada com sucesso para plastec@ig.com.br
[ ID 66] Mensagem Serviços com Drone enviada com sucesso para contaspagar@plastmar.ind.br
[ ID 66] Mensagem Serviços com Drone enviada com sucesso para financeiro@plastmar.ind.br
[ ID 66] Mensagem Serviços com Drone enviada com sucesso para contasapagar@replast.ind.br
[ ID 66] Mensagem Serviços com Drone enviada com sucesso para diretoria@replast.ind.br
[ ID 66] Mensagem Serviços com Drone enviada com sucesso para contasapagar@troiaind.com.br
[ ID 66] Mensagem Serviços com Drone enviada com sucesso para croxigeniomac@croxigenio.com.br
[ ID 66] Mensagem Serviços com Drone enviada com sucesso para claudia.jbrpneus@hotmail.com
[ ID 66] Mensagem Serviços com Drone enviada com sucesso para jbr@jbrpneus.com.br
[ ID 66] Mensagem Serviços com Drone enviada com sucesso para junior@jbrpneus.com.br
[ ID 66] Mensagem Serviços com Drone enviada com sucesso para biancatenorio@verdesmares.net
[ ID 66] Mensagem Serviços com Drone enviada com sucesso para administracao@aguamineralverdesmares.com.br
[ ID 66] Mensagem Serviços com Drone enviada com sucesso para contasapagar@ferplas.ind.br
[ ID 66] Mensagem Serviços com Drone enviada com sucesso para ferplas@ferplas.ind.br
[ ID 66] Mensagem Serviços com Drone enviada com sucesso para pedro.fortes@ibratin.com.br
[ ID 66] Mensagem Serviços com Drone enviada com sucesso para raquel.marize@ibratin.com.br
[ ID 66] Mensagem Serviços com Drone enviada com sucesso para cristiane@ibratin.com.br
[ ID 66] Mensagem Serviços com Drone enviada com sucesso para renilson.santos@norvinco.com.br
[ ID 66] Mensagem Serviços com Drone enviada com sucesso para daf@norvinco.com.br
[ ID 66] Mensagem Serviços com Drone enviada com sucesso para jurg@norvinco.com.br
[ ID 66] Mensagem Serviços com Drone enviada com sucesso para kledson@serquip-al.com.br
[ ID 66] Mensagem Serviços com Drone enviada com sucesso para bruno.dorea@serquip.com.br
[ ID 66] Mensagem Serviços com Drone enviada com sucesso para financeiro@pluvitec.com.br
[ ID 66] Mensagem Serviços com Drone enviada com sucesso para hidrosolo@hidrosolo.com.br
[ ID 66] Mensagem Serviços com Drone enviada com sucesso para hidrosolo@pluvitec.com.br
[ ID 66] Mensagem Serviços com Drone enviada com sucesso para andreiagesfin@hotmail.com
[ ID 66] Mensagem Serviços com Drone enviada com sucesso para logistica@usecasaforte.com.br
[ ID 66] Mensagem Serviços com Drone enviada com sucesso para joao.santos@usecasaforte.com.br
[ ID 66] Mensagem Serviços com Drone enviada com sucesso para randerson.alapenha@msloglogistica.com.br
[ ID 66] Mensagem Serviços com Drone enviada com sucesso para lucivan@msloglogistica.com.br
[ ID 66] Mensagem Serviços com Drone enviada com sucesso para cleane.santos@denverweb.com.br
[ ID 66] Mensagem Serviços com Drone enviada com sucesso para everlyn.cleane@denverweb.com.br
[ ID 66] Mensagem Serviços com Drone enviada com sucesso para rh@verdesmares.net
[ ID 66] Mensagem Serviços com Drone enviada com sucesso para alayde@objetivadistribuidora.com.br
[ ID 66] Mensagem Serviços com Drone enviada com sucesso para jackcilene@objetivadistribuidora.com.br
[ ID 66] Mensagem Serviços com Drone enviada com sucesso para cristina.higino@rtlogistica.com.br
[ ID 66] Mensagem Serviços com Drone enviada com sucesso para rh@rtlogistica.com.br
[ ID 66] Mensagem Serviços com Drone enviada com sucesso para jaqueline.falcao@sistemafiea.com.br
[ ID 66] Mensagem Serviços com Drone enviada com sucesso para naiane.rocha@al.sesi.com.br
[ ID 66] Mensagem Serviços com Drone enviada com sucesso para joseane.miranda@sistemafiea.com.br
[ ID 66] Mensagem Serviços com Drone enviada com sucesso para novaterramcz@gmail.com