

******************** 04 maio 2022 17:31 UTC ********************
AcyMailing Disparado em 04 maio 2022 14:31
1 campanha (s) programada (s)
70 mensagens processadas: 70 com sucesso, 0 falharam
---- Details ----
118 emails foram adicionados à fila para a Campanha Agendada <b>Acompanhamento de Obras - Drone | Maio 2022</b>
[ ID 73] Mensagem Acompanhe sua obra! enviada com sucesso para erifsgomes@gmail.com
[ ID 73] Mensagem Acompanhe sua obra! enviada com sucesso para atendimento@plataformaengenharia.com
[ ID 73] Mensagem Acompanhe sua obra! enviada com sucesso para contato@interativoengenharia.com
[ ID 73] Mensagem Acompanhe sua obra! enviada com sucesso para ct.engenharia@hotmail.com
[ ID 73] Mensagem Acompanhe sua obra! enviada com sucesso para contato@northengenharia.com.br
[ ID 73] Mensagem Acompanhe sua obra! enviada com sucesso para contato@solidaengenharia-al.com.br
[ ID 73] Mensagem Acompanhe sua obra! enviada com sucesso para contato@planjetar.com.br
[ ID 73] Mensagem Acompanhe sua obra! enviada com sucesso para cguilhermino@gmail.com
[ ID 73] Mensagem Acompanhe sua obra! enviada com sucesso para contato@solidez-al.com.br
[ ID 73] Mensagem Acompanhe sua obra! enviada com sucesso para engenharq@engenharq.com.br
[ ID 73] Mensagem Acompanhe sua obra! enviada com sucesso para comercial@fortexengenharia.com.br
[ ID 73] Mensagem Acompanhe sua obra! enviada com sucesso para v2@v2construcoes.com.br
[ ID 73] Mensagem Acompanhe sua obra! enviada com sucesso para assistencia@colil.com.br
[ ID 73] Mensagem Acompanhe sua obra! enviada com sucesso para contato@p2eengenharia.com.br
[ ID 73] Mensagem Acompanhe sua obra! enviada com sucesso para calcular@calcular.eng.br
[ ID 73] Mensagem Acompanhe sua obra! enviada com sucesso para CONTATO@ZETAESTRUTURAL.COM.BR
[ ID 73] Mensagem Acompanhe sua obra! enviada com sucesso para m2lt@m2lt.com.br
[ ID 73] Mensagem Acompanhe sua obra! enviada com sucesso para engenharia@nassarengenharia.com.br
[ ID 73] Mensagem Acompanhe sua obra! enviada com sucesso para projetar@gprojetar.com.br
[ ID 73] Mensagem Acompanhe sua obra! enviada com sucesso para abece@abece.com.br
[ ID 73] Mensagem Acompanhe sua obra! enviada com sucesso para uchoa@uchoaconstrucoes.com.br
[ ID 73] Mensagem Acompanhe sua obra! enviada com sucesso para contato@engenhariademateriaisltda.com.br
[ ID 73] Mensagem Acompanhe sua obra! enviada com sucesso para engenharia@laresconstrucoes.com.br
[ ID 73] Mensagem Acompanhe sua obra! enviada com sucesso para contato@marroquim.com.br
[ ID 73] Mensagem Acompanhe sua obra! enviada com sucesso para faleconosco@mouradubeux.com.br
[ ID 73] Mensagem Acompanhe sua obra! enviada com sucesso para COMERCIAL@PRECOL.COM.BR
[ ID 73] Mensagem Acompanhe sua obra! enviada com sucesso para contato@primeincorporacoes.com.br
[ ID 73] Mensagem Acompanhe sua obra! enviada com sucesso para contato@recordinc.com.br
[ ID 73] Mensagem Acompanhe sua obra! enviada com sucesso para sac@reycon.com.br
[ ID 73] Mensagem Acompanhe sua obra! enviada com sucesso para contato@tetoplanejamento.com.br
[ ID 73] Mensagem Acompanhe sua obra! enviada com sucesso para comercial@consencoedificacoes.com.br
[ ID 73] Mensagem Acompanhe sua obra! enviada com sucesso para construtorapenedo@hotmail.com
[ ID 73] Mensagem Acompanhe sua obra! enviada com sucesso para contato@construtorasauer-al.com.br
[ ID 73] Mensagem Acompanhe sua obra! enviada com sucesso para contrato@contratoengenharia.com.br
[ ID 73] Mensagem Acompanhe sua obra! enviada com sucesso para comercial@conyeng.com.br
[ ID 73] Mensagem Acompanhe sua obra! enviada com sucesso para administrativo@decisaoengenharia-al.com.br
[ ID 73] Mensagem Acompanhe sua obra! enviada com sucesso para contato@dltengenharia.com.br
[ ID 73] Mensagem Acompanhe sua obra! enviada com sucesso para vitor@monsantoengenharia.com.br
[ ID 73] Mensagem Acompanhe sua obra! enviada com sucesso para delman.mcz@delman.com.br
[ ID 73] Mensagem Acompanhe sua obra! enviada com sucesso para relacionamento@aljosconstrutora.com.br
[ ID 73] Mensagem Acompanhe sua obra! enviada com sucesso para rsconstrutoraltda@hotmail.com
[ ID 73] Mensagem Acompanhe sua obra! enviada com sucesso para contato@am3engenharia.com.br
[ ID 73] Mensagem Acompanhe sua obra! enviada com sucesso para sapaulista@sapaulista.com.br
[ ID 73] Mensagem Acompanhe sua obra! enviada com sucesso para atendimento@rpontes.com.br
[ ID 73] Mensagem Acompanhe sua obra! enviada com sucesso para denison@dltengenharia.com.br
[ ID 73] Mensagem Acompanhe sua obra! enviada com sucesso para lokcerto@planoaengenharia.com.br
[ ID 73] Mensagem Acompanhe sua obra! enviada com sucesso para contato@arqnorm.com
[ ID 73] Mensagem Acompanhe sua obra! enviada com sucesso para duoconstrucoes@hotmail.com
[ ID 73] Mensagem Acompanhe sua obra! enviada com sucesso para contato.arcinline@gmail.com
[ ID 73] Mensagem Acompanhe sua obra! enviada com sucesso para soteli.al@hotmail.com
[ ID 73] Mensagem Acompanhe sua obra! enviada com sucesso para contato@ritzincorporacoes.com.br
[ ID 73] Mensagem Acompanhe sua obra! enviada com sucesso para thays@razaoempreendimentos.com.br
[ ID 73] Mensagem Acompanhe sua obra! enviada com sucesso para contato@podiumengenharia.com
[ ID 73] Mensagem Acompanhe sua obra! enviada com sucesso para engenharia@rmoreiraconstrucoes.com.br
[ ID 73] Mensagem Acompanhe sua obra! enviada com sucesso para diretoria@domnaengenharia.com.br
[ ID 73] Mensagem Acompanhe sua obra! enviada com sucesso para CONSTRUTORA@VITTRE.COM.BR
[ ID 73] Mensagem Acompanhe sua obra! enviada com sucesso para atendimento@mmeparavoce.com.br
[ ID 73] Mensagem Acompanhe sua obra! enviada com sucesso para curriculo.ecopar@gmail.com
[ ID 73] Mensagem Acompanhe sua obra! enviada com sucesso para santafengenharia@gmail.com
[ ID 73] Mensagem Acompanhe sua obra! enviada com sucesso para suprimentos@sancoengenharia.com.br
[ ID 73] Mensagem Acompanhe sua obra! enviada com sucesso para lizandro@engenharq.com.br
[ ID 73] Mensagem Acompanhe sua obra! enviada com sucesso para engenharia@v2construcoes.com.br
[ ID 73] Mensagem Acompanhe sua obra! enviada com sucesso para comercial@telesilengenharia.com.br
[ ID 73] Mensagem Acompanhe sua obra! enviada com sucesso para hugo@colil.com.br
[ ID 73] Mensagem Acompanhe sua obra! enviada com sucesso para felipe@uchoaconstrucoes.com.br
[ ID 73] Mensagem Acompanhe sua obra! enviada com sucesso para lucas@dltengenharia.com.br
[ ID 73] Mensagem Acompanhe sua obra! enviada com sucesso para raphael@ecoparengenharia.com.br
[ ID 73] Mensagem Acompanhe sua obra! enviada com sucesso para compras@sapaulista.com.br
[ ID 73] Mensagem Acompanhe sua obra! enviada com sucesso para contato@cavalcantepeixoto.com
[ ID 73] Mensagem Acompanhe sua obra! enviada com sucesso para contato@greenbrasil.eng.br

******************** 04 maio 2022 17:46 UTC ********************
AcyMailing Disparado em 04 maio 2022 14:46
48 mensagens processadas: 48 com sucesso, 0 falharam
---- Details ----
[ ID 73] Mensagem Acompanhe sua obra! enviada com sucesso para diretoriacomercial@concretoamorimconstrucoes.com.br
[ ID 73] Mensagem Acompanhe sua obra! enviada com sucesso para diretoria@conengeengenharia.com.br
[ ID 73] Mensagem Acompanhe sua obra! enviada com sucesso para contato@contemporaneaconstrucoes.com.br
[ ID 73] Mensagem Acompanhe sua obra! enviada com sucesso para contato@rochaltda.com.br
[ ID 73] Mensagem Acompanhe sua obra! enviada com sucesso para atendimento@toledocabral.com.br
[ ID 73] Mensagem Acompanhe sua obra! enviada com sucesso para enengi@enengi.com.br
[ ID 73] Mensagem Acompanhe sua obra! enviada com sucesso para jcamendonca@hotmail.com
[ ID 73] Mensagem Acompanhe sua obra! enviada com sucesso para luciano.barros@limpel.com.br
[ ID 73] Mensagem Acompanhe sua obra! enviada com sucesso para wagnercabralengenharia@hotmail.com
[ ID 73] Mensagem Acompanhe sua obra! enviada com sucesso para sanco@sancoengenharia.com.br
[ ID 73] Mensagem Acompanhe sua obra! enviada com sucesso para g.lcerutti@ceruttiengenharia.com.br
[ ID 73] Mensagem Acompanhe sua obra! enviada com sucesso para lares@laresconstrucoes.com.br
[ ID 73] Mensagem Acompanhe sua obra! enviada com sucesso para maucon.al@uol.com.br
[ ID 73] Mensagem Acompanhe sua obra! enviada com sucesso para carlos.andre@pactoengenharia.com
[ ID 73] Mensagem Acompanhe sua obra! enviada com sucesso para flivio@planoaengenharia.com.br
[ ID 73] Mensagem Acompanhe sua obra! enviada com sucesso para moises.diretoria@precol.com.br
[ ID 73] Mensagem Acompanhe sua obra! enviada com sucesso para contato@construtorapenedo.com.br
[ ID 73] Mensagem Acompanhe sua obra! enviada com sucesso para atendimento@construtorasauer-al.com.br
[ ID 73] Mensagem Acompanhe sua obra! enviada com sucesso para atendimento@consencoedificacoes.com.br
[ ID 73] Mensagem Acompanhe sua obra! enviada com sucesso para contato@amecengenhariaeconsultoria.com.br
[ ID 73] Mensagem Acompanhe sua obra! enviada com sucesso para construtorahf@hotmail.com
[ ID 73] Mensagem Acompanhe sua obra! enviada com sucesso para merito.al@uol.com.br
[ ID 73] Mensagem Acompanhe sua obra! enviada com sucesso para pedro.henrique@meurocha.com.br
[ ID 73] Mensagem Acompanhe sua obra! enviada com sucesso para jefferson.aquino@meurocha.com.br
[ ID 73] Mensagem Acompanhe sua obra! enviada com sucesso para bruno@meurocha.com.br
[ ID 73] Mensagem Acompanhe sua obra! enviada com sucesso para layla.freitas@engeseg.net
[ ID 73] Mensagem Acompanhe sua obra! enviada com sucesso para vanessadias@vdconsultoria.com.br
[ ID 73] Mensagem Acompanhe sua obra! enviada com sucesso para gilvan.firmino@tpfe.com.br
[ ID 73] Mensagem Acompanhe sua obra! enviada com sucesso para fabio.carvalho@tpfe.com.br
[ ID 73] Mensagem Acompanhe sua obra! enviada com sucesso para lyvia.gama@tpfe.com.br
[ ID 73] Mensagem Acompanhe sua obra! enviada com sucesso para compras@plataformaengenharia.com
[ ID 73] Mensagem Acompanhe sua obra! enviada com sucesso para cinthya.gleise@meurocha.com.br
[ ID 73] Mensagem Acompanhe sua obra! enviada com sucesso para financeiro@fortexengenharia.com.br
[ ID 73] Mensagem Acompanhe sua obra! enviada com sucesso para luiz@colil.com.br
[ ID 73] Mensagem Acompanhe sua obra! enviada com sucesso para suprimentos@tphengenharia.com.br
[ ID 73] Mensagem Acompanhe sua obra! enviada com sucesso para compras@coutinhoincorporacoes.com.br
[ ID 73] Mensagem Acompanhe sua obra! enviada com sucesso para contato@esencengenharia.com.br
[ ID 73] Mensagem Acompanhe sua obra! enviada com sucesso para grazielle@construtoranerimartins.com.br
[ ID 73] Mensagem Acompanhe sua obra! enviada com sucesso para guilherme@contratoengenharia.com.br
[ ID 73] Mensagem Acompanhe sua obra! enviada com sucesso para valcy@consencoedificacoes.com.br
[ ID 73] Mensagem Acompanhe sua obra! enviada com sucesso para carltney@conyeng.com.br
[ ID 73] Mensagem Acompanhe sua obra! enviada com sucesso para compras1@ecoparengenharia.com.br
[ ID 73] Mensagem Acompanhe sua obra! enviada com sucesso para ricardo@razaoempreendimentos.com.br
[ ID 73] Mensagem Acompanhe sua obra! enviada com sucesso para lopesquintinoengenharia@gmail.com
[ ID 73] Mensagem Acompanhe sua obra! enviada com sucesso para taisa@dbn.eng.br
[ ID 73] Mensagem Acompanhe sua obra! enviada com sucesso para contato@mhrengenharia.com.br
[ ID 73] Mensagem Acompanhe sua obra! enviada com sucesso para anderson@renovesolucoes.eng.br
[ ID 73] Mensagem Acompanhe sua obra! enviada com sucesso para comercial@marcanteeng.com.br