

******************** 10 novembro 2022 18:21 UTC ********************
AcyMailing Disparado em 10 novembro 2022 15:21
1 campanha (s) programada (s)
70 mensagens processadas: 70 com sucesso, 0 falharam
---- Details ----
305 emails foram adicionados à fila para a Campanha Agendada <b>Drone Pernambuco - CC | Outubro 2022</b>
[ID 92] Mensagem Imagens aéreas de sua obra enviada com sucesso para suprimentos@recordinc.com.br
[ID 92] Mensagem Imagens aéreas de sua obra enviada com sucesso para andrea.souza@coloradoempreendimentos.com
[ID 92] Mensagem Imagens aéreas de sua obra enviada com sucesso para geovanni.amorim@coloradoempreendimentos.com
[ID 92] Mensagem Imagens aéreas de sua obra enviada com sucesso para paulo.souza@passarelli.com.br
[ID 92] Mensagem Imagens aéreas de sua obra enviada com sucesso para financeiro@planesengenharia.com.br
[ID 92] Mensagem Imagens aéreas de sua obra enviada com sucesso para rebeca.ximenes@recordinc.com.br
[ID 92] Mensagem Imagens aéreas de sua obra enviada com sucesso para jose.ronaldo@mrv.com.br
[ID 92] Mensagem Imagens aéreas de sua obra enviada com sucesso para suprimentos.mrv@mrv.com.br
[ID 92] Mensagem Imagens aéreas de sua obra enviada com sucesso para compras@passarelli.com.br
[ID 92] Mensagem Imagens aéreas de sua obra enviada com sucesso para compras.maua@adram.com.br
[ID 92] Mensagem Imagens aéreas de sua obra enviada com sucesso para agenor.peres@bauminas.com.br
[ID 92] Mensagem Imagens aéreas de sua obra enviada com sucesso para comercial@incorporadorasaomateus.com.br
[ID 92] Mensagem Imagens aéreas de sua obra enviada com sucesso para cpl@compesa.com.br
[ID 92] Mensagem Imagens aéreas de sua obra enviada com sucesso para aluisio@otl.com.br
[ID 92] Mensagem Imagens aéreas de sua obra enviada com sucesso para marcelo.albuquerque@pbconstrucoes.com
[ID 92] Mensagem Imagens aéreas de sua obra enviada com sucesso para ely.sousa@pbconstrucoes.com
[ID 92] Mensagem Imagens aéreas de sua obra enviada com sucesso para administrativo@ebsa.net.br
[ID 92] Mensagem Imagens aéreas de sua obra enviada com sucesso para patricia@ebsa.net.br
[ID 92] Mensagem Imagens aéreas de sua obra enviada com sucesso para amir@mfengenhariape.com.br
[ID 92] Mensagem Imagens aéreas de sua obra enviada com sucesso para compras@freitasconstrucoes.com.br
[ID 92] Mensagem Imagens aéreas de sua obra enviada com sucesso para compras@rioave.com.br
[ID 92] Mensagem Imagens aéreas de sua obra enviada com sucesso para andrea@cpconstrucao.com
[ID 92] Mensagem Imagens aéreas de sua obra enviada com sucesso para jivago@aclf.com.br
[ID 92] Mensagem Imagens aéreas de sua obra enviada com sucesso para andrea.sena@multicon.com.br
[ID 92] Mensagem Imagens aéreas de sua obra enviada com sucesso para paulasantos@aclf.com.br
[ID 92] Mensagem Imagens aéreas de sua obra enviada com sucesso para insumos@unique.eng.br
[ID 92] Mensagem Imagens aéreas de sua obra enviada com sucesso para suprimentos@unique.eng.br
[ID 92] Mensagem Imagens aéreas de sua obra enviada com sucesso para djair@poupec.com.br
[ID 92] Mensagem Imagens aéreas de sua obra enviada com sucesso para jean@construtorabaggio.com.br
[ID 92] Mensagem Imagens aéreas de sua obra enviada com sucesso para compras@agaspar.com.br
[ID 92] Mensagem Imagens aéreas de sua obra enviada com sucesso para adm@scopoempreendimentos.com.br
[ID 92] Mensagem Imagens aéreas de sua obra enviada com sucesso para eduarda.rubim@dse.com.br
[ID 92] Mensagem Imagens aéreas de sua obra enviada com sucesso para silvana.maciel@dse.com.br
[ID 92] Mensagem Imagens aéreas de sua obra enviada com sucesso para antonio.alcaengenharia@gmail.com
[ID 92] Mensagem Imagens aéreas de sua obra enviada com sucesso para comercial@haut.id
[ID 92] Mensagem Imagens aéreas de sua obra enviada com sucesso para patricia.santana@haut.id
[ID 92] Mensagem Imagens aéreas de sua obra enviada com sucesso para ivonildo.ff@asanet.com.br
[ID 92] Mensagem Imagens aéreas de sua obra enviada com sucesso para carloseduardo@grupoluna.com.br
[ID 92] Mensagem Imagens aéreas de sua obra enviada com sucesso para mario@lmaempreendimentos.com.br
[ID 92] Mensagem Imagens aéreas de sua obra enviada com sucesso para compras@gtshopping.com.br
[ID 92] Mensagem Imagens aéreas de sua obra enviada com sucesso para pamella.franca@lmaempreendimentos.com.br
[ID 92] Mensagem Imagens aéreas de sua obra enviada com sucesso para augusto.barbosa@auroradecasaforte.com.br
[ID 92] Mensagem Imagens aéreas de sua obra enviada com sucesso para compras@carrilho.com.br
[ID 92] Mensagem Imagens aéreas de sua obra enviada com sucesso para jose.lima@carrilho.com.br
[ID 92] Mensagem Imagens aéreas de sua obra enviada com sucesso para nidiana@carrilho.com.br
[ID 92] Mensagem Imagens aéreas de sua obra enviada com sucesso para recepcao@carrilho.com.br
[ID 92] Mensagem Imagens aéreas de sua obra enviada com sucesso para construtoraams02@gmail.com
[ID 92] Mensagem Imagens aéreas de sua obra enviada com sucesso para marcosantonio@recife.pe.gov.br
[ID 92] Mensagem Imagens aéreas de sua obra enviada com sucesso para romao@uniterraconstrutora.com.br
[ID 92] Mensagem Imagens aéreas de sua obra enviada com sucesso para suprimentos@heca.com.br
[ID 92] Mensagem Imagens aéreas de sua obra enviada com sucesso para augusto.medeiros@mouradubeux.com.br
[ID 92] Mensagem Imagens aéreas de sua obra enviada com sucesso para denis.feitosa@mouradubeux.com.br
[ID 92] Mensagem Imagens aéreas de sua obra enviada com sucesso para georgevalenca@mouradubeux.com.br
[ID 92] Mensagem Imagens aéreas de sua obra enviada com sucesso para lucianapontual@pontualarquitetos.com.br
[ID 92] Mensagem Imagens aéreas de sua obra enviada com sucesso para maria.santos@mouradubeux.com.br
[ID 92] Mensagem Imagens aéreas de sua obra enviada com sucesso para diogenes@maxplural.com.br
[ID 92] Mensagem Imagens aéreas de sua obra enviada com sucesso para suprimentos@saetowers.com.br
[ID 92] Mensagem Imagens aéreas de sua obra enviada com sucesso para marilia@maxplural.com.br
[ID 92] Mensagem Imagens aéreas de sua obra enviada com sucesso para engenharia@blau.com
[ID 92] Mensagem Imagens aéreas de sua obra enviada com sucesso para walter.neto@blau.com
[ID 92] Mensagem Imagens aéreas de sua obra enviada com sucesso para fernanda.santos@haut.id
[ID 92] Mensagem Imagens aéreas de sua obra enviada com sucesso para vilmarpaiva@gmail.com
[ID 92] Mensagem Imagens aéreas de sua obra enviada com sucesso para arybahia@arboreengenharia.com.br
[ID 92] Mensagem Imagens aéreas de sua obra enviada com sucesso para diegoaraujo@arboreengenharia.com.br
[ID 92] Mensagem Imagens aéreas de sua obra enviada com sucesso para karinasantos@arboreengenharia.com.br
[ID 92] Mensagem Imagens aéreas de sua obra enviada com sucesso para vitorino@arboreengenharia.com.br
[ID 92] Mensagem Imagens aéreas de sua obra enviada com sucesso para suprimentos@tenoriosimoes.com.br
[ID 92] Mensagem Imagens aéreas de sua obra enviada com sucesso para engenharia@comerconstrutora.com.br
[ID 92] Mensagem Imagens aéreas de sua obra enviada com sucesso para compras@uniterraconstrutora.com.br
[ID 92] Mensagem Imagens aéreas de sua obra enviada com sucesso para sanzia@pernambucoconstrutora.com.br

******************** 10 novembro 2022 18:28 UTC ********************
AcyMailing Disparado em 10 novembro 2022 15:28
70 mensagens processadas: 70 com sucesso, 0 falharam
---- Details ----
[ID 92] Mensagem Imagens aéreas de sua obra enviada com sucesso para compras@concrepoxi.com.br
[ID 92] Mensagem Imagens aéreas de sua obra enviada com sucesso para moacir.barros@mouradubeux.com.br
[ID 92] Mensagem Imagens aéreas de sua obra enviada com sucesso para financeiro@melorodrigues.com.br
[ID 92] Mensagem Imagens aéreas de sua obra enviada com sucesso para cplobras.caruaru@gmail.com
[ID 92] Mensagem Imagens aéreas de sua obra enviada com sucesso para compras2@construtoratecla.com.br
[ID 92] Mensagem Imagens aéreas de sua obra enviada com sucesso para joaopedro@construtoratecla.com.br
[ID 92] Mensagem Imagens aéreas de sua obra enviada com sucesso para marcela@construtoratecla.com.br
[ID 92] Mensagem Imagens aéreas de sua obra enviada com sucesso para dayanna@noronhapescados.com.br
[ID 92] Mensagem Imagens aéreas de sua obra enviada com sucesso para taylane@noronhapescados.com.br
[ID 92] Mensagem Imagens aéreas de sua obra enviada com sucesso para compras@glempreendimentos.com.br
[ID 92] Mensagem Imagens aéreas de sua obra enviada com sucesso para thiago.hollanda@glempreendimentos.com.br
[ID 92] Mensagem Imagens aéreas de sua obra enviada com sucesso para sergio.pereira@mouradubeux.com.br
[ID 92] Mensagem Imagens aéreas de sua obra enviada com sucesso para bruna.viana@haut.id
[ID 92] Mensagem Imagens aéreas de sua obra enviada com sucesso para comprasscc@mmempreendimentos.eng.br
[ID 92] Mensagem Imagens aéreas de sua obra enviada com sucesso para marcos.fontes@cmmeng.com.br
[ID 92] Mensagem Imagens aéreas de sua obra enviada com sucesso para raimundocosta@cmmeng.com.br
[ID 92] Mensagem Imagens aéreas de sua obra enviada com sucesso para eliziario@mwengenharia.net
[ID 92] Mensagem Imagens aéreas de sua obra enviada com sucesso para rodolfo@hbr.eng.br
[ID 92] Mensagem Imagens aéreas de sua obra enviada com sucesso para ana.ligia@comparedistribuidora.com.br
[ID 92] Mensagem Imagens aéreas de sua obra enviada com sucesso para andressa.rossi@kromaenergia.com.br
[ID 92] Mensagem Imagens aéreas de sua obra enviada com sucesso para financeiro@unique.eng.br
[ID 92] Mensagem Imagens aéreas de sua obra enviada com sucesso para dsg@flamac.com.br
[ID 92] Mensagem Imagens aéreas de sua obra enviada com sucesso para compras@comerconstrutora.com.br
[ID 92] Mensagem Imagens aéreas de sua obra enviada com sucesso para contato@morimori.com.br
[ID 92] Mensagem Imagens aéreas de sua obra enviada com sucesso para compras@morimori.com.br
[ID 92] Mensagem Imagens aéreas de sua obra enviada com sucesso para jadson.palheta@direcional.com.br
[ID 92] Mensagem Imagens aéreas de sua obra enviada com sucesso para jose.belem@direcional.com.br
[ID 92] Mensagem Imagens aéreas de sua obra enviada com sucesso para fornecedor@direcional.com.br
[ID 92] Mensagem Imagens aéreas de sua obra enviada com sucesso para dpessoal@construtorarr.com.br
[ID 92] Mensagem Imagens aéreas de sua obra enviada com sucesso para compras@multtecnicaengenharia.com.br
[ID 92] Mensagem Imagens aéreas de sua obra enviada com sucesso para compras@construtorasantoantonio.com.br
[ID 92] Mensagem Imagens aéreas de sua obra enviada com sucesso para gestorgt@construtorasantoantonio.com.br
[ID 92] Mensagem Imagens aéreas de sua obra enviada com sucesso para atendimento@construtorasantoantonio.com.br
[ID 92] Mensagem Imagens aéreas de sua obra enviada com sucesso para gestorcal@construtorasantoantonio.com.br
[ID 92] Mensagem Imagens aéreas de sua obra enviada com sucesso para fernando.novais@gruposfa.com.br
[ID 92] Mensagem Imagens aéreas de sua obra enviada com sucesso para jclengenharia@hotmail.com
[ID 92] Mensagem Imagens aéreas de sua obra enviada com sucesso para compras@pbconstrucoes.com
[ID 92] Mensagem Imagens aéreas de sua obra enviada com sucesso para gabriel@castronevesconstrutora.com.br
[ID 92] Mensagem Imagens aéreas de sua obra enviada com sucesso para compras2@construtorarr.com.br
[ID 92] Mensagem Imagens aéreas de sua obra enviada com sucesso para ept@multicon.com.br
[ID 92] Mensagem Imagens aéreas de sua obra enviada com sucesso para halison.moreira@cmmeng.com.br
[ID 92] Mensagem Imagens aéreas de sua obra enviada com sucesso para danielle.alcaengenharia@gmail.com
[ID 92] Mensagem Imagens aéreas de sua obra enviada com sucesso para tertius.neto@mwengenharia.net
[ID 92] Mensagem Imagens aéreas de sua obra enviada com sucesso para francisco@dimeloconstrucoes.com.br
[ID 92] Mensagem Imagens aéreas de sua obra enviada com sucesso para recepcao.pe@interlandia.com.br
[ID 92] Mensagem Imagens aéreas de sua obra enviada com sucesso para vanderson.ramos@baptistaleal.com.br
[ID 92] Mensagem Imagens aéreas de sua obra enviada com sucesso para thiago.falcao@construtoraconic.com.br
[ID 92] Mensagem Imagens aéreas de sua obra enviada com sucesso para herculano.caldas@mouradubeux.com.br
[ID 92] Mensagem Imagens aéreas de sua obra enviada com sucesso para igorazoia@gmail.com
[ID 92] Mensagem Imagens aéreas de sua obra enviada com sucesso para sergio@exataengenharia.com.br
[ID 92] Mensagem Imagens aéreas de sua obra enviada com sucesso para compras@exataengenharia.com.br
[ID 92] Mensagem Imagens aéreas de sua obra enviada com sucesso para fabiana@valedoave.com.br
[ID 92] Mensagem Imagens aéreas de sua obra enviada com sucesso para filipe@valedoave.com.br
[ID 92] Mensagem Imagens aéreas de sua obra enviada com sucesso para recepcaohumayta@gmail.com
[ID 92] Mensagem Imagens aéreas de sua obra enviada com sucesso para igortorreshsa@hotmail.com
[ID 92] Mensagem Imagens aéreas de sua obra enviada com sucesso para compras@pernambucoconstrutora.com.br
[ID 92] Mensagem Imagens aéreas de sua obra enviada com sucesso para suprimentos@maxplural.com.br
[ID 92] Mensagem Imagens aéreas de sua obra enviada com sucesso para obra.polaris@gmail.com
[ID 92] Mensagem Imagens aéreas de sua obra enviada com sucesso para aluguel@caminha.com.br
[ID 92] Mensagem Imagens aéreas de sua obra enviada com sucesso para gideao@valedoave.com.br
[ID 92] Mensagem Imagens aéreas de sua obra enviada com sucesso para contato@reisempreendimentos.com.br
[ID 92] Mensagem Imagens aéreas de sua obra enviada com sucesso para gustavoreis@reisempreendimentos.com.br
[ID 92] Mensagem Imagens aéreas de sua obra enviada com sucesso para compras@reisempreendimentos.com.br
[ID 92] Mensagem Imagens aéreas de sua obra enviada com sucesso para felipeantunes@awmengenharia.com.br
[ID 92] Mensagem Imagens aéreas de sua obra enviada com sucesso para compras@awmengenharia.com.br
[ID 92] Mensagem Imagens aéreas de sua obra enviada com sucesso para projetos@awmengenharia.com.br
[ID 92] Mensagem Imagens aéreas de sua obra enviada com sucesso para construtora@machadoguimaraes.com.br
[ID 92] Mensagem Imagens aéreas de sua obra enviada com sucesso para suprimentos@haut.id
[ID 92] Mensagem Imagens aéreas de sua obra enviada com sucesso para dt@flamac.com.br
[ID 92] Mensagem Imagens aéreas de sua obra enviada com sucesso para bruno@construtoraholanda.com.br

******************** 10 novembro 2022 18:41 UTC ********************
AcyMailing Disparado em 10 novembro 2022 15:41
70 mensagens processadas: 70 com sucesso, 0 falharam
---- Details ----
[ID 92] Mensagem Imagens aéreas de sua obra enviada com sucesso para sodre@construtoraholanda.com.br
[ID 92] Mensagem Imagens aéreas de sua obra enviada com sucesso para recepcao@construtoraholanda.com.br
[ID 92] Mensagem Imagens aéreas de sua obra enviada com sucesso para newhomeempreendimentos@yahoo.com.br
[ID 92] Mensagem Imagens aéreas de sua obra enviada com sucesso para obras@newhomeempreendimentos.com.br
[ID 92] Mensagem Imagens aéreas de sua obra enviada com sucesso para nathaliatenorio@newhomeempreendimentos.com.br
[ID 92] Mensagem Imagens aéreas de sua obra enviada com sucesso para anderson@comello.com.br
[ID 92] Mensagem Imagens aéreas de sua obra enviada com sucesso para comello@comello.com.br
[ID 92] Mensagem Imagens aéreas de sua obra enviada com sucesso para fabioalmeida@gamaarquitetura.com
[ID 92] Mensagem Imagens aéreas de sua obra enviada com sucesso para isaier.farias@renel.com.br
[ID 92] Mensagem Imagens aéreas de sua obra enviada com sucesso para compras@camposgouveia.com.br
[ID 92] Mensagem Imagens aéreas de sua obra enviada com sucesso para marketing@camposgouveia.com.br
[ID 92] Mensagem Imagens aéreas de sua obra enviada com sucesso para operacional@gajaconstrutora.com.br
[ID 92] Mensagem Imagens aéreas de sua obra enviada com sucesso para jessica@clcconstrutora.com.br
[ID 92] Mensagem Imagens aéreas de sua obra enviada com sucesso para obra.wbv@ca3construtora.com.br
[ID 92] Mensagem Imagens aéreas de sua obra enviada com sucesso para angeloporto@cpconstrucao.com
[ID 92] Mensagem Imagens aéreas de sua obra enviada com sucesso para tiagoharim@cpconstrucao.com
[ID 92] Mensagem Imagens aéreas de sua obra enviada com sucesso para comercial2@construtoratecla.com.br
[ID 92] Mensagem Imagens aéreas de sua obra enviada com sucesso para atendimento@ifp.com.br
[ID 92] Mensagem Imagens aéreas de sua obra enviada com sucesso para suprimentos@ifp.com.br
[ID 92] Mensagem Imagens aéreas de sua obra enviada com sucesso para arosidonio@uol.com.br
[ID 92] Mensagem Imagens aéreas de sua obra enviada com sucesso para jhlb04@hotmail.com
[ID 92] Mensagem Imagens aéreas de sua obra enviada com sucesso para compras@melorodrigues.com.br
[ID 92] Mensagem Imagens aéreas de sua obra enviada com sucesso para teti.aloizio@recife.pe.gov.br
[ID 92] Mensagem Imagens aéreas de sua obra enviada com sucesso para ivanaferraz@conlar.com
[ID 92] Mensagem Imagens aéreas de sua obra enviada com sucesso para compras@conlar.com
[ID 92] Mensagem Imagens aéreas de sua obra enviada com sucesso para sandroserra@conlar.com
[ID 92] Mensagem Imagens aéreas de sua obra enviada com sucesso para jorge@jatobeton.com.br
[ID 92] Mensagem Imagens aéreas de sua obra enviada com sucesso para compras@marcaengenharia.com
[ID 92] Mensagem Imagens aéreas de sua obra enviada com sucesso para contasapagar@ca3construtora.com.br
[ID 92] Mensagem Imagens aéreas de sua obra enviada com sucesso para tarceu.neto@mouradubeux.com.br
[ID 92] Mensagem Imagens aéreas de sua obra enviada com sucesso para henrique@amazonenergybrasil.com
[ID 92] Mensagem Imagens aéreas de sua obra enviada com sucesso para scave@scave.com.br
[ID 92] Mensagem Imagens aéreas de sua obra enviada com sucesso para ehvf80@gmail.com
[ID 92] Mensagem Imagens aéreas de sua obra enviada com sucesso para joseroberto@engearpb.com.br
[ID 92] Mensagem Imagens aéreas de sua obra enviada com sucesso para freitas@freitasconstrucoes.com.br
[ID 92] Mensagem Imagens aéreas de sua obra enviada com sucesso para jschvarts@gmail.com
[ID 92] Mensagem Imagens aéreas de sua obra enviada com sucesso para dimas@construtorasbm.com.br
[ID 92] Mensagem Imagens aéreas de sua obra enviada com sucesso para henrique@construtorasbm.com.br
[ID 92] Mensagem Imagens aéreas de sua obra enviada com sucesso para raquel@construtorasbm.com.br
[ID 92] Mensagem Imagens aéreas de sua obra enviada com sucesso para j.ortencia@guarnieriengenharia.com
[ID 92] Mensagem Imagens aéreas de sua obra enviada com sucesso para julianamendonca@trioempreendimentos.com
[ID 92] Mensagem Imagens aéreas de sua obra enviada com sucesso para suprimentos@aclf.com.br
[ID 92] Mensagem Imagens aéreas de sua obra enviada com sucesso para suprimentos@construtorabaggio.com.br
[ID 92] Mensagem Imagens aéreas de sua obra enviada com sucesso para caio.cesarcifra@gmail.com
[ID 92] Mensagem Imagens aéreas de sua obra enviada com sucesso para cristiane.cifra@gmail.com
[ID 92] Mensagem Imagens aéreas de sua obra enviada com sucesso para cifraeng@bol.com.br
[ID 92] Mensagem Imagens aéreas de sua obra enviada com sucesso para wellington.oliveira@wvoengenharia.com.br
[ID 92] Mensagem Imagens aéreas de sua obra enviada com sucesso para lucas.so@asanet.com.br
[ID 92] Mensagem Imagens aéreas de sua obra enviada com sucesso para flaviano.oliveira@heca.com.br
[ID 92] Mensagem Imagens aéreas de sua obra enviada com sucesso para roberto.cavalcanti@romaeducacional.com.br
[ID 92] Mensagem Imagens aéreas de sua obra enviada com sucesso para luiz.paulo@tpfe.com.br
[ID 92] Mensagem Imagens aéreas de sua obra enviada com sucesso para ricardo.lima@fibrasa.com.br
[ID 92] Mensagem Imagens aéreas de sua obra enviada com sucesso para d.lins@guarnieriengenharia.com
[ID 92] Mensagem Imagens aéreas de sua obra enviada com sucesso para suprimentos@hbr.eng.br
[ID 92] Mensagem Imagens aéreas de sua obra enviada com sucesso para engenharia02@engearpb.com.br
[ID 92] Mensagem Imagens aéreas de sua obra enviada com sucesso para gustavo@grupobastos.com
[ID 92] Mensagem Imagens aéreas de sua obra enviada com sucesso para manoela@grupobastos.com
[ID 92] Mensagem Imagens aéreas de sua obra enviada com sucesso para engenharia@argic.com.br
[ID 92] Mensagem Imagens aéreas de sua obra enviada com sucesso para manoel@arboreengenharia.com.br
[ID 92] Mensagem Imagens aéreas de sua obra enviada com sucesso para contato@ephouse.com.br
[ID 92] Mensagem Imagens aéreas de sua obra enviada com sucesso para vagas@goldentulipgravata.com.br
[ID 92] Mensagem Imagens aéreas de sua obra enviada com sucesso para comprascall.eng@gmail.com
[ID 92] Mensagem Imagens aéreas de sua obra enviada com sucesso para multisetcompras@gmail.com
[ID 92] Mensagem Imagens aéreas de sua obra enviada com sucesso para naly.souza@umaflex.com.br
[ID 92] Mensagem Imagens aéreas de sua obra enviada com sucesso para alfa.engenharia.2008@gmail.com
[ID 92] Mensagem Imagens aéreas de sua obra enviada com sucesso para secretaria@verbopetrolina.com
[ID 92] Mensagem Imagens aéreas de sua obra enviada com sucesso para adailton.oliveira@engeko.com.br
[ID 92] Mensagem Imagens aéreas de sua obra enviada com sucesso para suprimentos@engeko.com.br
[ID 92] Mensagem Imagens aéreas de sua obra enviada com sucesso para enzo.maestre@engeko.com.br
[ID 92] Mensagem Imagens aéreas de sua obra enviada com sucesso para felipe.santos@mouradubeux.com.br

******************** 10 novembro 2022 18:50 UTC ********************
AcyMailing Disparado em 10 novembro 2022 15:50
70 mensagens processadas: 70 com sucesso, 0 falharam
---- Details ----
[ID 92] Mensagem Imagens aéreas de sua obra enviada com sucesso para ablengenharia@hotmail.com
[ID 92] Mensagem Imagens aéreas de sua obra enviada com sucesso para romario@ekosbrasilengenharia.com.br
[ID 92] Mensagem Imagens aéreas de sua obra enviada com sucesso para custoscarajas@hotmail.com
[ID 92] Mensagem Imagens aéreas de sua obra enviada com sucesso para compras.carajas@hotmail.com
[ID 92] Mensagem Imagens aéreas de sua obra enviada com sucesso para secret_carajas@hotmail.com
[ID 92] Mensagem Imagens aéreas de sua obra enviada com sucesso para ruiajr2@hotmail.com
[ID 92] Mensagem Imagens aéreas de sua obra enviada com sucesso para alexandre.costa@awnet.com.br
[ID 92] Mensagem Imagens aéreas de sua obra enviada com sucesso para suprimentos@awnet.com.br
[ID 92] Mensagem Imagens aéreas de sua obra enviada com sucesso para fabio.wohnrath@awnet.com.br
[ID 92] Mensagem Imagens aéreas de sua obra enviada com sucesso para feliperenan@cpconstrucao.com
[ID 92] Mensagem Imagens aéreas de sua obra enviada com sucesso para claudiane@cpconstrucao.com
[ID 92] Mensagem Imagens aéreas de sua obra enviada com sucesso para suprimento@abcortereal.com.br
[ID 92] Mensagem Imagens aéreas de sua obra enviada com sucesso para suprimento2@abcortereal.com.br
[ID 92] Mensagem Imagens aéreas de sua obra enviada com sucesso para joselapa@consorciosirinhaem.com.br
[ID 92] Mensagem Imagens aéreas de sua obra enviada com sucesso para joelly.andrade@concrepoxi.com.br
[ID 92] Mensagem Imagens aéreas de sua obra enviada com sucesso para ricardo.barbosa@gbobras.com.br
[ID 92] Mensagem Imagens aéreas de sua obra enviada com sucesso para ideiasolucoesecomercio@gmail.com
[ID 92] Mensagem Imagens aéreas de sua obra enviada com sucesso para pedropitajr@hotmail.com
[ID 92] Mensagem Imagens aéreas de sua obra enviada com sucesso para comunicacao@verbopetrolina.com
[ID 92] Mensagem Imagens aéreas de sua obra enviada com sucesso para orcamento@ilumisolenergiasolar.com.br
[ID 92] Mensagem Imagens aéreas de sua obra enviada com sucesso para dallanoraengenharia@gmail.com
[ID 92] Mensagem Imagens aéreas de sua obra enviada com sucesso para ricardo@dallanora.com
[ID 92] Mensagem Imagens aéreas de sua obra enviada com sucesso para ana.lucia@intervidro.com.br
[ID 92] Mensagem Imagens aéreas de sua obra enviada com sucesso para bruno@interchoice.com.br
[ID 92] Mensagem Imagens aéreas de sua obra enviada com sucesso para asbezerra@tenda.com
[ID 92] Mensagem Imagens aéreas de sua obra enviada com sucesso para francisco.neto@tenda.com
[ID 92] Mensagem Imagens aéreas de sua obra enviada com sucesso para michel.mizushima@tenda.com
[ID 92] Mensagem Imagens aéreas de sua obra enviada com sucesso para tsbarbosa@tenda.com
[ID 92] Mensagem Imagens aéreas de sua obra enviada com sucesso para elisangela.barboza@mouradubeux.com.br
[ID 92] Mensagem Imagens aéreas de sua obra enviada com sucesso para solange.medeiros@mouradubeux.com.br
[ID 92] Mensagem Imagens aéreas de sua obra enviada com sucesso para suprimentos01@lapon.com.br
[ID 92] Mensagem Imagens aéreas de sua obra enviada com sucesso para compra@eliteengenharia.com.br
[ID 92] Mensagem Imagens aéreas de sua obra enviada com sucesso para atendimento@eliteengenharia.com.br
[ID 92] Mensagem Imagens aéreas de sua obra enviada com sucesso para projetospoligonus@gmail.com
[ID 92] Mensagem Imagens aéreas de sua obra enviada com sucesso para manuela@maxplural.com.br
[ID 92] Mensagem Imagens aéreas de sua obra enviada com sucesso para atendimento@mixcon.com.br
[ID 92] Mensagem Imagens aéreas de sua obra enviada com sucesso para vitor@projetomosaico.com.br
[ID 92] Mensagem Imagens aéreas de sua obra enviada com sucesso para ricardo_ancarcompras@hotmail.com
[ID 92] Mensagem Imagens aéreas de sua obra enviada com sucesso para dieison.sena@saetowers.com.br
[ID 92] Mensagem Imagens aéreas de sua obra enviada com sucesso para bentoribas@torqueconstrucoes.com.br
[ID 92] Mensagem Imagens aéreas de sua obra enviada com sucesso para arquitetura@torqueconstrucoes.com.br
[ID 92] Mensagem Imagens aéreas de sua obra enviada com sucesso para suprimentos@torqueconstrucoes.com.br
[ID 92] Mensagem Imagens aéreas de sua obra enviada com sucesso para recepcao@torqueconstrucoes.com.br
[ID 92] Mensagem Imagens aéreas de sua obra enviada com sucesso para compras@pliniocavalcanti.com
[ID 92] Mensagem Imagens aéreas de sua obra enviada com sucesso para mariobarbosa@trioempreendimentos.com
[ID 92] Mensagem Imagens aéreas de sua obra enviada com sucesso para mariadocarmo@pernambucoconstrutora.com.br
[ID 92] Mensagem Imagens aéreas de sua obra enviada com sucesso para projetos@poligonus.com
[ID 92] Mensagem Imagens aéreas de sua obra enviada com sucesso para roberto@gabrielbacelar.com.br
[ID 92] Mensagem Imagens aéreas de sua obra enviada com sucesso para construtoraamas@hotmail.com
[ID 92] Mensagem Imagens aéreas de sua obra enviada com sucesso para gilcimarsilva@mbp.com.br
[ID 92] Mensagem Imagens aéreas de sua obra enviada com sucesso para valdecirmarques@mbp.com.br
[ID 92] Mensagem Imagens aéreas de sua obra enviada com sucesso para jclrosana@gmail.com
[ID 92] Mensagem Imagens aéreas de sua obra enviada com sucesso para robertocardoso@mouradubeux.com.br
[ID 92] Mensagem Imagens aéreas de sua obra enviada com sucesso para secretaria@sensatto.com.br
[ID 92] Mensagem Imagens aéreas de sua obra enviada com sucesso para natalia.couto@mouradubeux.com.br
[ID 92] Mensagem Imagens aéreas de sua obra enviada com sucesso para rosangela.santos@renel.com.br
[ID 92] Mensagem Imagens aéreas de sua obra enviada com sucesso para sjsconstrutoraltda@hotmail.com
[ID 92] Mensagem Imagens aéreas de sua obra enviada com sucesso para compras@biapo.com.br
[ID 92] Mensagem Imagens aéreas de sua obra enviada com sucesso para tatiana@biapo.com.br
[ID 92] Mensagem Imagens aéreas de sua obra enviada com sucesso para adilsoncarneiro@arboresignature.com.br
[ID 92] Mensagem Imagens aéreas de sua obra enviada com sucesso para recepcao@rioave.com.br
[ID 92] Mensagem Imagens aéreas de sua obra enviada com sucesso para caique.ramos@olpapeis.com.br
[ID 92] Mensagem Imagens aéreas de sua obra enviada com sucesso para compras01@olpapeis.com.br
[ID 92] Mensagem Imagens aéreas de sua obra enviada com sucesso para thiago.correia@humayta.com
[ID 92] Mensagem Imagens aéreas de sua obra enviada com sucesso para paradordemadrid@malus.com.br
[ID 92] Mensagem Imagens aéreas de sua obra enviada com sucesso para contato@malus.com.br
[ID 92] Mensagem Imagens aéreas de sua obra enviada com sucesso para carlos@protenco.com.br
[ID 92] Mensagem Imagens aéreas de sua obra enviada com sucesso para luiz.ciriaco@rocciaconstrucoes.com.br
[ID 92] Mensagem Imagens aéreas de sua obra enviada com sucesso para rodrigo.barros@rocciaconstrucoes.com.br
[ID 92] Mensagem Imagens aéreas de sua obra enviada com sucesso para lucasteixeira@arboreengenharia.com.br

******************** 10 novembro 2022 19:00 UTC ********************
AcyMailing Disparado em 10 novembro 2022 16:00
25 mensagens processadas: 25 com sucesso, 0 falharam
---- Details ----
[ID 92] Mensagem Imagens aéreas de sua obra enviada com sucesso para thiago.teogenis@construtoraconic.com.br
[ID 92] Mensagem Imagens aéreas de sua obra enviada com sucesso para elaine.almeida@mouradubeux.com.br
[ID 92] Mensagem Imagens aéreas de sua obra enviada com sucesso para gabriel.farias@mouradubeux.com.br
[ID 92] Mensagem Imagens aéreas de sua obra enviada com sucesso para recepcao@faab.com.br
[ID 92] Mensagem Imagens aéreas de sua obra enviada com sucesso para compras@faab.com.br
[ID 92] Mensagem Imagens aéreas de sua obra enviada com sucesso para comercial@faab.com.br
[ID 92] Mensagem Imagens aéreas de sua obra enviada com sucesso para felipe.furtado@faab.com.br
[ID 92] Mensagem Imagens aéreas de sua obra enviada com sucesso para anderson.fonseca@doisa.com
[ID 92] Mensagem Imagens aéreas de sua obra enviada com sucesso para harley.morais@doisa.com
[ID 92] Mensagem Imagens aéreas de sua obra enviada com sucesso para luisguerra@doisa.com
[ID 92] Mensagem Imagens aéreas de sua obra enviada com sucesso para cplose@educacao.pe.gov.br
[ID 92] Mensagem Imagens aéreas de sua obra enviada com sucesso para secretaria@casadosventos.com.br
[ID 92] Mensagem Imagens aéreas de sua obra enviada com sucesso para kaenaconstrucoesltda@hotmail.com
[ID 92] Mensagem Imagens aéreas de sua obra enviada com sucesso para controle@enercom-energias.com
[ID 92] Mensagem Imagens aéreas de sua obra enviada com sucesso para vizirengenharia@gmail.com
[ID 92] Mensagem Imagens aéreas de sua obra enviada com sucesso para rsalmeidaengenharia@gmail.com
[ID 92] Mensagem Imagens aéreas de sua obra enviada com sucesso para alexalves@pinceisroma.com.br
[ID 92] Mensagem Imagens aéreas de sua obra enviada com sucesso para nico@pinceisroma.com.br
[ID 92] Mensagem Imagens aéreas de sua obra enviada com sucesso para bnakamura@politejo.com
[ID 92] Mensagem Imagens aéreas de sua obra enviada com sucesso para matheus@planesengenharia.com.br
[ID 92] Mensagem Imagens aéreas de sua obra enviada com sucesso para egc@egc.net.br
[ID 92] Mensagem Imagens aéreas de sua obra enviada com sucesso para compras1@romarcoconstrutora.com.br
[ID 92] Mensagem Imagens aéreas de sua obra enviada com sucesso para jackson@agaspar.com.br
[ID 92] Mensagem Imagens aéreas de sua obra enviada com sucesso para william@rioave.com.br
[ID 92] Mensagem Imagens aéreas de sua obra enviada com sucesso para contato@ekosbrasilengenharia.com.br

******************** 18 novembro 2022 13:07 UTC ********************
AcyMailing Disparado em 18 novembro 2022 10:07
1 campanha (s) programada (s)
70 mensagens processadas: 70 com sucesso, 0 falharam
---- Details ----
457 emails foram adicionados à fila para a Campanha Agendada <b>Drone - CC | Acompanhamento de Obras</b>
[ID 93] Mensagem Imagens aéreas da sua obra enviada com sucesso para uchoa@uchoaconstrucoes.com.br
[ID 93] Mensagem Imagens aéreas da sua obra enviada com sucesso para engenharia@laresconstrucoes.com.br
[ID 93] Mensagem Imagens aéreas da sua obra enviada com sucesso para sac@reycon.com.br
[ID 93] Mensagem Imagens aéreas da sua obra enviada com sucesso para administrativo@decisaoengenharia-al.com.br
[ID 93] Mensagem Imagens aéreas da sua obra enviada com sucesso para atendimento@rpontes.com.br
[ID 93] Mensagem Imagens aéreas da sua obra enviada com sucesso para contato@ritzincorporacoes.com.br
[ID 93] Mensagem Imagens aéreas da sua obra enviada com sucesso para contato@podiumengenharia.com
[ID 93] Mensagem Imagens aéreas da sua obra enviada com sucesso para atendimento@mmeparavoce.com.br
[ID 93] Mensagem Imagens aéreas da sua obra enviada com sucesso para suprimentos@sancoengenharia.com.br
[ID 93] Mensagem Imagens aéreas da sua obra enviada com sucesso para engenharia@v2construcoes.com.br
[ID 93] Mensagem Imagens aéreas da sua obra enviada com sucesso para lucas@dltengenharia.com.br
[ID 93] Mensagem Imagens aéreas da sua obra enviada com sucesso para atendimento@toledocabral.com.br
[ID 93] Mensagem Imagens aéreas da sua obra enviada com sucesso para contato@emempreendimentos.com.br
[ID 93] Mensagem Imagens aéreas da sua obra enviada com sucesso para luiz@colil.com.br
[ID 93] Mensagem Imagens aéreas da sua obra enviada com sucesso para suprimentos@tphengenharia.com.br
[ID 93] Mensagem Imagens aéreas da sua obra enviada com sucesso para compras@coutinhoincorporacoes.com.br
[ID 93] Mensagem Imagens aéreas da sua obra enviada com sucesso para valcy@consencoedificacoes.com.br
[ID 93] Mensagem Imagens aéreas da sua obra enviada com sucesso para carltney@conyeng.com.br
[ID 93] Mensagem Imagens aéreas da sua obra enviada com sucesso para arq@suassunafernandes.com.br
[ID 93] Mensagem Imagens aéreas da sua obra enviada com sucesso para compras@suassunafernandes.com.br
[ID 93] Mensagem Imagens aéreas da sua obra enviada com sucesso para ivo.amorim@taboadanegocios.com
[ID 93] Mensagem Imagens aéreas da sua obra enviada com sucesso para nelson.bezerra@taboadanegocios.com
[ID 93] Mensagem Imagens aéreas da sua obra enviada com sucesso para compras@emempreendimentos.com.br
[ID 93] Mensagem Imagens aéreas da sua obra enviada com sucesso para douglasglempreendimentos@gmail.com
[ID 93] Mensagem Imagens aéreas da sua obra enviada com sucesso para niraldosidneysilva@hotmail.com
[ID 93] Mensagem Imagens aéreas da sua obra enviada com sucesso para engenheiro2.rpontes@gmail.com
[ID 93] Mensagem Imagens aéreas da sua obra enviada com sucesso para compras@rpontes.com.br
[ID 93] Mensagem Imagens aéreas da sua obra enviada com sucesso para luizdanielhonorato@gmail.com
[ID 93] Mensagem Imagens aéreas da sua obra enviada com sucesso para nathan@northengenharia.com.br
[ID 93] Mensagem Imagens aéreas da sua obra enviada com sucesso para michell@panoramia.com.br
[ID 93] Mensagem Imagens aéreas da sua obra enviada com sucesso para aleson.pinto@construtoravertical.com.br
[ID 93] Mensagem Imagens aéreas da sua obra enviada com sucesso para christiana.morais@construtoravertical.com.br
[ID 93] Mensagem Imagens aéreas da sua obra enviada com sucesso para tomaz.rocha@construtoravertical.com.br
[ID 93] Mensagem Imagens aéreas da sua obra enviada com sucesso para compras@toledocabral.com.br
[ID 93] Mensagem Imagens aéreas da sua obra enviada com sucesso para eliza.oliveira@meurocha.com.br
[ID 93] Mensagem Imagens aéreas da sua obra enviada com sucesso para luiza.carvalho@meurocha.com.br
[ID 93] Mensagem Imagens aéreas da sua obra enviada com sucesso para contato@coutinhoincorporacoes.com.br
[ID 93] Mensagem Imagens aéreas da sua obra enviada com sucesso para projetos@gusmaopassos.com.br
[ID 93] Mensagem Imagens aéreas da sua obra enviada com sucesso para compras@laresconstrucoes.com.br
[ID 93] Mensagem Imagens aéreas da sua obra enviada com sucesso para marianoteixeiraarq@gmail.com
[ID 93] Mensagem Imagens aéreas da sua obra enviada com sucesso para compras@v2construcoes.com.br
[ID 93] Mensagem Imagens aéreas da sua obra enviada com sucesso para rodrigomayaaragao@gmail.com
[ID 93] Mensagem Imagens aéreas da sua obra enviada com sucesso para colil@colil.com.br
[ID 93] Mensagem Imagens aéreas da sua obra enviada com sucesso para compras@delman.com.br
[ID 93] Mensagem Imagens aéreas da sua obra enviada com sucesso para recepcao.mcz@delman.com.br
[ID 93] Mensagem Imagens aéreas da sua obra enviada com sucesso para walter@delman.com.br
[ID 93] Mensagem Imagens aéreas da sua obra enviada com sucesso para edalmolobo@yahoo.com.br
[ID 93] Mensagem Imagens aéreas da sua obra enviada com sucesso para edcleide@dltengenharia.com.br
[ID 93] Mensagem Imagens aéreas da sua obra enviada com sucesso para tulio@delman.com.br
[ID 93] Mensagem Imagens aéreas da sua obra enviada com sucesso para fabianoalmoxarife@gmail.com
[ID 93] Mensagem Imagens aéreas da sua obra enviada com sucesso para marcos@uchoaconstrucoes.com.br
[ID 93] Mensagem Imagens aéreas da sua obra enviada com sucesso para compras@decisaoengenharia-al.com.br
[ID 93] Mensagem Imagens aéreas da sua obra enviada com sucesso para elias@contemporaneaconstrucoes.com.br
[ID 93] Mensagem Imagens aéreas da sua obra enviada com sucesso para wellington@contemporaneaconstrucoes.com.br
[ID 93] Mensagem Imagens aéreas da sua obra enviada com sucesso para duartearquitetura@hotmail.com
[ID 93] Mensagem Imagens aéreas da sua obra enviada com sucesso para diego@consencoedificacoes.com.br
[ID 93] Mensagem Imagens aéreas da sua obra enviada com sucesso para suprimentos@recordinc.com.br
[ID 93] Mensagem Imagens aéreas da sua obra enviada com sucesso para diogo.lucas@recordinc.com.br
[ID 93] Mensagem Imagens aéreas da sua obra enviada com sucesso para compras@castanhel.com.br
[ID 93] Mensagem Imagens aéreas da sua obra enviada com sucesso para josyane@telesilengenharia.com.br
[ID 93] Mensagem Imagens aéreas da sua obra enviada com sucesso para nicolas@telesilengenharia.com.br
[ID 93] Mensagem Imagens aéreas da sua obra enviada com sucesso para rafael@telesilengenharia.com.br
[ID 93] Mensagem Imagens aéreas da sua obra enviada com sucesso para flavio@havan.com.br
[ID 93] Mensagem Imagens aéreas da sua obra enviada com sucesso para engenharia@havan.com.br
[ID 93] Mensagem Imagens aéreas da sua obra enviada com sucesso para juliane.galler@havan.com.br
[ID 93] Mensagem Imagens aéreas da sua obra enviada com sucesso para robson.jsilva@mrv.com.br
[ID 93] Mensagem Imagens aéreas da sua obra enviada com sucesso para joaopaulo@vipetro.com.br
[ID 93] Mensagem Imagens aéreas da sua obra enviada com sucesso para jullyo@vipetro.com.br
[ID 93] Mensagem Imagens aéreas da sua obra enviada com sucesso para engenharia@v2construcoes.com
[ID 93] Mensagem Imagens aéreas da sua obra enviada com sucesso para aquatro91@hotmail.com

******************** 18 novembro 2022 13:17 UTC ********************
AcyMailing Disparado em 18 novembro 2022 10:17
70 mensagens processadas: 70 com sucesso, 0 falharam
---- Details ----
[ID 93] Mensagem Imagens aéreas da sua obra enviada com sucesso para pedro_na@hotmail.com
[ID 93] Mensagem Imagens aéreas da sua obra enviada com sucesso para anderson.lima@mmeparavoce.com.br
[ID 93] Mensagem Imagens aéreas da sua obra enviada com sucesso para compras@mmeparavoce.com.br
[ID 93] Mensagem Imagens aéreas da sua obra enviada com sucesso para projetos@mmeparavoce.com.br
[ID 93] Mensagem Imagens aéreas da sua obra enviada com sucesso para compras@wcorreia.com.br
[ID 93] Mensagem Imagens aéreas da sua obra enviada com sucesso para isabely@engenharq.com.br
[ID 93] Mensagem Imagens aéreas da sua obra enviada com sucesso para jarbas@engenharq.com.br
[ID 93] Mensagem Imagens aéreas da sua obra enviada com sucesso para joao@engenharq.com.br
[ID 93] Mensagem Imagens aéreas da sua obra enviada com sucesso para jcamargo@alphaville.com.br
[ID 93] Mensagem Imagens aéreas da sua obra enviada com sucesso para tsilva@alphaville.com.br
[ID 93] Mensagem Imagens aéreas da sua obra enviada com sucesso para goiania@buritiempreendimentos.com.br
[ID 93] Mensagem Imagens aéreas da sua obra enviada com sucesso para sandra.teixeira@buritiempreendimentos.com.br
[ID 93] Mensagem Imagens aéreas da sua obra enviada com sucesso para administrativo@bezerraleite.com
[ID 93] Mensagem Imagens aéreas da sua obra enviada com sucesso para contato@gajaconstrutora.com.br
[ID 93] Mensagem Imagens aéreas da sua obra enviada com sucesso para andrea.souza@coloradoempreendimentos.com
[ID 93] Mensagem Imagens aéreas da sua obra enviada com sucesso para geovanni.amorim@coloradoempreendimentos.com
[ID 93] Mensagem Imagens aéreas da sua obra enviada com sucesso para engenhariavaleempreendimentos@gmail.com
[ID 93] Mensagem Imagens aéreas da sua obra enviada com sucesso para valeempreendimentos@gmail.com
[ID 93] Mensagem Imagens aéreas da sua obra enviada com sucesso para jose.batista@zopone.com.br
[ID 93] Mensagem Imagens aéreas da sua obra enviada com sucesso para rodrigo.soares@zopone.com.br
[ID 93] Mensagem Imagens aéreas da sua obra enviada com sucesso para administrativo@pajucara.ind.br
[ID 93] Mensagem Imagens aéreas da sua obra enviada com sucesso para luiza@mmeparavoce.com.br
[ID 93] Mensagem Imagens aéreas da sua obra enviada com sucesso para lucas.moreira@recordinc.com.br
[ID 93] Mensagem Imagens aéreas da sua obra enviada com sucesso para tecnico@podiumengenharia.com
[ID 93] Mensagem Imagens aéreas da sua obra enviada com sucesso para robertolessa@podiumengenharia.com
[ID 93] Mensagem Imagens aéreas da sua obra enviada com sucesso para alexmelo@regiaoagreste.com.br
[ID 93] Mensagem Imagens aéreas da sua obra enviada com sucesso para gilvanbispo@regiaoagreste.com.br
[ID 93] Mensagem Imagens aéreas da sua obra enviada com sucesso para suprimentos@engenhariademateriaisltda.com.br
[ID 93] Mensagem Imagens aéreas da sua obra enviada com sucesso para phablo@solidez-al.com.br
[ID 93] Mensagem Imagens aéreas da sua obra enviada com sucesso para rosimeiry@solidez-al.com.br
[ID 93] Mensagem Imagens aéreas da sua obra enviada com sucesso para engenharia.cristian@ebsaguas.com.br
[ID 93] Mensagem Imagens aéreas da sua obra enviada com sucesso para engenharia.janifer@ebsaguas.com.br
[ID 93] Mensagem Imagens aéreas da sua obra enviada com sucesso para pimentelengenharia.compras@hotmail.com
[ID 93] Mensagem Imagens aéreas da sua obra enviada com sucesso para pimentelengenharia@hotmail.com
[ID 93] Mensagem Imagens aéreas da sua obra enviada com sucesso para recepcao.mcz@placic.com.br
[ID 93] Mensagem Imagens aéreas da sua obra enviada com sucesso para faturamento.al@qualicoco.com.br
[ID 93] Mensagem Imagens aéreas da sua obra enviada com sucesso para rogerio@qualicoco.com.br
[ID 93] Mensagem Imagens aéreas da sua obra enviada com sucesso para flavyanna@contratoengenharia.com.br
[ID 93] Mensagem Imagens aéreas da sua obra enviada com sucesso para suprimentos@contratoengenharia.com.br
[ID 93] Mensagem Imagens aéreas da sua obra enviada com sucesso para luciany@contratoengenharia.com.br
[ID 93] Mensagem Imagens aéreas da sua obra enviada com sucesso para rose@contratoengenharia.com.br
[ID 93] Mensagem Imagens aéreas da sua obra enviada com sucesso para engenharia2@sancoengenharia.com.br
[ID 93] Mensagem Imagens aéreas da sua obra enviada com sucesso para recepcao@sancoengenharia.com.br
[ID 93] Mensagem Imagens aéreas da sua obra enviada com sucesso para helder.costa@telesilengenharia.com.br
[ID 93] Mensagem Imagens aéreas da sua obra enviada com sucesso para arthurbulhoes@hotmail.com
[ID 93] Mensagem Imagens aéreas da sua obra enviada com sucesso para ana.karinne@meurocha.com.br
[ID 93] Mensagem Imagens aéreas da sua obra enviada com sucesso para engenheiro3.rpontes@gmail.com
[ID 93] Mensagem Imagens aéreas da sua obra enviada com sucesso para elias@reycon.com.br
[ID 93] Mensagem Imagens aéreas da sua obra enviada com sucesso para sergison@reycon.com.br
[ID 93] Mensagem Imagens aéreas da sua obra enviada com sucesso para compras@castilho.com.br
[ID 93] Mensagem Imagens aéreas da sua obra enviada com sucesso para maciela@amorimbarreto.com.br
[ID 93] Mensagem Imagens aéreas da sua obra enviada com sucesso para paulo.souza@passarelli.com.br
[ID 93] Mensagem Imagens aéreas da sua obra enviada com sucesso para aslic@casal.al.gov.br
[ID 93] Mensagem Imagens aéreas da sua obra enviada com sucesso para compras@am3engenharia.com.br
[ID 93] Mensagem Imagens aéreas da sua obra enviada com sucesso para lucaslaercio90@gmail.com
[ID 93] Mensagem Imagens aéreas da sua obra enviada com sucesso para martinlogtransportes@gmail.com
[ID 93] Mensagem Imagens aéreas da sua obra enviada com sucesso para engenheiro1.rpontes@gmail.com
[ID 93] Mensagem Imagens aéreas da sua obra enviada com sucesso para roberta@rpontes.com
[ID 93] Mensagem Imagens aéreas da sua obra enviada com sucesso para engenharia@am3engenharia.com.br
[ID 93] Mensagem Imagens aéreas da sua obra enviada com sucesso para financeiro@planesengenharia.com.br
[ID 93] Mensagem Imagens aéreas da sua obra enviada com sucesso para luizmauro@planesengenharia.com.br
[ID 93] Mensagem Imagens aéreas da sua obra enviada com sucesso para ciro@arcons.com.br
[ID 93] Mensagem Imagens aéreas da sua obra enviada com sucesso para compras@arcons.com.br
[ID 93] Mensagem Imagens aéreas da sua obra enviada com sucesso para lares@larescontrucoes.com.br
[ID 93] Mensagem Imagens aéreas da sua obra enviada com sucesso para marketing@v2construcoes.com.br
[ID 93] Mensagem Imagens aéreas da sua obra enviada com sucesso para marcelo@emempreendimentos.com.br
[ID 93] Mensagem Imagens aéreas da sua obra enviada com sucesso para r.lealconstrucoes@gmail.com
[ID 93] Mensagem Imagens aéreas da sua obra enviada com sucesso para vitor@uchoaconstrucoes.com.br
[ID 93] Mensagem Imagens aéreas da sua obra enviada com sucesso para administrativo@consencoedificacoes.com.br
[ID 93] Mensagem Imagens aéreas da sua obra enviada com sucesso para comissaosemifra2016@gmail.com

******************** 18 novembro 2022 13:27 UTC ********************
AcyMailing Disparado em 18 novembro 2022 10:27
70 mensagens processadas: 70 com sucesso, 0 falharam
---- Details ----
[ID 93] Mensagem Imagens aéreas da sua obra enviada com sucesso para leandro@castanhel.com.br
[ID 93] Mensagem Imagens aéreas da sua obra enviada com sucesso para marcoaurelio@castanhel.com.br
[ID 93] Mensagem Imagens aéreas da sua obra enviada com sucesso para adely.meireles@casal.al.gov.br
[ID 93] Mensagem Imagens aéreas da sua obra enviada com sucesso para andreasantos@telesilengenharia.com.br
[ID 93] Mensagem Imagens aéreas da sua obra enviada com sucesso para rebeca.ximenes@recordinc.com.br
[ID 93] Mensagem Imagens aéreas da sua obra enviada com sucesso para jose.ronaldo@mrv.com.br
[ID 93] Mensagem Imagens aéreas da sua obra enviada com sucesso para suprimentos.mrv@mrv.com.br
[ID 93] Mensagem Imagens aéreas da sua obra enviada com sucesso para suprimentos@vipetro.com.br
[ID 93] Mensagem Imagens aéreas da sua obra enviada com sucesso para daniel.bomfim@unimedmaceio.com.br
[ID 93] Mensagem Imagens aéreas da sua obra enviada com sucesso para conycompras@conyeng.com.br
[ID 93] Mensagem Imagens aéreas da sua obra enviada com sucesso para lfernando@zopone.com.br
[ID 93] Mensagem Imagens aéreas da sua obra enviada com sucesso para vendas@mebuki.com.br
[ID 93] Mensagem Imagens aéreas da sua obra enviada com sucesso para fabio.vieira@telesilengenharia.com.br
[ID 93] Mensagem Imagens aéreas da sua obra enviada com sucesso para compras@ebsaguas.com.br
[ID 93] Mensagem Imagens aéreas da sua obra enviada com sucesso para laissa@tphengenharia.com.br
[ID 93] Mensagem Imagens aéreas da sua obra enviada com sucesso para pedro@tphengenharia.com.br
[ID 93] Mensagem Imagens aéreas da sua obra enviada com sucesso para arturbulhoes@hotmail.com
[ID 93] Mensagem Imagens aéreas da sua obra enviada com sucesso para andre.santos@meurocha.com.br
[ID 93] Mensagem Imagens aéreas da sua obra enviada com sucesso para filialmaceio@amorimbarreto.com.br
[ID 93] Mensagem Imagens aéreas da sua obra enviada com sucesso para compras@passarelli.com.br
[ID 93] Mensagem Imagens aéreas da sua obra enviada com sucesso para am3engenharia.al@gmail.com
[ID 93] Mensagem Imagens aéreas da sua obra enviada com sucesso para comercial@lefconstrucoes.com.br
[ID 93] Mensagem Imagens aéreas da sua obra enviada com sucesso para roberta@rpontes.com.br
[ID 93] Mensagem Imagens aéreas da sua obra enviada com sucesso para daniela@coutinhoincorporacoes.com.br
[ID 93] Mensagem Imagens aéreas da sua obra enviada com sucesso para marketing@podiumengenharia.com.br
[ID 93] Mensagem Imagens aéreas da sua obra enviada com sucesso para compras.maua@adram.com.br
[ID 93] Mensagem Imagens aéreas da sua obra enviada com sucesso para agenor.peres@bauminas.com.br
[ID 93] Mensagem Imagens aéreas da sua obra enviada com sucesso para comercial@incorporadorasaomateus.com.br
[ID 93] Mensagem Imagens aéreas da sua obra enviada com sucesso para cpl@compesa.com.br
[ID 93] Mensagem Imagens aéreas da sua obra enviada com sucesso para aluisio@otl.com.br
[ID 93] Mensagem Imagens aéreas da sua obra enviada com sucesso para marcelo.albuquerque@pbconstrucoes.com
[ID 93] Mensagem Imagens aéreas da sua obra enviada com sucesso para ely.sousa@pbconstrucoes.com
[ID 93] Mensagem Imagens aéreas da sua obra enviada com sucesso para administrativo@ebsa.net.br
[ID 93] Mensagem Imagens aéreas da sua obra enviada com sucesso para patricia@ebsa.net.br
[ID 93] Mensagem Imagens aéreas da sua obra enviada com sucesso para compras@freitasconstrucoes.com.br
[ID 93] Mensagem Imagens aéreas da sua obra enviada com sucesso para compras@rioave.com.br
[ID 93] Mensagem Imagens aéreas da sua obra enviada com sucesso para andrea@cpconstrucao.com
[ID 93] Mensagem Imagens aéreas da sua obra enviada com sucesso para jivago@aclf.com.br
[ID 93] Mensagem Imagens aéreas da sua obra enviada com sucesso para andrea.sena@multicon.com.br
[ID 93] Mensagem Imagens aéreas da sua obra enviada com sucesso para paulasantos@aclf.com.br
[ID 93] Mensagem Imagens aéreas da sua obra enviada com sucesso para insumos@unique.eng.br
[ID 93] Mensagem Imagens aéreas da sua obra enviada com sucesso para suprimentos@unique.eng.br
[ID 93] Mensagem Imagens aéreas da sua obra enviada com sucesso para djair@poupec.com.br
[ID 93] Mensagem Imagens aéreas da sua obra enviada com sucesso para jean@construtorabaggio.com.br
[ID 93] Mensagem Imagens aéreas da sua obra enviada com sucesso para compras@agaspar.com.br
[ID 93] Mensagem Imagens aéreas da sua obra enviada com sucesso para adm@scopoempreendimentos.com.br
[ID 93] Mensagem Imagens aéreas da sua obra enviada com sucesso para eduarda.rubim@dse.com.br
[ID 93] Mensagem Imagens aéreas da sua obra enviada com sucesso para silvana.maciel@dse.com.br
[ID 93] Mensagem Imagens aéreas da sua obra enviada com sucesso para antonio.alcaengenharia@gmail.com
[ID 93] Mensagem Imagens aéreas da sua obra enviada com sucesso para comercial@haut.id
[ID 93] Mensagem Imagens aéreas da sua obra enviada com sucesso para patricia.santana@haut.id
[ID 93] Mensagem Imagens aéreas da sua obra enviada com sucesso para ivonildo.ff@asanet.com.br
[ID 93] Mensagem Imagens aéreas da sua obra enviada com sucesso para carloseduardo@grupoluna.com.br
[ID 93] Mensagem Imagens aéreas da sua obra enviada com sucesso para mario@lmaempreendimentos.com.br
[ID 93] Mensagem Imagens aéreas da sua obra enviada com sucesso para compras@gtshopping.com.br
[ID 93] Mensagem Imagens aéreas da sua obra enviada com sucesso para pamella.franca@lmaempreendimentos.com.br
[ID 93] Mensagem Imagens aéreas da sua obra enviada com sucesso para augusto.barbosa@auroradecasaforte.com.br
[ID 93] Mensagem Imagens aéreas da sua obra enviada com sucesso para compras@carrilho.com.br
[ID 93] Mensagem Imagens aéreas da sua obra enviada com sucesso para jose.lima@carrilho.com.br
[ID 93] Mensagem Imagens aéreas da sua obra enviada com sucesso para nidiana@carrilho.com.br
[ID 93] Mensagem Imagens aéreas da sua obra enviada com sucesso para recepcao@carrilho.com.br
[ID 93] Mensagem Imagens aéreas da sua obra enviada com sucesso para construtoraams02@gmail.com
[ID 93] Mensagem Imagens aéreas da sua obra enviada com sucesso para marcosantonio@recife.pe.gov.br
[ID 93] Mensagem Imagens aéreas da sua obra enviada com sucesso para romao@uniterraconstrutora.com.br
[ID 93] Mensagem Imagens aéreas da sua obra enviada com sucesso para suprimentos@heca.com.br
[ID 93] Mensagem Imagens aéreas da sua obra enviada com sucesso para augusto.medeiros@mouradubeux.com.br
[ID 93] Mensagem Imagens aéreas da sua obra enviada com sucesso para denis.feitosa@mouradubeux.com.br
[ID 93] Mensagem Imagens aéreas da sua obra enviada com sucesso para georgevalenca@mouradubeux.com.br
[ID 93] Mensagem Imagens aéreas da sua obra enviada com sucesso para lucianapontual@pontualarquitetos.com.br
[ID 93] Mensagem Imagens aéreas da sua obra enviada com sucesso para maria.santos@mouradubeux.com.br

******************** 18 novembro 2022 13:36 UTC ********************
AcyMailing Disparado em 18 novembro 2022 10:36
70 mensagens processadas: 70 com sucesso, 0 falharam
---- Details ----
[ID 93] Mensagem Imagens aéreas da sua obra enviada com sucesso para diogenes@maxplural.com.br
[ID 93] Mensagem Imagens aéreas da sua obra enviada com sucesso para suprimentos@saetowers.com.br
[ID 93] Mensagem Imagens aéreas da sua obra enviada com sucesso para marilia@maxplural.com.br
[ID 93] Mensagem Imagens aéreas da sua obra enviada com sucesso para engenharia@blau.com
[ID 93] Mensagem Imagens aéreas da sua obra enviada com sucesso para walter.neto@blau.com
[ID 93] Mensagem Imagens aéreas da sua obra enviada com sucesso para fernanda.santos@haut.id
[ID 93] Mensagem Imagens aéreas da sua obra enviada com sucesso para vilmarpaiva@gmail.com
[ID 93] Mensagem Imagens aéreas da sua obra enviada com sucesso para arybahia@arboreengenharia.com.br
[ID 93] Mensagem Imagens aéreas da sua obra enviada com sucesso para diegoaraujo@arboreengenharia.com.br
[ID 93] Mensagem Imagens aéreas da sua obra enviada com sucesso para karinasantos@arboreengenharia.com.br
[ID 93] Mensagem Imagens aéreas da sua obra enviada com sucesso para vitorino@arboreengenharia.com.br
[ID 93] Mensagem Imagens aéreas da sua obra enviada com sucesso para suprimentos@tenoriosimoes.com.br
[ID 93] Mensagem Imagens aéreas da sua obra enviada com sucesso para engenharia@comerconstrutora.com.br
[ID 93] Mensagem Imagens aéreas da sua obra enviada com sucesso para compras@uniterraconstrutora.com.br
[ID 93] Mensagem Imagens aéreas da sua obra enviada com sucesso para sanzia@pernambucoconstrutora.com.br
[ID 93] Mensagem Imagens aéreas da sua obra enviada com sucesso para compras@concrepoxi.com.br
[ID 93] Mensagem Imagens aéreas da sua obra enviada com sucesso para moacir.barros@mouradubeux.com.br
[ID 93] Mensagem Imagens aéreas da sua obra enviada com sucesso para financeiro@melorodrigues.com.br
[ID 93] Mensagem Imagens aéreas da sua obra enviada com sucesso para cplobras.caruaru@gmail.com
[ID 93] Mensagem Imagens aéreas da sua obra enviada com sucesso para compras2@construtoratecla.com.br
[ID 93] Mensagem Imagens aéreas da sua obra enviada com sucesso para joaopedro@construtoratecla.com.br
[ID 93] Mensagem Imagens aéreas da sua obra enviada com sucesso para marcela@construtoratecla.com.br
[ID 93] Mensagem Imagens aéreas da sua obra enviada com sucesso para dayanna@noronhapescados.com.br
[ID 93] Mensagem Imagens aéreas da sua obra enviada com sucesso para taylane@noronhapescados.com.br
[ID 93] Mensagem Imagens aéreas da sua obra enviada com sucesso para compras@glempreendimentos.com.br
[ID 93] Mensagem Imagens aéreas da sua obra enviada com sucesso para thiago.hollanda@glempreendimentos.com.br
[ID 93] Mensagem Imagens aéreas da sua obra enviada com sucesso para sergio.pereira@mouradubeux.com.br
[ID 93] Mensagem Imagens aéreas da sua obra enviada com sucesso para bruna.viana@haut.id
[ID 93] Mensagem Imagens aéreas da sua obra enviada com sucesso para comprasscc@mmempreendimentos.eng.br
[ID 93] Mensagem Imagens aéreas da sua obra enviada com sucesso para marcos.fontes@cmmeng.com.br
[ID 93] Mensagem Imagens aéreas da sua obra enviada com sucesso para raimundocosta@cmmeng.com.br
[ID 93] Mensagem Imagens aéreas da sua obra enviada com sucesso para eliziario@mwengenharia.net
[ID 93] Mensagem Imagens aéreas da sua obra enviada com sucesso para rodolfo@hbr.eng.br
[ID 93] Mensagem Imagens aéreas da sua obra enviada com sucesso para ana.ligia@comparedistribuidora.com.br
[ID 93] Mensagem Imagens aéreas da sua obra enviada com sucesso para andressa.rossi@kromaenergia.com.br
[ID 93] Mensagem Imagens aéreas da sua obra enviada com sucesso para financeiro@unique.eng.br
[ID 93] Mensagem Imagens aéreas da sua obra enviada com sucesso para dsg@flamac.com.br
[ID 93] Mensagem Imagens aéreas da sua obra enviada com sucesso para compras@comerconstrutora.com.br
[ID 93] Mensagem Imagens aéreas da sua obra enviada com sucesso para contato@morimori.com.br
[ID 93] Mensagem Imagens aéreas da sua obra enviada com sucesso para compras@morimori.com.br
[ID 93] Mensagem Imagens aéreas da sua obra enviada com sucesso para jadson.palheta@direcional.com.br
[ID 93] Mensagem Imagens aéreas da sua obra enviada com sucesso para jose.belem@direcional.com.br
[ID 93] Mensagem Imagens aéreas da sua obra enviada com sucesso para fornecedor@direcional.com.br
[ID 93] Mensagem Imagens aéreas da sua obra enviada com sucesso para dpessoal@construtorarr.com.br
[ID 93] Mensagem Imagens aéreas da sua obra enviada com sucesso para compras@multtecnicaengenharia.com.br
[ID 93] Mensagem Imagens aéreas da sua obra enviada com sucesso para compras@construtorasantoantonio.com.br
[ID 93] Mensagem Imagens aéreas da sua obra enviada com sucesso para gestorgt@construtorasantoantonio.com.br
[ID 93] Mensagem Imagens aéreas da sua obra enviada com sucesso para atendimento@construtorasantoantonio.com.br
[ID 93] Mensagem Imagens aéreas da sua obra enviada com sucesso para gestorcal@construtorasantoantonio.com.br
[ID 93] Mensagem Imagens aéreas da sua obra enviada com sucesso para fernando.novais@gruposfa.com.br
[ID 93] Mensagem Imagens aéreas da sua obra enviada com sucesso para jclengenharia@hotmail.com
[ID 93] Mensagem Imagens aéreas da sua obra enviada com sucesso para compras@pbconstrucoes.com
[ID 93] Mensagem Imagens aéreas da sua obra enviada com sucesso para gabriel@castronevesconstrutora.com.br
[ID 93] Mensagem Imagens aéreas da sua obra enviada com sucesso para compras2@construtorarr.com.br
[ID 93] Mensagem Imagens aéreas da sua obra enviada com sucesso para ept@multicon.com.br
[ID 93] Mensagem Imagens aéreas da sua obra enviada com sucesso para halison.moreira@cmmeng.com.br
[ID 93] Mensagem Imagens aéreas da sua obra enviada com sucesso para danielle.alcaengenharia@gmail.com
[ID 93] Mensagem Imagens aéreas da sua obra enviada com sucesso para tertius.neto@mwengenharia.net
[ID 93] Mensagem Imagens aéreas da sua obra enviada com sucesso para francisco@dimeloconstrucoes.com.br
[ID 93] Mensagem Imagens aéreas da sua obra enviada com sucesso para recepcao.pe@interlandia.com.br
[ID 93] Mensagem Imagens aéreas da sua obra enviada com sucesso para vanderson.ramos@baptistaleal.com.br
[ID 93] Mensagem Imagens aéreas da sua obra enviada com sucesso para thiago.falcao@construtoraconic.com.br
[ID 93] Mensagem Imagens aéreas da sua obra enviada com sucesso para herculano.caldas@mouradubeux.com.br
[ID 93] Mensagem Imagens aéreas da sua obra enviada com sucesso para igorazoia@gmail.com
[ID 93] Mensagem Imagens aéreas da sua obra enviada com sucesso para sergio@exataengenharia.com.br
[ID 93] Mensagem Imagens aéreas da sua obra enviada com sucesso para compras@exataengenharia.com.br
[ID 93] Mensagem Imagens aéreas da sua obra enviada com sucesso para fabiana@valedoave.com.br
[ID 93] Mensagem Imagens aéreas da sua obra enviada com sucesso para filipe@valedoave.com.br
[ID 93] Mensagem Imagens aéreas da sua obra enviada com sucesso para recepcaohumayta@gmail.com
[ID 93] Mensagem Imagens aéreas da sua obra enviada com sucesso para igortorreshsa@hotmail.com

******************** 18 novembro 2022 13:47 UTC ********************
AcyMailing Disparado em 18 novembro 2022 10:47
70 mensagens processadas: 70 com sucesso, 0 falharam
---- Details ----
[ID 93] Mensagem Imagens aéreas da sua obra enviada com sucesso para compras@pernambucoconstrutora.com.br
[ID 93] Mensagem Imagens aéreas da sua obra enviada com sucesso para suprimentos@maxplural.com.br
[ID 93] Mensagem Imagens aéreas da sua obra enviada com sucesso para obra.polaris@gmail.com
[ID 93] Mensagem Imagens aéreas da sua obra enviada com sucesso para aluguel@caminha.com.br
[ID 93] Mensagem Imagens aéreas da sua obra enviada com sucesso para gideao@valedoave.com.br
[ID 93] Mensagem Imagens aéreas da sua obra enviada com sucesso para contato@reisempreendimentos.com.br
[ID 93] Mensagem Imagens aéreas da sua obra enviada com sucesso para gustavoreis@reisempreendimentos.com.br
[ID 93] Mensagem Imagens aéreas da sua obra enviada com sucesso para compras@reisempreendimentos.com.br
[ID 93] Mensagem Imagens aéreas da sua obra enviada com sucesso para felipeantunes@awmengenharia.com.br
[ID 93] Mensagem Imagens aéreas da sua obra enviada com sucesso para compras@awmengenharia.com.br
[ID 93] Mensagem Imagens aéreas da sua obra enviada com sucesso para projetos@awmengenharia.com.br
[ID 93] Mensagem Imagens aéreas da sua obra enviada com sucesso para construtora@machadoguimaraes.com.br
[ID 93] Mensagem Imagens aéreas da sua obra enviada com sucesso para suprimentos@haut.id
[ID 93] Mensagem Imagens aéreas da sua obra enviada com sucesso para dt@flamac.com.br
[ID 93] Mensagem Imagens aéreas da sua obra enviada com sucesso para bruno@construtoraholanda.com.br
[ID 93] Mensagem Imagens aéreas da sua obra enviada com sucesso para sodre@construtoraholanda.com.br
[ID 93] Mensagem Imagens aéreas da sua obra enviada com sucesso para recepcao@construtoraholanda.com.br
[ID 93] Mensagem Imagens aéreas da sua obra enviada com sucesso para newhomeempreendimentos@yahoo.com.br
[ID 93] Mensagem Imagens aéreas da sua obra enviada com sucesso para obras@newhomeempreendimentos.com.br
[ID 93] Mensagem Imagens aéreas da sua obra enviada com sucesso para nathaliatenorio@newhomeempreendimentos.com.br
[ID 93] Mensagem Imagens aéreas da sua obra enviada com sucesso para anderson@comello.com.br
[ID 93] Mensagem Imagens aéreas da sua obra enviada com sucesso para comello@comello.com.br
[ID 93] Mensagem Imagens aéreas da sua obra enviada com sucesso para fabioalmeida@gamaarquitetura.com
[ID 93] Mensagem Imagens aéreas da sua obra enviada com sucesso para isaier.farias@renel.com.br
[ID 93] Mensagem Imagens aéreas da sua obra enviada com sucesso para compras@camposgouveia.com.br
[ID 93] Mensagem Imagens aéreas da sua obra enviada com sucesso para marketing@camposgouveia.com.br
[ID 93] Mensagem Imagens aéreas da sua obra enviada com sucesso para operacional@gajaconstrutora.com.br
[ID 93] Mensagem Imagens aéreas da sua obra enviada com sucesso para jessica@clcconstrutora.com.br
[ID 93] Mensagem Imagens aéreas da sua obra enviada com sucesso para obra.wbv@ca3construtora.com.br
[ID 93] Mensagem Imagens aéreas da sua obra enviada com sucesso para angeloporto@cpconstrucao.com
[ID 93] Mensagem Imagens aéreas da sua obra enviada com sucesso para tiagoharim@cpconstrucao.com
[ID 93] Mensagem Imagens aéreas da sua obra enviada com sucesso para comercial2@construtoratecla.com.br
[ID 93] Mensagem Imagens aéreas da sua obra enviada com sucesso para atendimento@ifp.com.br
[ID 93] Mensagem Imagens aéreas da sua obra enviada com sucesso para suprimentos@ifp.com.br
[ID 93] Mensagem Imagens aéreas da sua obra enviada com sucesso para arosidonio@uol.com.br
[ID 93] Mensagem Imagens aéreas da sua obra enviada com sucesso para jhlb04@hotmail.com
[ID 93] Mensagem Imagens aéreas da sua obra enviada com sucesso para compras@melorodrigues.com.br
[ID 93] Mensagem Imagens aéreas da sua obra enviada com sucesso para teti.aloizio@recife.pe.gov.br
[ID 93] Mensagem Imagens aéreas da sua obra enviada com sucesso para ivanaferraz@conlar.com
[ID 93] Mensagem Imagens aéreas da sua obra enviada com sucesso para compras@conlar.com
[ID 93] Mensagem Imagens aéreas da sua obra enviada com sucesso para sandroserra@conlar.com
[ID 93] Mensagem Imagens aéreas da sua obra enviada com sucesso para jorge@jatobeton.com.br
[ID 93] Mensagem Imagens aéreas da sua obra enviada com sucesso para compras@marcaengenharia.com
[ID 93] Mensagem Imagens aéreas da sua obra enviada com sucesso para contasapagar@ca3construtora.com.br
[ID 93] Mensagem Imagens aéreas da sua obra enviada com sucesso para tarceu.neto@mouradubeux.com.br
[ID 93] Mensagem Imagens aéreas da sua obra enviada com sucesso para henrique@amazonenergybrasil.com
[ID 93] Mensagem Imagens aéreas da sua obra enviada com sucesso para scave@scave.com.br
[ID 93] Mensagem Imagens aéreas da sua obra enviada com sucesso para ehvf80@gmail.com
[ID 93] Mensagem Imagens aéreas da sua obra enviada com sucesso para joseroberto@engearpb.com.br
[ID 93] Mensagem Imagens aéreas da sua obra enviada com sucesso para freitas@freitasconstrucoes.com.br
[ID 93] Mensagem Imagens aéreas da sua obra enviada com sucesso para jschvarts@gmail.com
[ID 93] Mensagem Imagens aéreas da sua obra enviada com sucesso para dimas@construtorasbm.com.br
[ID 93] Mensagem Imagens aéreas da sua obra enviada com sucesso para henrique@construtorasbm.com.br
[ID 93] Mensagem Imagens aéreas da sua obra enviada com sucesso para raquel@construtorasbm.com.br
[ID 93] Mensagem Imagens aéreas da sua obra enviada com sucesso para julianamendonca@trioempreendimentos.com
[ID 93] Mensagem Imagens aéreas da sua obra enviada com sucesso para suprimentos@aclf.com.br
[ID 93] Mensagem Imagens aéreas da sua obra enviada com sucesso para suprimentos@construtorabaggio.com.br
[ID 93] Mensagem Imagens aéreas da sua obra enviada com sucesso para caio.cesarcifra@gmail.com
[ID 93] Mensagem Imagens aéreas da sua obra enviada com sucesso para cristiane.cifra@gmail.com
[ID 93] Mensagem Imagens aéreas da sua obra enviada com sucesso para cifraeng@bol.com.br
[ID 93] Mensagem Imagens aéreas da sua obra enviada com sucesso para wellington.oliveira@wvoengenharia.com.br
[ID 93] Mensagem Imagens aéreas da sua obra enviada com sucesso para lucas.so@asanet.com.br
[ID 93] Mensagem Imagens aéreas da sua obra enviada com sucesso para flaviano.oliveira@heca.com.br
[ID 93] Mensagem Imagens aéreas da sua obra enviada com sucesso para roberto.cavalcanti@romaeducacional.com.br
[ID 93] Mensagem Imagens aéreas da sua obra enviada com sucesso para luiz.paulo@tpfe.com.br
[ID 93] Mensagem Imagens aéreas da sua obra enviada com sucesso para ricardo.lima@fibrasa.com.br
[ID 93] Mensagem Imagens aéreas da sua obra enviada com sucesso para d.lins@guarnieriengenharia.com
[ID 93] Mensagem Imagens aéreas da sua obra enviada com sucesso para suprimentos@hbr.eng.br
[ID 93] Mensagem Imagens aéreas da sua obra enviada com sucesso para engenharia02@engearpb.com.br
[ID 93] Mensagem Imagens aéreas da sua obra enviada com sucesso para gustavo@grupobastos.com

******************** 18 novembro 2022 13:57 UTC ********************
AcyMailing Disparado em 18 novembro 2022 10:57
70 mensagens processadas: 70 com sucesso, 0 falharam
---- Details ----
[ID 93] Mensagem Imagens aéreas da sua obra enviada com sucesso para manoela@grupobastos.com
[ID 93] Mensagem Imagens aéreas da sua obra enviada com sucesso para engenharia@argic.com.br
[ID 93] Mensagem Imagens aéreas da sua obra enviada com sucesso para manoel@arboreengenharia.com.br
[ID 93] Mensagem Imagens aéreas da sua obra enviada com sucesso para contato@ephouse.com.br
[ID 93] Mensagem Imagens aéreas da sua obra enviada com sucesso para vagas@goldentulipgravata.com.br
[ID 93] Mensagem Imagens aéreas da sua obra enviada com sucesso para comprascall.eng@gmail.com
[ID 93] Mensagem Imagens aéreas da sua obra enviada com sucesso para multisetcompras@gmail.com
[ID 93] Mensagem Imagens aéreas da sua obra enviada com sucesso para naly.souza@umaflex.com.br
[ID 93] Mensagem Imagens aéreas da sua obra enviada com sucesso para alfa.engenharia.2008@gmail.com
[ID 93] Mensagem Imagens aéreas da sua obra enviada com sucesso para adailton.oliveira@engeko.com.br
[ID 93] Mensagem Imagens aéreas da sua obra enviada com sucesso para suprimentos@engeko.com.br
[ID 93] Mensagem Imagens aéreas da sua obra enviada com sucesso para enzo.maestre@engeko.com.br
[ID 93] Mensagem Imagens aéreas da sua obra enviada com sucesso para felipe.santos@mouradubeux.com.br
[ID 93] Mensagem Imagens aéreas da sua obra enviada com sucesso para ablengenharia@hotmail.com
[ID 93] Mensagem Imagens aéreas da sua obra enviada com sucesso para romario@ekosbrasilengenharia.com.br
[ID 93] Mensagem Imagens aéreas da sua obra enviada com sucesso para custoscarajas@hotmail.com
[ID 93] Mensagem Imagens aéreas da sua obra enviada com sucesso para compras.carajas@hotmail.com
[ID 93] Mensagem Imagens aéreas da sua obra enviada com sucesso para secret_carajas@hotmail.com
[ID 93] Mensagem Imagens aéreas da sua obra enviada com sucesso para ruiajr2@hotmail.com
[ID 93] Mensagem Imagens aéreas da sua obra enviada com sucesso para alexandre.costa@awnet.com.br
[ID 93] Mensagem Imagens aéreas da sua obra enviada com sucesso para suprimentos@awnet.com.br
[ID 93] Mensagem Imagens aéreas da sua obra enviada com sucesso para fabio.wohnrath@awnet.com.br
[ID 93] Mensagem Imagens aéreas da sua obra enviada com sucesso para feliperenan@cpconstrucao.com
[ID 93] Mensagem Imagens aéreas da sua obra enviada com sucesso para claudiane@cpconstrucao.com
[ID 93] Mensagem Imagens aéreas da sua obra enviada com sucesso para suprimento@abcortereal.com.br
[ID 93] Mensagem Imagens aéreas da sua obra enviada com sucesso para suprimento2@abcortereal.com.br
[ID 93] Mensagem Imagens aéreas da sua obra enviada com sucesso para joselapa@consorciosirinhaem.com.br
[ID 93] Mensagem Imagens aéreas da sua obra enviada com sucesso para joelly.andrade@concrepoxi.com.br
[ID 93] Mensagem Imagens aéreas da sua obra enviada com sucesso para ricardo.barbosa@gbobras.com.br
[ID 93] Mensagem Imagens aéreas da sua obra enviada com sucesso para ideiasolucoesecomercio@gmail.com
[ID 93] Mensagem Imagens aéreas da sua obra enviada com sucesso para pedropitajr@hotmail.com
[ID 93] Mensagem Imagens aéreas da sua obra enviada com sucesso para dallanoraengenharia@gmail.com
[ID 93] Mensagem Imagens aéreas da sua obra enviada com sucesso para ricardo@dallanora.com
[ID 93] Mensagem Imagens aéreas da sua obra enviada com sucesso para ana.lucia@intervidro.com.br
[ID 93] Mensagem Imagens aéreas da sua obra enviada com sucesso para bruno@interchoice.com.br
[ID 93] Mensagem Imagens aéreas da sua obra enviada com sucesso para asbezerra@tenda.com
[ID 93] Mensagem Imagens aéreas da sua obra enviada com sucesso para francisco.neto@tenda.com
[ID 93] Mensagem Imagens aéreas da sua obra enviada com sucesso para michel.mizushima@tenda.com
[ID 93] Mensagem Imagens aéreas da sua obra enviada com sucesso para tsbarbosa@tenda.com
[ID 93] Mensagem Imagens aéreas da sua obra enviada com sucesso para elisangela.barboza@mouradubeux.com.br
[ID 93] Mensagem Imagens aéreas da sua obra enviada com sucesso para solange.medeiros@mouradubeux.com.br
[ID 93] Mensagem Imagens aéreas da sua obra enviada com sucesso para suprimentos01@lapon.com.br
[ID 93] Mensagem Imagens aéreas da sua obra enviada com sucesso para compra@eliteengenharia.com.br
[ID 93] Mensagem Imagens aéreas da sua obra enviada com sucesso para atendimento@eliteengenharia.com.br
[ID 93] Mensagem Imagens aéreas da sua obra enviada com sucesso para projetospoligonus@gmail.com
[ID 93] Mensagem Imagens aéreas da sua obra enviada com sucesso para manuela@maxplural.com.br
[ID 93] Mensagem Imagens aéreas da sua obra enviada com sucesso para atendimento@mixcon.com.br
[ID 93] Mensagem Imagens aéreas da sua obra enviada com sucesso para vitor@projetomosaico.com.br
[ID 93] Mensagem Imagens aéreas da sua obra enviada com sucesso para ricardo_ancarcompras@hotmail.com
[ID 93] Mensagem Imagens aéreas da sua obra enviada com sucesso para dieison.sena@saetowers.com.br
[ID 93] Mensagem Imagens aéreas da sua obra enviada com sucesso para bentoribas@torqueconstrucoes.com.br
[ID 93] Mensagem Imagens aéreas da sua obra enviada com sucesso para arquitetura@torqueconstrucoes.com.br
[ID 93] Mensagem Imagens aéreas da sua obra enviada com sucesso para suprimentos@torqueconstrucoes.com.br
[ID 93] Mensagem Imagens aéreas da sua obra enviada com sucesso para recepcao@torqueconstrucoes.com.br
[ID 93] Mensagem Imagens aéreas da sua obra enviada com sucesso para compras@pliniocavalcanti.com
[ID 93] Mensagem Imagens aéreas da sua obra enviada com sucesso para mariobarbosa@trioempreendimentos.com
[ID 93] Mensagem Imagens aéreas da sua obra enviada com sucesso para mariadocarmo@pernambucoconstrutora.com.br
[ID 93] Mensagem Imagens aéreas da sua obra enviada com sucesso para projetos@poligonus.com
[ID 93] Mensagem Imagens aéreas da sua obra enviada com sucesso para roberto@gabrielbacelar.com.br
[ID 93] Mensagem Imagens aéreas da sua obra enviada com sucesso para construtoraamas@hotmail.com
[ID 93] Mensagem Imagens aéreas da sua obra enviada com sucesso para gilcimarsilva@mbp.com.br
[ID 93] Mensagem Imagens aéreas da sua obra enviada com sucesso para valdecirmarques@mbp.com.br
[ID 93] Mensagem Imagens aéreas da sua obra enviada com sucesso para jclrosana@gmail.com
[ID 93] Mensagem Imagens aéreas da sua obra enviada com sucesso para robertocardoso@mouradubeux.com.br
[ID 93] Mensagem Imagens aéreas da sua obra enviada com sucesso para secretaria@sensatto.com.br
[ID 93] Mensagem Imagens aéreas da sua obra enviada com sucesso para natalia.couto@mouradubeux.com.br
[ID 93] Mensagem Imagens aéreas da sua obra enviada com sucesso para rosangela.santos@renel.com.br
[ID 93] Mensagem Imagens aéreas da sua obra enviada com sucesso para sjsconstrutoraltda@hotmail.com
[ID 93] Mensagem Imagens aéreas da sua obra enviada com sucesso para compras@biapo.com.br
[ID 93] Mensagem Imagens aéreas da sua obra enviada com sucesso para tatiana@biapo.com.br

******************** 18 novembro 2022 14:07 UTC ********************
AcyMailing Disparado em 18 novembro 2022 11:07
1 mensagens processadas: 1 com sucesso, 0 falharam
---- Details ----
Enviar processo em execução em paralelo detectado, o sistema parou, mas você será capaz de reiniciá-lo
[ID 93] Mensagem Imagens aéreas da sua obra enviada com sucesso para recepcao@rioave.com.br

******************** 18 novembro 2022 14:07 UTC ********************
AcyMailing Disparado em 18 novembro 2022 11:07
2 mensagens processadas: 2 com sucesso, 0 falharam
---- Details ----
[ID 93] Mensagem Imagens aéreas da sua obra enviada com sucesso para caique.ramos@olpapeis.com.br
Enviar processo em execução em paralelo detectado, o sistema parou, mas você será capaz de reiniciá-lo
[ID 93] Mensagem Imagens aéreas da sua obra enviada com sucesso para compras01@olpapeis.com.br

******************** 18 novembro 2022 14:07 UTC ********************
AcyMailing Disparado em 18 novembro 2022 11:07
3 mensagens processadas: 3 com sucesso, 0 falharam
---- Details ----
[ID 93] Mensagem Imagens aéreas da sua obra enviada com sucesso para adilsoncarneiro@arboresignature.com.br
[ID 93] Mensagem Imagens aéreas da sua obra enviada com sucesso para recepcao@rioave.com.br
Enviar processo em execução em paralelo detectado, o sistema parou, mas você será capaz de reiniciá-lo
[ID 93] Mensagem Imagens aéreas da sua obra enviada com sucesso para caique.ramos@olpapeis.com.br

******************** 18 novembro 2022 14:07 UTC ********************
AcyMailing Disparado em 18 novembro 2022 11:07
35 mensagens processadas: 35 com sucesso, 0 falharam
---- Details ----
[ID 93] Mensagem Imagens aéreas da sua obra enviada com sucesso para compras01@olpapeis.com.br
[ID 93] Mensagem Imagens aéreas da sua obra enviada com sucesso para thiago.correia@humayta.com
[ID 93] Mensagem Imagens aéreas da sua obra enviada com sucesso para paradordemadrid@malus.com.br
[ID 93] Mensagem Imagens aéreas da sua obra enviada com sucesso para contato@malus.com.br
[ID 93] Mensagem Imagens aéreas da sua obra enviada com sucesso para carlos@protenco.com.br
[ID 93] Mensagem Imagens aéreas da sua obra enviada com sucesso para luiz.ciriaco@rocciaconstrucoes.com.br
[ID 93] Mensagem Imagens aéreas da sua obra enviada com sucesso para rodrigo.barros@rocciaconstrucoes.com.br
[ID 93] Mensagem Imagens aéreas da sua obra enviada com sucesso para lucasteixeira@arboreengenharia.com.br
[ID 93] Mensagem Imagens aéreas da sua obra enviada com sucesso para thiago.teogenis@construtoraconic.com.br
[ID 93] Mensagem Imagens aéreas da sua obra enviada com sucesso para elaine.almeida@mouradubeux.com.br
[ID 93] Mensagem Imagens aéreas da sua obra enviada com sucesso para gabriel.farias@mouradubeux.com.br
[ID 93] Mensagem Imagens aéreas da sua obra enviada com sucesso para recepcao@faab.com.br
[ID 93] Mensagem Imagens aéreas da sua obra enviada com sucesso para compras@faab.com.br
[ID 93] Mensagem Imagens aéreas da sua obra enviada com sucesso para comercial@faab.com.br
[ID 93] Mensagem Imagens aéreas da sua obra enviada com sucesso para felipe.furtado@faab.com.br
[ID 93] Mensagem Imagens aéreas da sua obra enviada com sucesso para anderson.fonseca@doisa.com
[ID 93] Mensagem Imagens aéreas da sua obra enviada com sucesso para harley.morais@doisa.com
[ID 93] Mensagem Imagens aéreas da sua obra enviada com sucesso para luisguerra@doisa.com
[ID 93] Mensagem Imagens aéreas da sua obra enviada com sucesso para cplose@educacao.pe.gov.br
[ID 93] Mensagem Imagens aéreas da sua obra enviada com sucesso para secretaria@casadosventos.com.br
[ID 93] Mensagem Imagens aéreas da sua obra enviada com sucesso para kaenaconstrucoesltda@hotmail.com
[ID 93] Mensagem Imagens aéreas da sua obra enviada com sucesso para controle@enercom-energias.com
[ID 93] Mensagem Imagens aéreas da sua obra enviada com sucesso para vizirengenharia@gmail.com
[ID 93] Mensagem Imagens aéreas da sua obra enviada com sucesso para rsalmeidaengenharia@gmail.com
[ID 93] Mensagem Imagens aéreas da sua obra enviada com sucesso para alexalves@pinceisroma.com.br
[ID 93] Mensagem Imagens aéreas da sua obra enviada com sucesso para nico@pinceisroma.com.br
[ID 93] Mensagem Imagens aéreas da sua obra enviada com sucesso para bnakamura@politejo.com
[ID 93] Mensagem Imagens aéreas da sua obra enviada com sucesso para matheus@planesengenharia.com.br
[ID 93] Mensagem Imagens aéreas da sua obra enviada com sucesso para egc@egc.net.br
[ID 93] Mensagem Imagens aéreas da sua obra enviada com sucesso para compras1@romarcoconstrutora.com.br
[ID 93] Mensagem Imagens aéreas da sua obra enviada com sucesso para jackson@agaspar.com.br
[ID 93] Mensagem Imagens aéreas da sua obra enviada com sucesso para william@rioave.com.br
[ID 93] Mensagem Imagens aéreas da sua obra enviada com sucesso para contato@ekosbrasilengenharia.com.br
[ID 93] Mensagem Imagens aéreas da sua obra enviada com sucesso para contato@mfcompany.com.br
Enviar processo em execução em paralelo detectado, o sistema parou, mas você será capaz de reiniciá-lo
[ID 93] Mensagem Imagens aéreas da sua obra enviada com sucesso para adilsoncarneiro@arboresignature.com.br