

********************     17 setembro 2021 13:20     ********************
AcyMailing Disparado em 17 setembro 2021 10:18
48 mensagens processadas: 48 com sucesso, 0 falharam
---- Details ----
[ ID 17] Mensagem Serviços com Drone enviada com sucesso para erifsgomes@gmail.com
[ ID 17] Mensagem Serviços com Drone enviada com sucesso para atendimento@plataformaengenharia.com
[ ID 17] Mensagem Serviços com Drone enviada com sucesso para contato@interativoengenharia.com
[ ID 17] Mensagem Serviços com Drone enviada com sucesso para ct.engenharia@hotmail.com
[ ID 17] Mensagem Serviços com Drone enviada com sucesso para contato@norhengenharia.com.br
[ ID 17] Mensagem Serviços com Drone enviada com sucesso para contato@solidaengenharia-al.com.br
[ ID 17] Mensagem Serviços com Drone enviada com sucesso para contato@planjetar.com.br
[ ID 17] Mensagem Serviços com Drone enviada com sucesso para cguilhermino@gmail.com
[ ID 17] Mensagem Serviços com Drone enviada com sucesso para contato@solidez-al.com.br
[ ID 17] Mensagem Serviços com Drone enviada com sucesso para engenharq@engenharq.com.br
[ ID 17] Mensagem Serviços com Drone enviada com sucesso para comercial@fortexengenharia.com.br
[ ID 17] Mensagem Serviços com Drone enviada com sucesso para v2@v2construcoes.com.br
[ ID 17] Mensagem Serviços com Drone enviada com sucesso para atendimento@telesilengenharia.com.br
[ ID 17] Mensagem Serviços com Drone enviada com sucesso para assistencia@colil.com.br
[ ID 17] Mensagem Serviços com Drone enviada com sucesso para contato@p2eengenharia.com.br
[ ID 17] Mensagem Serviços com Drone enviada com sucesso para calcular@calcular.eng.br
[ ID 17] Mensagem Serviços com Drone enviada com sucesso para CONTATO@ZETAESTRUTURAL.COM.BR
[ ID 17] Mensagem Serviços com Drone enviada com sucesso para m2lt@m2lt.com.br
[ ID 17] Mensagem Serviços com Drone enviada com sucesso para engenharia@nassarengenharia.com.br
[ ID 17] Mensagem Serviços com Drone enviada com sucesso para projetar@gprojetar.com.br
[ ID 17] Mensagem Serviços com Drone enviada com sucesso para abece@abece.com.br
[ ID 17] Mensagem Serviços com Drone enviada com sucesso para uchoa@uchoaconstrucoes.com.br
[ ID 17] Mensagem Serviços com Drone enviada com sucesso para contato@engenhariademateriaisltda.com.br
[ ID 17] Mensagem Serviços com Drone enviada com sucesso para engenharia@laresconstrucoes.com.br
[ ID 17] Mensagem Serviços com Drone enviada com sucesso para contato@marroquim.com.br
[ ID 17] Mensagem Serviços com Drone enviada com sucesso para faleconosco@mouradubeux.com.br
[ ID 17] Mensagem Serviços com Drone enviada com sucesso para COMERCIAL@PRECOL.COM.BR
[ ID 17] Mensagem Serviços com Drone enviada com sucesso para contato@primeincorporacoes.com.br
[ ID 17] Mensagem Serviços com Drone enviada com sucesso para contato@recordinc.com.br
[ ID 17] Mensagem Serviços com Drone enviada com sucesso para sac@reycon.com.br
[ ID 17] Mensagem Serviços com Drone enviada com sucesso para contato@sancoengenharia.com.br
[ ID 17] Mensagem Serviços com Drone enviada com sucesso para contato@tetoplanejamento.com.br
[ ID 17] Mensagem Serviços com Drone enviada com sucesso para comercial@consencoedificacoes.com.br
[ ID 17] Mensagem Serviços com Drone enviada com sucesso para construtorapenedo@hotmail.com
[ ID 17] Mensagem Serviços com Drone enviada com sucesso para contato@construtorasauer-al.com.br
[ ID 17] Mensagem Serviços com Drone enviada com sucesso para contrato@contratoengenharia.com.br
[ ID 17] Mensagem Serviços com Drone enviada com sucesso para comercial@conyeng.com.br
[ ID 17] Mensagem Serviços com Drone enviada com sucesso para administrativo@decisaoengenharia-al.com.br
[ ID 17] Mensagem Serviços com Drone enviada com sucesso para contato@dltengenharia.com.br
[ ID 17] Mensagem Serviços com Drone enviada com sucesso para vitor@monsantoengenharia.com.br
[ ID 17] Mensagem Serviços com Drone enviada com sucesso para delman.mcz@delman.com.br
[ ID 17] Mensagem Serviços com Drone enviada com sucesso para relacionamento@aljosconstrutora.com.br
[ ID 17] Mensagem Serviços com Drone enviada com sucesso para rsconstrutoraltda@hotmail.com
[ ID 17] Mensagem Serviços com Drone enviada com sucesso para contato@am3engenharia.com.br
[ ID 17] Mensagem Serviços com Drone enviada com sucesso para comercial@conserg.com.br
[ ID 17] Mensagem Serviços com Drone enviada com sucesso para comercial@gamaengenharia.com.br
[ ID 17] Mensagem Serviços com Drone enviada com sucesso para contato@lefconstrucoes.com.br
[ ID 17] Mensagem Serviços com Drone enviada com sucesso para sapaulista@sapaulista.com.br

********************     17 setembro 2021 14:49     ********************
AcyMailing Disparado em 17 setembro 2021 11:48
16 mensagens processadas: 16 com sucesso, 0 falharam
---- Details ----
[ ID 34] Mensagem Serviços com Drone enviada com sucesso para erifsgomes@gmail.com
[ ID 34] Mensagem Serviços com Drone enviada com sucesso para comercial@4sim.com.br
[ ID 34] Mensagem Serviços com Drone enviada com sucesso para soaresnobre@soaresnobre.com
[ ID 34] Mensagem Serviços com Drone enviada com sucesso para oi@moremaceio.com.br
[ ID 34] Mensagem Serviços com Drone enviada com sucesso para ademi@ademi-al.org.br
[ ID 34] Mensagem Serviços com Drone enviada com sucesso para atendimento@gaimoveis.com
[ ID 34] Mensagem Serviços com Drone enviada com sucesso para relacionamento@imobiliconsultoria.com.br
[ ID 34] Mensagem Serviços com Drone enviada com sucesso para atendimento@empreendimentosmacro.com.br
[ ID 34] Mensagem Serviços com Drone enviada com sucesso para contato@marizimoveis.com
[ ID 34] Mensagem Serviços com Drone enviada com sucesso para contato@almimoveis.com
[ ID 34] Mensagem Serviços com Drone enviada com sucesso para atendimento@rpontes.com.br
[ ID 34] Mensagem Serviços com Drone enviada com sucesso para cunhanegociosimobiliarios.al@gmail.com
[ ID 34] Mensagem Serviços com Drone enviada com sucesso para contato@rochaalvesimoveis.com
[ ID 34] Mensagem Serviços com Drone enviada com sucesso para eliodiasimoveis@hotmail.com
[ ID 34] Mensagem Serviços com Drone enviada com sucesso para atendimento@mp2imoveis.com
[ ID 34] Mensagem Serviços com Drone enviada com sucesso para contato@waimoveis.net

********************     17 setembro 2021 15:03     ********************
AcyMailing Disparado em 17 setembro 2021 12:03
1 mensagens processadas: 1 com sucesso, 0 falharam
---- Details ----
[ ID 17] Mensagem Serviços com Drone enviada com sucesso para denison@dltengenharia.com.br

********************     18 setembro 2021 14:18     ********************
AcyMailing Disparado em 18 setembro 2021 11:18
1 mensagens processadas: 1 com sucesso, 0 falharam
---- Details ----
[ ID 34] Mensagem Serviços com Drone enviada com sucesso para marcelo_batista44@hotmail.com

********************     28 setembro 2021 12:18     ********************
AcyMailing Disparado em 28 setembro 2021 09:18
10 mensagens processadas: 10 com sucesso, 0 falharam
---- Details ----
[ ID 35] Mensagem Imagens Aérea com Drone enviada com sucesso para contato@waimoveis.net
[ ID 35] Mensagem Imagens Aérea com Drone enviada com sucesso para denison@dltengenharia.com.br
[ ID 35] Mensagem Imagens Aérea com Drone enviada com sucesso para marcelo_batista44@hotmail.com
[ ID 35] Mensagem Imagens Aérea com Drone enviada com sucesso para atendimento@crea-al.org.br
[ ID 35] Mensagem Imagens Aérea com Drone enviada com sucesso para lokcerto@planoaengenharia.com.br
[ ID 35] Mensagem Imagens Aérea com Drone enviada com sucesso para contato@arqnorm.com
[ ID 35] Mensagem Imagens Aérea com Drone enviada com sucesso para duoconstrucoes@hotmail.com
[ ID 35] Mensagem Imagens Aérea com Drone enviada com sucesso para contato.arcinline@gmail.com
[ ID 35] Mensagem Imagens Aérea com Drone enviada com sucesso para soteli.al@hotmail.com
[ ID 35] Mensagem Imagens Aérea com Drone enviada com sucesso para contato@ninegocios.com.br

********************     29 setembro 2021 13:18     ********************
AcyMailing Disparado em 29 setembro 2021 10:18
11 mensagens processadas: 11 com sucesso, 0 falharam
---- Details ----
[ ID 17] Mensagem Serviços com Drone enviada com sucesso para lokcerto@planoaengenharia.com.br
[ ID 17] Mensagem Serviços com Drone enviada com sucesso para contato@arqnorm.com
[ ID 17] Mensagem Serviços com Drone enviada com sucesso para duoconstrucoes@hotmail.com
[ ID 17] Mensagem Serviços com Drone enviada com sucesso para contato.arcinline@gmail.com
[ ID 17] Mensagem Serviços com Drone enviada com sucesso para soteli.al@hotmail.com
[ ID 17] Mensagem Serviços com Drone enviada com sucesso para contato@ritzincorporacoes.com.br
[ ID 17] Mensagem Serviços com Drone enviada com sucesso para thays@razaoempreendimentos.com.br
[ ID 17] Mensagem Serviços com Drone enviada com sucesso para contato@podiumengenharia.com
[ ID 17] Mensagem Serviços com Drone enviada com sucesso para engenharia@rmoreiraconstrucoes.com.br
[ ID 17] Mensagem Serviços com Drone enviada com sucesso para diretoria@domnaengenharia.com.br
[ ID 17] Mensagem Serviços com Drone enviada com sucesso para CONSTRUTORA@VITTRE.COM.BR

********************     29 setembro 2021 13:48     ********************
AcyMailing Disparado em 29 setembro 2021 10:48
2 mensagens processadas: 2 com sucesso, 0 falharam
---- Details ----
[ ID 34] Mensagem Serviços com Drone enviada com sucesso para contato@ninegocios.com.br
[ ID 34] Mensagem Serviços com Drone enviada com sucesso para comercial@homemaceio.com.br

********************     30 setembro 2021 12:48     ********************
AcyMailing Disparado em 30 setembro 2021 09:48
3 mensagens processadas: 3 com sucesso, 0 falharam
---- Details ----
[ ID 17] Mensagem Serviços com Drone enviada com sucesso para atendimento@mmeparavoce.com.br
[ ID 17] Mensagem Serviços com Drone enviada com sucesso para curriculo.ecopar@gmail.com
[ ID 17] Mensagem Serviços com Drone enviada com sucesso para santafengenharia@gmail.com

********************     30 setembro 2021 17:48     ********************
AcyMailing Disparado em 30 setembro 2021 14:48
1 mensagens processadas: 1 com sucesso, 0 falharam
---- Details ----
[ ID 17] Mensagem Serviços com Drone enviada com sucesso para suprimentos@sancoengenharia.com.br

********************     30 setembro 2021 18:03     ********************
AcyMailing Disparado em 30 setembro 2021 15:03
1 mensagens processadas: 1 com sucesso, 0 falharam
---- Details ----
[ ID 17] Mensagem Serviços com Drone enviada com sucesso para lizandro@engenharq.com.br

********************     30 setembro 2021 18:18     ********************
AcyMailing Disparado em 30 setembro 2021 15:18
2 mensagens processadas: 2 com sucesso, 0 falharam
---- Details ----
[ ID 17] Mensagem Serviços com Drone enviada com sucesso para engenharia@v2construcoes.com.br
[ ID 17] Mensagem Serviços com Drone enviada com sucesso para comercial@telesilengenharia.com.br

********************     30 setembro 2021 19:33     ********************
AcyMailing Disparado em 30 setembro 2021 16:33
1 mensagens processadas: 1 com sucesso, 0 falharam
---- Details ----
[ ID 17] Mensagem Serviços com Drone enviada com sucesso para hugo@colil.com.br

********************     30 setembro 2021 19:48     ********************
AcyMailing Disparado em 30 setembro 2021 16:48
1 mensagens processadas: 1 com sucesso, 0 falharam
---- Details ----
[ ID 17] Mensagem Serviços com Drone enviada com sucesso para felipe@uchoaconstrucoes.com.br