

******************** 28 fevereiro 2023 13:25 UTC ********************
AcyMailing Disparado em 28 fevereiro 2023 10:24
1 campanha (s) programada (s)
70 mensagens processadas: 70 com sucesso, 0 falharam
---- Details ----
534 emails foram adicionados à fila para a Campanha Agendada <b>02.1 - Conheça a Tecnolabs e aumente a eficiência na sua obra</b>
[ID 95] Mensagem Conheça a Tecnolabs e aumente a eficiência na sua obra enviada com sucesso para erifsgomes@gmail.com
[ID 95] Mensagem Conheça a Tecnolabs e aumente a eficiência na sua obra enviada com sucesso para atendimento@plataformaengenharia.com
[ID 95] Mensagem Conheça a Tecnolabs e aumente a eficiência na sua obra enviada com sucesso para ct.engenharia@hotmail.com
[ID 95] Mensagem Conheça a Tecnolabs e aumente a eficiência na sua obra enviada com sucesso para contato@planjetar.com.br
[ID 95] Mensagem Conheça a Tecnolabs e aumente a eficiência na sua obra enviada com sucesso para cguilhermino@gmail.com
[ID 95] Mensagem Conheça a Tecnolabs e aumente a eficiência na sua obra enviada com sucesso para v2@v2construcoes.com.br
[ID 95] Mensagem Conheça a Tecnolabs e aumente a eficiência na sua obra enviada com sucesso para assistencia@colil.com.br
[ID 95] Mensagem Conheça a Tecnolabs e aumente a eficiência na sua obra enviada com sucesso para contato@p2eengenharia.com.br
[ID 95] Mensagem Conheça a Tecnolabs e aumente a eficiência na sua obra enviada com sucesso para calcular@calcular.eng.br
[ID 95] Mensagem Conheça a Tecnolabs e aumente a eficiência na sua obra enviada com sucesso para CONTATO@ZETAESTRUTURAL.COM.BR
[ID 95] Mensagem Conheça a Tecnolabs e aumente a eficiência na sua obra enviada com sucesso para engenharia@nassarengenharia.com.br
[ID 95] Mensagem Conheça a Tecnolabs e aumente a eficiência na sua obra enviada com sucesso para projetar@gprojetar.com.br
[ID 95] Mensagem Conheça a Tecnolabs e aumente a eficiência na sua obra enviada com sucesso para contato@engenhariademateriaisltda.com.br
[ID 95] Mensagem Conheça a Tecnolabs e aumente a eficiência na sua obra enviada com sucesso para engenharia@laresconstrucoes.com.br
[ID 95] Mensagem Conheça a Tecnolabs e aumente a eficiência na sua obra enviada com sucesso para faleconosco@mouradubeux.com.br
[ID 95] Mensagem Conheça a Tecnolabs e aumente a eficiência na sua obra enviada com sucesso para COMERCIAL@PRECOL.COM.BR
[ID 95] Mensagem Conheça a Tecnolabs e aumente a eficiência na sua obra enviada com sucesso para contato@primeincorporacoes.com.br
[ID 95] Mensagem Conheça a Tecnolabs e aumente a eficiência na sua obra enviada com sucesso para sac@reycon.com.br
[ID 95] Mensagem Conheça a Tecnolabs e aumente a eficiência na sua obra enviada com sucesso para comercial@consencoedificacoes.com.br
[ID 95] Mensagem Conheça a Tecnolabs e aumente a eficiência na sua obra enviada com sucesso para construtorapenedo@hotmail.com
[ID 95] Mensagem Conheça a Tecnolabs e aumente a eficiência na sua obra enviada com sucesso para administrativo@decisaoengenharia-al.com.br
[ID 95] Mensagem Conheça a Tecnolabs e aumente a eficiência na sua obra enviada com sucesso para vitor@monsantoengenharia.com.br
[ID 95] Mensagem Conheça a Tecnolabs e aumente a eficiência na sua obra enviada com sucesso para delman.mcz@delman.com.br
[ID 95] Mensagem Conheça a Tecnolabs e aumente a eficiência na sua obra enviada com sucesso para relacionamento@aljosconstrutora.com.br
[ID 95] Mensagem Conheça a Tecnolabs e aumente a eficiência na sua obra enviada com sucesso para rsconstrutoraltda@hotmail.com
[ID 95] Mensagem Conheça a Tecnolabs e aumente a eficiência na sua obra enviada com sucesso para contato@am3engenharia.com.br
[ID 95] Mensagem Conheça a Tecnolabs e aumente a eficiência na sua obra enviada com sucesso para atendimento@rpontes.com.br
[ID 95] Mensagem Conheça a Tecnolabs e aumente a eficiência na sua obra enviada com sucesso para lokcerto@planoaengenharia.com.br
[ID 95] Mensagem Conheça a Tecnolabs e aumente a eficiência na sua obra enviada com sucesso para contato@arqnorm.com
[ID 95] Mensagem Conheça a Tecnolabs e aumente a eficiência na sua obra enviada com sucesso para duoconstrucoes@hotmail.com
[ID 95] Mensagem Conheça a Tecnolabs e aumente a eficiência na sua obra enviada com sucesso para contato.arcinline@gmail.com
[ID 95] Mensagem Conheça a Tecnolabs e aumente a eficiência na sua obra enviada com sucesso para soteli.al@hotmail.com
[ID 95] Mensagem Conheça a Tecnolabs e aumente a eficiência na sua obra enviada com sucesso para contato@podiumengenharia.com
[ID 95] Mensagem Conheça a Tecnolabs e aumente a eficiência na sua obra enviada com sucesso para engenharia@rmoreiraconstrucoes.com.br
[ID 95] Mensagem Conheça a Tecnolabs e aumente a eficiência na sua obra enviada com sucesso para diretoria@domnaengenharia.com.br
[ID 95] Mensagem Conheça a Tecnolabs e aumente a eficiência na sua obra enviada com sucesso para atendimento@mmeparavoce.com.br
[ID 95] Mensagem Conheça a Tecnolabs e aumente a eficiência na sua obra enviada com sucesso para curriculo.ecopar@gmail.com
[ID 95] Mensagem Conheça a Tecnolabs e aumente a eficiência na sua obra enviada com sucesso para santafengenharia@gmail.com
[ID 95] Mensagem Conheça a Tecnolabs e aumente a eficiência na sua obra enviada com sucesso para suprimentos@sancoengenharia.com.br
[ID 95] Mensagem Conheça a Tecnolabs e aumente a eficiência na sua obra enviada com sucesso para engenharia@v2construcoes.com.br
[ID 95] Mensagem Conheça a Tecnolabs e aumente a eficiência na sua obra enviada com sucesso para hugo@colil.com.br
[ID 95] Mensagem Conheça a Tecnolabs e aumente a eficiência na sua obra enviada com sucesso para raphael@ecoparengenharia.com.br
[ID 95] Mensagem Conheça a Tecnolabs e aumente a eficiência na sua obra enviada com sucesso para contato@greenbrasil.eng.br
[ID 95] Mensagem Conheça a Tecnolabs e aumente a eficiência na sua obra enviada com sucesso para contato@contemporaneaconstrucoes.com.br
[ID 95] Mensagem Conheça a Tecnolabs e aumente a eficiência na sua obra enviada com sucesso para atendimento@toledocabral.com.br
[ID 95] Mensagem Conheça a Tecnolabs e aumente a eficiência na sua obra enviada com sucesso para jcamendonca@hotmail.com
[ID 95] Mensagem Conheça a Tecnolabs e aumente a eficiência na sua obra enviada com sucesso para wagnercabralengenharia@hotmail.com
[ID 95] Mensagem Conheça a Tecnolabs e aumente a eficiência na sua obra enviada com sucesso para sanco@sancoengenharia.com.br
[ID 95] Mensagem Conheça a Tecnolabs e aumente a eficiência na sua obra enviada com sucesso para g.lcerutti@ceruttiengenharia.com.br
[ID 95] Mensagem Conheça a Tecnolabs e aumente a eficiência na sua obra enviada com sucesso para lares@laresconstrucoes.com.br
[ID 95] Mensagem Conheça a Tecnolabs e aumente a eficiência na sua obra enviada com sucesso para maucon.al@uol.com.br
[ID 95] Mensagem Conheça a Tecnolabs e aumente a eficiência na sua obra enviada com sucesso para carlos.andre@pactoengenharia.com
[ID 95] Mensagem Conheça a Tecnolabs e aumente a eficiência na sua obra enviada com sucesso para flivio@planoaengenharia.com.br
[ID 95] Mensagem Conheça a Tecnolabs e aumente a eficiência na sua obra enviada com sucesso para moises.diretoria@precol.com.br
[ID 95] Mensagem Conheça a Tecnolabs e aumente a eficiência na sua obra enviada com sucesso para contato@construtorapenedo.com.br
[ID 95] Mensagem Conheça a Tecnolabs e aumente a eficiência na sua obra enviada com sucesso para atendimento@consencoedificacoes.com.br
[ID 95] Mensagem Conheça a Tecnolabs e aumente a eficiência na sua obra enviada com sucesso para contato@amecengenhariaeconsultoria.com.br
[ID 95] Mensagem Conheça a Tecnolabs e aumente a eficiência na sua obra enviada com sucesso para construtorahf@hotmail.com
[ID 95] Mensagem Conheça a Tecnolabs e aumente a eficiência na sua obra enviada com sucesso para merito.al@uol.com.br
[ID 95] Mensagem Conheça a Tecnolabs e aumente a eficiência na sua obra enviada com sucesso para contato@emempreendimentos.com.br
[ID 95] Mensagem Conheça a Tecnolabs e aumente a eficiência na sua obra enviada com sucesso para lyvia.gama@tpfe.com.br
[ID 95] Mensagem Conheça a Tecnolabs e aumente a eficiência na sua obra enviada com sucesso para compras@plataformaengenharia.com
[ID 95] Mensagem Conheça a Tecnolabs e aumente a eficiência na sua obra enviada com sucesso para luiz@colil.com.br
[ID 95] Mensagem Conheça a Tecnolabs e aumente a eficiência na sua obra enviada com sucesso para contato@esencengenharia.com.br
[ID 95] Mensagem Conheça a Tecnolabs e aumente a eficiência na sua obra enviada com sucesso para grazielle@construtoranerimartins.com.br
[ID 95] Mensagem Conheça a Tecnolabs e aumente a eficiência na sua obra enviada com sucesso para valcy@consencoedificacoes.com.br
[ID 95] Mensagem Conheça a Tecnolabs e aumente a eficiência na sua obra enviada com sucesso para compras1@ecoparengenharia.com.br
[ID 95] Mensagem Conheça a Tecnolabs e aumente a eficiência na sua obra enviada com sucesso para lopesquintinoengenharia@gmail.com
[ID 95] Mensagem Conheça a Tecnolabs e aumente a eficiência na sua obra enviada com sucesso para taisa@dbn.eng.br
[ID 95] Mensagem Conheça a Tecnolabs e aumente a eficiência na sua obra enviada com sucesso para arq@suassunafernandes.com.br

******************** 28 fevereiro 2023 13:30 UTC ********************
AcyMailing Disparado em 28 fevereiro 2023 10:30
70 mensagens processadas: 70 com sucesso, 0 falharam
---- Details ----
[ID 95] Mensagem Conheça a Tecnolabs e aumente a eficiência na sua obra enviada com sucesso para compras@suassunafernandes.com.br
[ID 95] Mensagem Conheça a Tecnolabs e aumente a eficiência na sua obra enviada com sucesso para ivo.amorim@taboadanegocios.com
[ID 95] Mensagem Conheça a Tecnolabs e aumente a eficiência na sua obra enviada com sucesso para nelson.bezerra@taboadanegocios.com
[ID 95] Mensagem Conheça a Tecnolabs e aumente a eficiência na sua obra enviada com sucesso para compras@emempreendimentos.com.br
[ID 95] Mensagem Conheça a Tecnolabs e aumente a eficiência na sua obra enviada com sucesso para douglasglempreendimentos@gmail.com
[ID 95] Mensagem Conheça a Tecnolabs e aumente a eficiência na sua obra enviada com sucesso para niraldosidneysilva@hotmail.com
[ID 95] Mensagem Conheça a Tecnolabs e aumente a eficiência na sua obra enviada com sucesso para engenheiro2.rpontes@gmail.com
[ID 95] Mensagem Conheça a Tecnolabs e aumente a eficiência na sua obra enviada com sucesso para compras@rpontes.com.br
[ID 95] Mensagem Conheça a Tecnolabs e aumente a eficiência na sua obra enviada com sucesso para luizdanielhonorato@gmail.com
[ID 95] Mensagem Conheça a Tecnolabs e aumente a eficiência na sua obra enviada com sucesso para michell@panoramia.com.br
[ID 95] Mensagem Conheça a Tecnolabs e aumente a eficiência na sua obra enviada com sucesso para projetos@gusmaopassos.com.br
[ID 95] Mensagem Conheça a Tecnolabs e aumente a eficiência na sua obra enviada com sucesso para compras@laresconstrucoes.com.br
[ID 95] Mensagem Conheça a Tecnolabs e aumente a eficiência na sua obra enviada com sucesso para marianoteixeiraarq@gmail.com
[ID 95] Mensagem Conheça a Tecnolabs e aumente a eficiência na sua obra enviada com sucesso para compras@v2construcoes.com.br
[ID 95] Mensagem Conheça a Tecnolabs e aumente a eficiência na sua obra enviada com sucesso para rodrigomayaaragao@gmail.com
[ID 95] Mensagem Conheça a Tecnolabs e aumente a eficiência na sua obra enviada com sucesso para colil@colil.com.br
[ID 95] Mensagem Conheça a Tecnolabs e aumente a eficiência na sua obra enviada com sucesso para compras@delman.com.br
[ID 95] Mensagem Conheça a Tecnolabs e aumente a eficiência na sua obra enviada com sucesso para recepcao.mcz@delman.com.br
[ID 95] Mensagem Conheça a Tecnolabs e aumente a eficiência na sua obra enviada com sucesso para walter@delman.com.br
[ID 95] Mensagem Conheça a Tecnolabs e aumente a eficiência na sua obra enviada com sucesso para edalmolobo@yahoo.com.br
[ID 95] Mensagem Conheça a Tecnolabs e aumente a eficiência na sua obra enviada com sucesso para tulio@delman.com.br
[ID 95] Mensagem Conheça a Tecnolabs e aumente a eficiência na sua obra enviada com sucesso para fabianoalmoxarife@gmail.com
[ID 95] Mensagem Conheça a Tecnolabs e aumente a eficiência na sua obra enviada com sucesso para compras@decisaoengenharia-al.com.br
[ID 95] Mensagem Conheça a Tecnolabs e aumente a eficiência na sua obra enviada com sucesso para elias@contemporaneaconstrucoes.com.br
[ID 95] Mensagem Conheça a Tecnolabs e aumente a eficiência na sua obra enviada com sucesso para wellington@contemporaneaconstrucoes.com.br
[ID 95] Mensagem Conheça a Tecnolabs e aumente a eficiência na sua obra enviada com sucesso para duartearquitetura@hotmail.com
[ID 95] Mensagem Conheça a Tecnolabs e aumente a eficiência na sua obra enviada com sucesso para diego@consencoedificacoes.com.br
[ID 95] Mensagem Conheça a Tecnolabs e aumente a eficiência na sua obra enviada com sucesso para compras@castanhel.com.br
[ID 95] Mensagem Conheça a Tecnolabs e aumente a eficiência na sua obra enviada com sucesso para flavio@havan.com.br
[ID 95] Mensagem Conheça a Tecnolabs e aumente a eficiência na sua obra enviada com sucesso para engenharia@havan.com.br
[ID 95] Mensagem Conheça a Tecnolabs e aumente a eficiência na sua obra enviada com sucesso para juliane.galler@havan.com.br
[ID 95] Mensagem Conheça a Tecnolabs e aumente a eficiência na sua obra enviada com sucesso para robson.jsilva@mrv.com.br
[ID 95] Mensagem Conheça a Tecnolabs e aumente a eficiência na sua obra enviada com sucesso para aquatro91@hotmail.com
[ID 95] Mensagem Conheça a Tecnolabs e aumente a eficiência na sua obra enviada com sucesso para pedro_na@hotmail.com
[ID 95] Mensagem Conheça a Tecnolabs e aumente a eficiência na sua obra enviada com sucesso para compras@mmeparavoce.com.br
[ID 95] Mensagem Conheça a Tecnolabs e aumente a eficiência na sua obra enviada com sucesso para projetos@mmeparavoce.com.br
[ID 95] Mensagem Conheça a Tecnolabs e aumente a eficiência na sua obra enviada com sucesso para jcamargo@alphaville.com.br
[ID 95] Mensagem Conheça a Tecnolabs e aumente a eficiência na sua obra enviada com sucesso para tsilva@alphaville.com.br
[ID 95] Mensagem Conheça a Tecnolabs e aumente a eficiência na sua obra enviada com sucesso para goiania@buritiempreendimentos.com.br
[ID 95] Mensagem Conheça a Tecnolabs e aumente a eficiência na sua obra enviada com sucesso para sandra.teixeira@buritiempreendimentos.com.br
[ID 95] Mensagem Conheça a Tecnolabs e aumente a eficiência na sua obra enviada com sucesso para administrativo@bezerraleite.com
[ID 95] Mensagem Conheça a Tecnolabs e aumente a eficiência na sua obra enviada com sucesso para contato@gajaconstrutora.com.br
[ID 95] Mensagem Conheça a Tecnolabs e aumente a eficiência na sua obra enviada com sucesso para andrea.souza@coloradoempreendimentos.com
[ID 95] Mensagem Conheça a Tecnolabs e aumente a eficiência na sua obra enviada com sucesso para geovanni.amorim@coloradoempreendimentos.com
[ID 95] Mensagem Conheça a Tecnolabs e aumente a eficiência na sua obra enviada com sucesso para engenhariavaleempreendimentos@gmail.com
[ID 95] Mensagem Conheça a Tecnolabs e aumente a eficiência na sua obra enviada com sucesso para valeempreendimentos@gmail.com
[ID 95] Mensagem Conheça a Tecnolabs e aumente a eficiência na sua obra enviada com sucesso para jose.batista@zopone.com.br
[ID 95] Mensagem Conheça a Tecnolabs e aumente a eficiência na sua obra enviada com sucesso para administrativo@pajucara.ind.br
[ID 95] Mensagem Conheça a Tecnolabs e aumente a eficiência na sua obra enviada com sucesso para luiza@mmeparavoce.com.br
[ID 95] Mensagem Conheça a Tecnolabs e aumente a eficiência na sua obra enviada com sucesso para tecnico@podiumengenharia.com
[ID 95] Mensagem Conheça a Tecnolabs e aumente a eficiência na sua obra enviada com sucesso para robertolessa@podiumengenharia.com
[ID 95] Mensagem Conheça a Tecnolabs e aumente a eficiência na sua obra enviada com sucesso para suprimentos@engenhariademateriaisltda.com.br
[ID 95] Mensagem Conheça a Tecnolabs e aumente a eficiência na sua obra enviada com sucesso para pimentelengenharia.compras@hotmail.com
[ID 95] Mensagem Conheça a Tecnolabs e aumente a eficiência na sua obra enviada com sucesso para pimentelengenharia@hotmail.com
[ID 95] Mensagem Conheça a Tecnolabs e aumente a eficiência na sua obra enviada com sucesso para faturamento.al@qualicoco.com.br
[ID 95] Mensagem Conheça a Tecnolabs e aumente a eficiência na sua obra enviada com sucesso para rogerio@qualicoco.com.br
[ID 95] Mensagem Conheça a Tecnolabs e aumente a eficiência na sua obra enviada com sucesso para engenharia2@sancoengenharia.com.br
[ID 95] Mensagem Conheça a Tecnolabs e aumente a eficiência na sua obra enviada com sucesso para recepcao@sancoengenharia.com.br
[ID 95] Mensagem Conheça a Tecnolabs e aumente a eficiência na sua obra enviada com sucesso para arthurbulhoes@hotmail.com
[ID 95] Mensagem Conheça a Tecnolabs e aumente a eficiência na sua obra enviada com sucesso para engenheiro3.rpontes@gmail.com
[ID 95] Mensagem Conheça a Tecnolabs e aumente a eficiência na sua obra enviada com sucesso para elias@reycon.com.br
[ID 95] Mensagem Conheça a Tecnolabs e aumente a eficiência na sua obra enviada com sucesso para sergison@reycon.com.br
[ID 95] Mensagem Conheça a Tecnolabs e aumente a eficiência na sua obra enviada com sucesso para compras@castilho.com.br
[ID 95] Mensagem Conheça a Tecnolabs e aumente a eficiência na sua obra enviada com sucesso para maciela@amorimbarreto.com.br
[ID 95] Mensagem Conheça a Tecnolabs e aumente a eficiência na sua obra enviada com sucesso para aslic@casal.al.gov.br
[ID 95] Mensagem Conheça a Tecnolabs e aumente a eficiência na sua obra enviada com sucesso para compras@am3engenharia.com.br
[ID 95] Mensagem Conheça a Tecnolabs e aumente a eficiência na sua obra enviada com sucesso para lucaslaercio90@gmail.com
[ID 95] Mensagem Conheça a Tecnolabs e aumente a eficiência na sua obra enviada com sucesso para martinlogtransportes@gmail.com
[ID 95] Mensagem Conheça a Tecnolabs e aumente a eficiência na sua obra enviada com sucesso para engenheiro1.rpontes@gmail.com
[ID 95] Mensagem Conheça a Tecnolabs e aumente a eficiência na sua obra enviada com sucesso para roberta@rpontes.com

******************** 28 fevereiro 2023 13:40 UTC ********************
AcyMailing Disparado em 28 fevereiro 2023 10:40
70 mensagens processadas: 70 com sucesso, 0 falharam
---- Details ----
[ID 95] Mensagem Conheça a Tecnolabs e aumente a eficiência na sua obra enviada com sucesso para engenharia@am3engenharia.com.br
[ID 95] Mensagem Conheça a Tecnolabs e aumente a eficiência na sua obra enviada com sucesso para ciro@arcons.com.br
[ID 95] Mensagem Conheça a Tecnolabs e aumente a eficiência na sua obra enviada com sucesso para compras@arcons.com.br
[ID 95] Mensagem Conheça a Tecnolabs e aumente a eficiência na sua obra enviada com sucesso para marketing@v2construcoes.com.br
[ID 95] Mensagem Conheça a Tecnolabs e aumente a eficiência na sua obra enviada com sucesso para tacengenharia.al@gmail.com
[ID 95] Mensagem Conheça a Tecnolabs e aumente a eficiência na sua obra enviada com sucesso para diretoria@smartestruturas.com
[ID 95] Mensagem Conheça a Tecnolabs e aumente a eficiência na sua obra enviada com sucesso para talentos@rpontes.com.br
[ID 95] Mensagem Conheça a Tecnolabs e aumente a eficiência na sua obra enviada com sucesso para rhmaceio@jg-ba.com.br
[ID 95] Mensagem Conheça a Tecnolabs e aumente a eficiência na sua obra enviada com sucesso para gbsaeng@gbsaeng.com
[ID 95] Mensagem Conheça a Tecnolabs e aumente a eficiência na sua obra enviada com sucesso para marcelo@emempreendimentos.com.br
[ID 95] Mensagem Conheça a Tecnolabs e aumente a eficiência na sua obra enviada com sucesso para r.lealconstrucoes@gmail.com
[ID 95] Mensagem Conheça a Tecnolabs e aumente a eficiência na sua obra enviada com sucesso para administrativo@consencoedificacoes.com.br
[ID 95] Mensagem Conheça a Tecnolabs e aumente a eficiência na sua obra enviada com sucesso para leandro@castanhel.com.br
[ID 95] Mensagem Conheça a Tecnolabs e aumente a eficiência na sua obra enviada com sucesso para marcoaurelio@castanhel.com.br
[ID 95] Mensagem Conheça a Tecnolabs e aumente a eficiência na sua obra enviada com sucesso para adely.meireles@casal.al.gov.br
[ID 95] Mensagem Conheça a Tecnolabs e aumente a eficiência na sua obra enviada com sucesso para jose.ronaldo@mrv.com.br
[ID 95] Mensagem Conheça a Tecnolabs e aumente a eficiência na sua obra enviada com sucesso para suprimentos.mrv@mrv.com.br
[ID 95] Mensagem Conheça a Tecnolabs e aumente a eficiência na sua obra enviada com sucesso para daniel.bomfim@unimedmaceio.com.br
[ID 95] Mensagem Conheça a Tecnolabs e aumente a eficiência na sua obra enviada com sucesso para conycompras@conyeng.com.br
[ID 95] Mensagem Conheça a Tecnolabs e aumente a eficiência na sua obra enviada com sucesso para lfernando@zopone.com.br
[ID 95] Mensagem Conheça a Tecnolabs e aumente a eficiência na sua obra enviada com sucesso para arturbulhoes@hotmail.com
[ID 95] Mensagem Conheça a Tecnolabs e aumente a eficiência na sua obra enviada com sucesso para filialmaceio@amorimbarreto.com.br
[ID 95] Mensagem Conheça a Tecnolabs e aumente a eficiência na sua obra enviada com sucesso para am3engenharia.al@gmail.com
[ID 95] Mensagem Conheça a Tecnolabs e aumente a eficiência na sua obra enviada com sucesso para comercial@lefconstrucoes.com.br
[ID 95] Mensagem Conheça a Tecnolabs e aumente a eficiência na sua obra enviada com sucesso para roberta@rpontes.com.br
[ID 95] Mensagem Conheça a Tecnolabs e aumente a eficiência na sua obra enviada com sucesso para edu@emarah.com.br
[ID 95] Mensagem Conheça a Tecnolabs e aumente a eficiência na sua obra enviada com sucesso para compras.maua@adram.com.br
[ID 95] Mensagem Conheça a Tecnolabs e aumente a eficiência na sua obra enviada com sucesso para agenor.peres@bauminas.com.br
[ID 95] Mensagem Conheça a Tecnolabs e aumente a eficiência na sua obra enviada com sucesso para comercial@incorporadorasaomateus.com.br
[ID 95] Mensagem Conheça a Tecnolabs e aumente a eficiência na sua obra enviada com sucesso para cpl@compesa.com.br
[ID 95] Mensagem Conheça a Tecnolabs e aumente a eficiência na sua obra enviada com sucesso para marcelo.albuquerque@pbconstrucoes.com
[ID 95] Mensagem Conheça a Tecnolabs e aumente a eficiência na sua obra enviada com sucesso para ely.sousa@pbconstrucoes.com
[ID 95] Mensagem Conheça a Tecnolabs e aumente a eficiência na sua obra enviada com sucesso para administrativo@ebsa.net.br
[ID 95] Mensagem Conheça a Tecnolabs e aumente a eficiência na sua obra enviada com sucesso para patricia@ebsa.net.br
[ID 95] Mensagem Conheça a Tecnolabs e aumente a eficiência na sua obra enviada com sucesso para compras@rioave.com.br
[ID 95] Mensagem Conheça a Tecnolabs e aumente a eficiência na sua obra enviada com sucesso para andrea@cpconstrucao.com
[ID 95] Mensagem Conheça a Tecnolabs e aumente a eficiência na sua obra enviada com sucesso para jivago@aclf.com.br
[ID 95] Mensagem Conheça a Tecnolabs e aumente a eficiência na sua obra enviada com sucesso para paulasantos@aclf.com.br
[ID 95] Mensagem Conheça a Tecnolabs e aumente a eficiência na sua obra enviada com sucesso para insumos@unique.eng.br
[ID 95] Mensagem Conheça a Tecnolabs e aumente a eficiência na sua obra enviada com sucesso para suprimentos@unique.eng.br
[ID 95] Mensagem Conheça a Tecnolabs e aumente a eficiência na sua obra enviada com sucesso para djair@poupec.com.br
[ID 95] Mensagem Conheça a Tecnolabs e aumente a eficiência na sua obra enviada com sucesso para compras@agaspar.com.br
[ID 95] Mensagem Conheça a Tecnolabs e aumente a eficiência na sua obra enviada com sucesso para adm@scopoempreendimentos.com.br
[ID 95] Mensagem Conheça a Tecnolabs e aumente a eficiência na sua obra enviada com sucesso para antonio.alcaengenharia@gmail.com
[ID 95] Mensagem Conheça a Tecnolabs e aumente a eficiência na sua obra enviada com sucesso para comercial@haut.id
[ID 95] Mensagem Conheça a Tecnolabs e aumente a eficiência na sua obra enviada com sucesso para patricia.santana@haut.id
[ID 95] Mensagem Conheça a Tecnolabs e aumente a eficiência na sua obra enviada com sucesso para ivonildo.ff@asanet.com.br
[ID 95] Mensagem Conheça a Tecnolabs e aumente a eficiência na sua obra enviada com sucesso para carloseduardo@grupoluna.com.br
[ID 95] Mensagem Conheça a Tecnolabs e aumente a eficiência na sua obra enviada com sucesso para mario@lmaempreendimentos.com.br
[ID 95] Mensagem Conheça a Tecnolabs e aumente a eficiência na sua obra enviada com sucesso para compras@gtshopping.com.br
[ID 95] Mensagem Conheça a Tecnolabs e aumente a eficiência na sua obra enviada com sucesso para pamella.franca@lmaempreendimentos.com.br
[ID 95] Mensagem Conheça a Tecnolabs e aumente a eficiência na sua obra enviada com sucesso para augusto.barbosa@auroradecasaforte.com.br
[ID 95] Mensagem Conheça a Tecnolabs e aumente a eficiência na sua obra enviada com sucesso para compras@carrilho.com.br
[ID 95] Mensagem Conheça a Tecnolabs e aumente a eficiência na sua obra enviada com sucesso para jose.lima@carrilho.com.br
[ID 95] Mensagem Conheça a Tecnolabs e aumente a eficiência na sua obra enviada com sucesso para nidiana@carrilho.com.br
[ID 95] Mensagem Conheça a Tecnolabs e aumente a eficiência na sua obra enviada com sucesso para recepcao@carrilho.com.br
[ID 95] Mensagem Conheça a Tecnolabs e aumente a eficiência na sua obra enviada com sucesso para construtoraams02@gmail.com
[ID 95] Mensagem Conheça a Tecnolabs e aumente a eficiência na sua obra enviada com sucesso para marcosantonio@recife.pe.gov.br
[ID 95] Mensagem Conheça a Tecnolabs e aumente a eficiência na sua obra enviada com sucesso para romao@uniterraconstrutora.com.br
[ID 95] Mensagem Conheça a Tecnolabs e aumente a eficiência na sua obra enviada com sucesso para augusto.medeiros@mouradubeux.com.br
[ID 95] Mensagem Conheça a Tecnolabs e aumente a eficiência na sua obra enviada com sucesso para denis.feitosa@mouradubeux.com.br
[ID 95] Mensagem Conheça a Tecnolabs e aumente a eficiência na sua obra enviada com sucesso para georgevalenca@mouradubeux.com.br
[ID 95] Mensagem Conheça a Tecnolabs e aumente a eficiência na sua obra enviada com sucesso para lucianapontual@pontualarquitetos.com.br
[ID 95] Mensagem Conheça a Tecnolabs e aumente a eficiência na sua obra enviada com sucesso para maria.santos@mouradubeux.com.br
[ID 95] Mensagem Conheça a Tecnolabs e aumente a eficiência na sua obra enviada com sucesso para diogenes@maxplural.com.br
[ID 95] Mensagem Conheça a Tecnolabs e aumente a eficiência na sua obra enviada com sucesso para suprimentos@saetowers.com.br
[ID 95] Mensagem Conheça a Tecnolabs e aumente a eficiência na sua obra enviada com sucesso para marilia@maxplural.com.br
[ID 95] Mensagem Conheça a Tecnolabs e aumente a eficiência na sua obra enviada com sucesso para engenharia@blau.com
[ID 95] Mensagem Conheça a Tecnolabs e aumente a eficiência na sua obra enviada com sucesso para walter.neto@blau.com
[ID 95] Mensagem Conheça a Tecnolabs e aumente a eficiência na sua obra enviada com sucesso para fernanda.santos@haut.id

******************** 28 fevereiro 2023 13:50 UTC ********************
AcyMailing Disparado em 28 fevereiro 2023 10:50
70 mensagens processadas: 70 com sucesso, 0 falharam
---- Details ----
[ID 95] Mensagem Conheça a Tecnolabs e aumente a eficiência na sua obra enviada com sucesso para vilmarpaiva@gmail.com
[ID 95] Mensagem Conheça a Tecnolabs e aumente a eficiência na sua obra enviada com sucesso para arybahia@arboreengenharia.com.br
[ID 95] Mensagem Conheça a Tecnolabs e aumente a eficiência na sua obra enviada com sucesso para diegoaraujo@arboreengenharia.com.br
[ID 95] Mensagem Conheça a Tecnolabs e aumente a eficiência na sua obra enviada com sucesso para karinasantos@arboreengenharia.com.br
[ID 95] Mensagem Conheça a Tecnolabs e aumente a eficiência na sua obra enviada com sucesso para vitorino@arboreengenharia.com.br
[ID 95] Mensagem Conheça a Tecnolabs e aumente a eficiência na sua obra enviada com sucesso para suprimentos@tenoriosimoes.com.br
[ID 95] Mensagem Conheça a Tecnolabs e aumente a eficiência na sua obra enviada com sucesso para engenharia@comerconstrutora.com.br
[ID 95] Mensagem Conheça a Tecnolabs e aumente a eficiência na sua obra enviada com sucesso para compras@uniterraconstrutora.com.br
[ID 95] Mensagem Conheça a Tecnolabs e aumente a eficiência na sua obra enviada com sucesso para sanzia@pernambucoconstrutora.com.br
[ID 95] Mensagem Conheça a Tecnolabs e aumente a eficiência na sua obra enviada com sucesso para compras@concrepoxi.com.br
[ID 95] Mensagem Conheça a Tecnolabs e aumente a eficiência na sua obra enviada com sucesso para moacir.barros@mouradubeux.com.br
[ID 95] Mensagem Conheça a Tecnolabs e aumente a eficiência na sua obra enviada com sucesso para financeiro@melorodrigues.com.br
[ID 95] Mensagem Conheça a Tecnolabs e aumente a eficiência na sua obra enviada com sucesso para cplobras.caruaru@gmail.com
[ID 95] Mensagem Conheça a Tecnolabs e aumente a eficiência na sua obra enviada com sucesso para compras2@construtoratecla.com.br
[ID 95] Mensagem Conheça a Tecnolabs e aumente a eficiência na sua obra enviada com sucesso para joaopedro@construtoratecla.com.br
[ID 95] Mensagem Conheça a Tecnolabs e aumente a eficiência na sua obra enviada com sucesso para marcela@construtoratecla.com.br
[ID 95] Mensagem Conheça a Tecnolabs e aumente a eficiência na sua obra enviada com sucesso para dayanna@noronhapescados.com.br
[ID 95] Mensagem Conheça a Tecnolabs e aumente a eficiência na sua obra enviada com sucesso para taylane@noronhapescados.com.br
[ID 95] Mensagem Conheça a Tecnolabs e aumente a eficiência na sua obra enviada com sucesso para compras@glempreendimentos.com.br
[ID 95] Mensagem Conheça a Tecnolabs e aumente a eficiência na sua obra enviada com sucesso para thiago.hollanda@glempreendimentos.com.br
[ID 95] Mensagem Conheça a Tecnolabs e aumente a eficiência na sua obra enviada com sucesso para sergio.pereira@mouradubeux.com.br
[ID 95] Mensagem Conheça a Tecnolabs e aumente a eficiência na sua obra enviada com sucesso para bruna.viana@haut.id
[ID 95] Mensagem Conheça a Tecnolabs e aumente a eficiência na sua obra enviada com sucesso para comprasscc@mmempreendimentos.eng.br
[ID 95] Mensagem Conheça a Tecnolabs e aumente a eficiência na sua obra enviada com sucesso para marcos.fontes@cmmeng.com.br
[ID 95] Mensagem Conheça a Tecnolabs e aumente a eficiência na sua obra enviada com sucesso para raimundocosta@cmmeng.com.br
[ID 95] Mensagem Conheça a Tecnolabs e aumente a eficiência na sua obra enviada com sucesso para eliziario@mwengenharia.net
[ID 95] Mensagem Conheça a Tecnolabs e aumente a eficiência na sua obra enviada com sucesso para ana.ligia@comparedistribuidora.com.br
[ID 95] Mensagem Conheça a Tecnolabs e aumente a eficiência na sua obra enviada com sucesso para andressa.rossi@kromaenergia.com.br
[ID 95] Mensagem Conheça a Tecnolabs e aumente a eficiência na sua obra enviada com sucesso para financeiro@unique.eng.br
[ID 95] Mensagem Conheça a Tecnolabs e aumente a eficiência na sua obra enviada com sucesso para dsg@flamac.com.br
[ID 95] Mensagem Conheça a Tecnolabs e aumente a eficiência na sua obra enviada com sucesso para compras@comerconstrutora.com.br
[ID 95] Mensagem Conheça a Tecnolabs e aumente a eficiência na sua obra enviada com sucesso para contato@morimori.com.br
[ID 95] Mensagem Conheça a Tecnolabs e aumente a eficiência na sua obra enviada com sucesso para compras@morimori.com.br
[ID 95] Mensagem Conheça a Tecnolabs e aumente a eficiência na sua obra enviada com sucesso para jadson.palheta@direcional.com.br
[ID 95] Mensagem Conheça a Tecnolabs e aumente a eficiência na sua obra enviada com sucesso para jose.belem@direcional.com.br
[ID 95] Mensagem Conheça a Tecnolabs e aumente a eficiência na sua obra enviada com sucesso para fornecedor@direcional.com.br
[ID 95] Mensagem Conheça a Tecnolabs e aumente a eficiência na sua obra enviada com sucesso para dpessoal@construtorarr.com.br
[ID 95] Mensagem Conheça a Tecnolabs e aumente a eficiência na sua obra enviada com sucesso para compras@multtecnicaengenharia.com.br
[ID 95] Mensagem Conheça a Tecnolabs e aumente a eficiência na sua obra enviada com sucesso para fernando.novais@gruposfa.com.br
[ID 95] Mensagem Conheça a Tecnolabs e aumente a eficiência na sua obra enviada com sucesso para jclengenharia@hotmail.com
[ID 95] Mensagem Conheça a Tecnolabs e aumente a eficiência na sua obra enviada com sucesso para compras@pbconstrucoes.com
[ID 95] Mensagem Conheça a Tecnolabs e aumente a eficiência na sua obra enviada com sucesso para gabriel@castronevesconstrutora.com.br
[ID 95] Mensagem Conheça a Tecnolabs e aumente a eficiência na sua obra enviada com sucesso para compras2@construtorarr.com.br
[ID 95] Mensagem Conheça a Tecnolabs e aumente a eficiência na sua obra enviada com sucesso para halison.moreira@cmmeng.com.br
[ID 95] Mensagem Conheça a Tecnolabs e aumente a eficiência na sua obra enviada com sucesso para danielle.alcaengenharia@gmail.com
[ID 95] Mensagem Conheça a Tecnolabs e aumente a eficiência na sua obra enviada com sucesso para tertius.neto@mwengenharia.net
[ID 95] Mensagem Conheça a Tecnolabs e aumente a eficiência na sua obra enviada com sucesso para francisco@dimeloconstrucoes.com.br
[ID 95] Mensagem Conheça a Tecnolabs e aumente a eficiência na sua obra enviada com sucesso para vanderson.ramos@baptistaleal.com.br
[ID 95] Mensagem Conheça a Tecnolabs e aumente a eficiência na sua obra enviada com sucesso para herculano.caldas@mouradubeux.com.br
[ID 95] Mensagem Conheça a Tecnolabs e aumente a eficiência na sua obra enviada com sucesso para igorazoia@gmail.com
[ID 95] Mensagem Conheça a Tecnolabs e aumente a eficiência na sua obra enviada com sucesso para sergio@exataengenharia.com.br
[ID 95] Mensagem Conheça a Tecnolabs e aumente a eficiência na sua obra enviada com sucesso para compras@exataengenharia.com.br
[ID 95] Mensagem Conheça a Tecnolabs e aumente a eficiência na sua obra enviada com sucesso para recepcaohumayta@gmail.com
[ID 95] Mensagem Conheça a Tecnolabs e aumente a eficiência na sua obra enviada com sucesso para igortorreshsa@hotmail.com
[ID 95] Mensagem Conheça a Tecnolabs e aumente a eficiência na sua obra enviada com sucesso para compras@pernambucoconstrutora.com.br
[ID 95] Mensagem Conheça a Tecnolabs e aumente a eficiência na sua obra enviada com sucesso para suprimentos@maxplural.com.br
[ID 95] Mensagem Conheça a Tecnolabs e aumente a eficiência na sua obra enviada com sucesso para obra.polaris@gmail.com
[ID 95] Mensagem Conheça a Tecnolabs e aumente a eficiência na sua obra enviada com sucesso para contato@reisempreendimentos.com.br
[ID 95] Mensagem Conheça a Tecnolabs e aumente a eficiência na sua obra enviada com sucesso para gustavoreis@reisempreendimentos.com.br
[ID 95] Mensagem Conheça a Tecnolabs e aumente a eficiência na sua obra enviada com sucesso para compras@reisempreendimentos.com.br
[ID 95] Mensagem Conheça a Tecnolabs e aumente a eficiência na sua obra enviada com sucesso para felipeantunes@awmengenharia.com.br
[ID 95] Mensagem Conheça a Tecnolabs e aumente a eficiência na sua obra enviada com sucesso para compras@awmengenharia.com.br
[ID 95] Mensagem Conheça a Tecnolabs e aumente a eficiência na sua obra enviada com sucesso para projetos@awmengenharia.com.br
[ID 95] Mensagem Conheça a Tecnolabs e aumente a eficiência na sua obra enviada com sucesso para construtora@machadoguimaraes.com.br
[ID 95] Mensagem Conheça a Tecnolabs e aumente a eficiência na sua obra enviada com sucesso para suprimentos@haut.id
[ID 95] Mensagem Conheça a Tecnolabs e aumente a eficiência na sua obra enviada com sucesso para dt@flamac.com.br
[ID 95] Mensagem Conheça a Tecnolabs e aumente a eficiência na sua obra enviada com sucesso para newhomeempreendimentos@yahoo.com.br
[ID 95] Mensagem Conheça a Tecnolabs e aumente a eficiência na sua obra enviada com sucesso para anderson@comello.com.br
[ID 95] Mensagem Conheça a Tecnolabs e aumente a eficiência na sua obra enviada com sucesso para comello@comello.com.br
[ID 95] Mensagem Conheça a Tecnolabs e aumente a eficiência na sua obra enviada com sucesso para fabioalmeida@gamaarquitetura.com

******************** 28 fevereiro 2023 14:00 UTC ********************
AcyMailing Disparado em 28 fevereiro 2023 11:00
70 mensagens processadas: 70 com sucesso, 0 falharam
---- Details ----
[ID 95] Mensagem Conheça a Tecnolabs e aumente a eficiência na sua obra enviada com sucesso para isaier.farias@renel.com.br
[ID 95] Mensagem Conheça a Tecnolabs e aumente a eficiência na sua obra enviada com sucesso para jessica@clcconstrutora.com.br
[ID 95] Mensagem Conheça a Tecnolabs e aumente a eficiência na sua obra enviada com sucesso para obra.wbv@ca3construtora.com.br
[ID 95] Mensagem Conheça a Tecnolabs e aumente a eficiência na sua obra enviada com sucesso para angeloporto@cpconstrucao.com
[ID 95] Mensagem Conheça a Tecnolabs e aumente a eficiência na sua obra enviada com sucesso para tiagoharim@cpconstrucao.com
[ID 95] Mensagem Conheça a Tecnolabs e aumente a eficiência na sua obra enviada com sucesso para comercial2@construtoratecla.com.br
[ID 95] Mensagem Conheça a Tecnolabs e aumente a eficiência na sua obra enviada com sucesso para atendimento@ifp.com.br
[ID 95] Mensagem Conheça a Tecnolabs e aumente a eficiência na sua obra enviada com sucesso para suprimentos@ifp.com.br
[ID 95] Mensagem Conheça a Tecnolabs e aumente a eficiência na sua obra enviada com sucesso para arosidonio@uol.com.br
[ID 95] Mensagem Conheça a Tecnolabs e aumente a eficiência na sua obra enviada com sucesso para jhlb04@hotmail.com
[ID 95] Mensagem Conheça a Tecnolabs e aumente a eficiência na sua obra enviada com sucesso para compras@melorodrigues.com.br
[ID 95] Mensagem Conheça a Tecnolabs e aumente a eficiência na sua obra enviada com sucesso para teti.aloizio@recife.pe.gov.br
[ID 95] Mensagem Conheça a Tecnolabs e aumente a eficiência na sua obra enviada com sucesso para ivanaferraz@conlar.com
[ID 95] Mensagem Conheça a Tecnolabs e aumente a eficiência na sua obra enviada com sucesso para compras@conlar.com
[ID 95] Mensagem Conheça a Tecnolabs e aumente a eficiência na sua obra enviada com sucesso para sandroserra@conlar.com
[ID 95] Mensagem Conheça a Tecnolabs e aumente a eficiência na sua obra enviada com sucesso para jorge@jatobeton.com.br
[ID 95] Mensagem Conheça a Tecnolabs e aumente a eficiência na sua obra enviada com sucesso para compras@marcaengenharia.com
[ID 95] Mensagem Conheça a Tecnolabs e aumente a eficiência na sua obra enviada com sucesso para contasapagar@ca3construtora.com.br
[ID 95] Mensagem Conheça a Tecnolabs e aumente a eficiência na sua obra enviada com sucesso para tarceu.neto@mouradubeux.com.br
[ID 95] Mensagem Conheça a Tecnolabs e aumente a eficiência na sua obra enviada com sucesso para henrique@amazonenergybrasil.com
[ID 95] Mensagem Conheça a Tecnolabs e aumente a eficiência na sua obra enviada com sucesso para scave@scave.com.br
[ID 95] Mensagem Conheça a Tecnolabs e aumente a eficiência na sua obra enviada com sucesso para ehvf80@gmail.com
[ID 95] Mensagem Conheça a Tecnolabs e aumente a eficiência na sua obra enviada com sucesso para joseroberto@engearpb.com.br
[ID 95] Mensagem Conheça a Tecnolabs e aumente a eficiência na sua obra enviada com sucesso para jschvarts@gmail.com
[ID 95] Mensagem Conheça a Tecnolabs e aumente a eficiência na sua obra enviada com sucesso para suprimentos@aclf.com.br
[ID 95] Mensagem Conheça a Tecnolabs e aumente a eficiência na sua obra enviada com sucesso para caio.cesarcifra@gmail.com
[ID 95] Mensagem Conheça a Tecnolabs e aumente a eficiência na sua obra enviada com sucesso para cristiane.cifra@gmail.com
[ID 95] Mensagem Conheça a Tecnolabs e aumente a eficiência na sua obra enviada com sucesso para cifraeng@bol.com.br
[ID 95] Mensagem Conheça a Tecnolabs e aumente a eficiência na sua obra enviada com sucesso para wellington.oliveira@wvoengenharia.com.br
[ID 95] Mensagem Conheça a Tecnolabs e aumente a eficiência na sua obra enviada com sucesso para lucas.so@asanet.com.br
[ID 95] Mensagem Conheça a Tecnolabs e aumente a eficiência na sua obra enviada com sucesso para roberto.cavalcanti@romaeducacional.com.br
[ID 95] Mensagem Conheça a Tecnolabs e aumente a eficiência na sua obra enviada com sucesso para luiz.paulo@tpfe.com.br
[ID 95] Mensagem Conheça a Tecnolabs e aumente a eficiência na sua obra enviada com sucesso para ricardo.lima@fibrasa.com.br
[ID 95] Mensagem Conheça a Tecnolabs e aumente a eficiência na sua obra enviada com sucesso para d.lins@guarnieriengenharia.com
[ID 95] Mensagem Conheça a Tecnolabs e aumente a eficiência na sua obra enviada com sucesso para engenharia02@engearpb.com.br
[ID 95] Mensagem Conheça a Tecnolabs e aumente a eficiência na sua obra enviada com sucesso para gustavo@grupobastos.com
[ID 95] Mensagem Conheça a Tecnolabs e aumente a eficiência na sua obra enviada com sucesso para manoela@grupobastos.com
[ID 95] Mensagem Conheça a Tecnolabs e aumente a eficiência na sua obra enviada com sucesso para engenharia@argic.com.br
[ID 95] Mensagem Conheça a Tecnolabs e aumente a eficiência na sua obra enviada com sucesso para manoel@arboreengenharia.com.br
[ID 95] Mensagem Conheça a Tecnolabs e aumente a eficiência na sua obra enviada com sucesso para contato@ephouse.com.br
[ID 95] Mensagem Conheça a Tecnolabs e aumente a eficiência na sua obra enviada com sucesso para vagas@goldentulipgravata.com.br
[ID 95] Mensagem Conheça a Tecnolabs e aumente a eficiência na sua obra enviada com sucesso para comprascall.eng@gmail.com
[ID 95] Mensagem Conheça a Tecnolabs e aumente a eficiência na sua obra enviada com sucesso para multisetcompras@gmail.com
[ID 95] Mensagem Conheça a Tecnolabs e aumente a eficiência na sua obra enviada com sucesso para naly.souza@umaflex.com.br
[ID 95] Mensagem Conheça a Tecnolabs e aumente a eficiência na sua obra enviada com sucesso para alfa.engenharia.2008@gmail.com
[ID 95] Mensagem Conheça a Tecnolabs e aumente a eficiência na sua obra enviada com sucesso para secretaria@verbopetrolina.com
[ID 95] Mensagem Conheça a Tecnolabs e aumente a eficiência na sua obra enviada com sucesso para adailton.oliveira@engeko.com.br
[ID 95] Mensagem Conheça a Tecnolabs e aumente a eficiência na sua obra enviada com sucesso para enzo.maestre@engeko.com.br
[ID 95] Mensagem Conheça a Tecnolabs e aumente a eficiência na sua obra enviada com sucesso para felipe.santos@mouradubeux.com.br
[ID 95] Mensagem Conheça a Tecnolabs e aumente a eficiência na sua obra enviada com sucesso para ablengenharia@hotmail.com
[ID 95] Mensagem Conheça a Tecnolabs e aumente a eficiência na sua obra enviada com sucesso para custoscarajas@hotmail.com
[ID 95] Mensagem Conheça a Tecnolabs e aumente a eficiência na sua obra enviada com sucesso para compras.carajas@hotmail.com
[ID 95] Mensagem Conheça a Tecnolabs e aumente a eficiência na sua obra enviada com sucesso para secret_carajas@hotmail.com
[ID 95] Mensagem Conheça a Tecnolabs e aumente a eficiência na sua obra enviada com sucesso para ruiajr2@hotmail.com
[ID 95] Mensagem Conheça a Tecnolabs e aumente a eficiência na sua obra enviada com sucesso para alexandre.costa@awnet.com.br
[ID 95] Mensagem Conheça a Tecnolabs e aumente a eficiência na sua obra enviada com sucesso para suprimentos@awnet.com.br
[ID 95] Mensagem Conheça a Tecnolabs e aumente a eficiência na sua obra enviada com sucesso para fabio.wohnrath@awnet.com.br
[ID 95] Mensagem Conheça a Tecnolabs e aumente a eficiência na sua obra enviada com sucesso para feliperenan@cpconstrucao.com
[ID 95] Mensagem Conheça a Tecnolabs e aumente a eficiência na sua obra enviada com sucesso para claudiane@cpconstrucao.com
[ID 95] Mensagem Conheça a Tecnolabs e aumente a eficiência na sua obra enviada com sucesso para suprimento@abcortereal.com.br
[ID 95] Mensagem Conheça a Tecnolabs e aumente a eficiência na sua obra enviada com sucesso para suprimento2@abcortereal.com.br
[ID 95] Mensagem Conheça a Tecnolabs e aumente a eficiência na sua obra enviada com sucesso para joselapa@consorciosirinhaem.com.br
[ID 95] Mensagem Conheça a Tecnolabs e aumente a eficiência na sua obra enviada com sucesso para joelly.andrade@concrepoxi.com.br
[ID 95] Mensagem Conheça a Tecnolabs e aumente a eficiência na sua obra enviada com sucesso para ricardo.barbosa@gbobras.com.br
[ID 95] Mensagem Conheça a Tecnolabs e aumente a eficiência na sua obra enviada com sucesso para ideiasolucoesecomercio@gmail.com
[ID 95] Mensagem Conheça a Tecnolabs e aumente a eficiência na sua obra enviada com sucesso para pedropitajr@hotmail.com
[ID 95] Mensagem Conheça a Tecnolabs e aumente a eficiência na sua obra enviada com sucesso para orcamento@ilumisolenergiasolar.com.br
[ID 95] Mensagem Conheça a Tecnolabs e aumente a eficiência na sua obra enviada com sucesso para dallanoraengenharia@gmail.com
[ID 95] Mensagem Conheça a Tecnolabs e aumente a eficiência na sua obra enviada com sucesso para ricardo@dallanora.com
[ID 95] Mensagem Conheça a Tecnolabs e aumente a eficiência na sua obra enviada com sucesso para ana.lucia@intervidro.com.br

******************** 28 fevereiro 2023 14:10 UTC ********************
AcyMailing Disparado em 28 fevereiro 2023 11:10
70 mensagens processadas: 70 com sucesso, 0 falharam
---- Details ----
[ID 95] Mensagem Conheça a Tecnolabs e aumente a eficiência na sua obra enviada com sucesso para bruno@interchoice.com.br
[ID 95] Mensagem Conheça a Tecnolabs e aumente a eficiência na sua obra enviada com sucesso para asbezerra@tenda.com
[ID 95] Mensagem Conheça a Tecnolabs e aumente a eficiência na sua obra enviada com sucesso para francisco.neto@tenda.com
[ID 95] Mensagem Conheça a Tecnolabs e aumente a eficiência na sua obra enviada com sucesso para michel.mizushima@tenda.com
[ID 95] Mensagem Conheça a Tecnolabs e aumente a eficiência na sua obra enviada com sucesso para tsbarbosa@tenda.com
[ID 95] Mensagem Conheça a Tecnolabs e aumente a eficiência na sua obra enviada com sucesso para elisangela.barboza@mouradubeux.com.br
[ID 95] Mensagem Conheça a Tecnolabs e aumente a eficiência na sua obra enviada com sucesso para solange.medeiros@mouradubeux.com.br
[ID 95] Mensagem Conheça a Tecnolabs e aumente a eficiência na sua obra enviada com sucesso para suprimentos01@lapon.com.br
[ID 95] Mensagem Conheça a Tecnolabs e aumente a eficiência na sua obra enviada com sucesso para projetospoligonus@gmail.com
[ID 95] Mensagem Conheça a Tecnolabs e aumente a eficiência na sua obra enviada com sucesso para manuela@maxplural.com.br
[ID 95] Mensagem Conheça a Tecnolabs e aumente a eficiência na sua obra enviada com sucesso para atendimento@mixcon.com.br
[ID 95] Mensagem Conheça a Tecnolabs e aumente a eficiência na sua obra enviada com sucesso para vitor@projetomosaico.com.br
[ID 95] Mensagem Conheça a Tecnolabs e aumente a eficiência na sua obra enviada com sucesso para ricardo_ancarcompras@hotmail.com
[ID 95] Mensagem Conheça a Tecnolabs e aumente a eficiência na sua obra enviada com sucesso para dieison.sena@saetowers.com.br
[ID 95] Mensagem Conheça a Tecnolabs e aumente a eficiência na sua obra enviada com sucesso para bentoribas@torqueconstrucoes.com.br
[ID 95] Mensagem Conheça a Tecnolabs e aumente a eficiência na sua obra enviada com sucesso para arquitetura@torqueconstrucoes.com.br
[ID 95] Mensagem Conheça a Tecnolabs e aumente a eficiência na sua obra enviada com sucesso para suprimentos@torqueconstrucoes.com.br
[ID 95] Mensagem Conheça a Tecnolabs e aumente a eficiência na sua obra enviada com sucesso para recepcao@torqueconstrucoes.com.br
[ID 95] Mensagem Conheça a Tecnolabs e aumente a eficiência na sua obra enviada com sucesso para compras@pliniocavalcanti.com
[ID 95] Mensagem Conheça a Tecnolabs e aumente a eficiência na sua obra enviada com sucesso para mariadocarmo@pernambucoconstrutora.com.br
[ID 95] Mensagem Conheça a Tecnolabs e aumente a eficiência na sua obra enviada com sucesso para projetos@poligonus.com
[ID 95] Mensagem Conheça a Tecnolabs e aumente a eficiência na sua obra enviada com sucesso para roberto@gabrielbacelar.com.br
[ID 95] Mensagem Conheça a Tecnolabs e aumente a eficiência na sua obra enviada com sucesso para construtoraamas@hotmail.com
[ID 95] Mensagem Conheça a Tecnolabs e aumente a eficiência na sua obra enviada com sucesso para gilcimarsilva@mbp.com.br
[ID 95] Mensagem Conheça a Tecnolabs e aumente a eficiência na sua obra enviada com sucesso para valdecirmarques@mbp.com.br
[ID 95] Mensagem Conheça a Tecnolabs e aumente a eficiência na sua obra enviada com sucesso para jclrosana@gmail.com
[ID 95] Mensagem Conheça a Tecnolabs e aumente a eficiência na sua obra enviada com sucesso para robertocardoso@mouradubeux.com.br
[ID 95] Mensagem Conheça a Tecnolabs e aumente a eficiência na sua obra enviada com sucesso para secretaria@sensatto.com.br
[ID 95] Mensagem Conheça a Tecnolabs e aumente a eficiência na sua obra enviada com sucesso para natalia.couto@mouradubeux.com.br
[ID 95] Mensagem Conheça a Tecnolabs e aumente a eficiência na sua obra enviada com sucesso para rosangela.santos@renel.com.br
[ID 95] Mensagem Conheça a Tecnolabs e aumente a eficiência na sua obra enviada com sucesso para sjsconstrutoraltda@hotmail.com
[ID 95] Mensagem Conheça a Tecnolabs e aumente a eficiência na sua obra enviada com sucesso para adilsoncarneiro@arboresignature.com.br
[ID 95] Mensagem Conheça a Tecnolabs e aumente a eficiência na sua obra enviada com sucesso para recepcao@rioave.com.br
[ID 95] Mensagem Conheça a Tecnolabs e aumente a eficiência na sua obra enviada com sucesso para caique.ramos@olpapeis.com.br
[ID 95] Mensagem Conheça a Tecnolabs e aumente a eficiência na sua obra enviada com sucesso para compras01@olpapeis.com.br
[ID 95] Mensagem Conheça a Tecnolabs e aumente a eficiência na sua obra enviada com sucesso para thiago.correia@humayta.com
[ID 95] Mensagem Conheça a Tecnolabs e aumente a eficiência na sua obra enviada com sucesso para carlos@protenco.com.br
[ID 95] Mensagem Conheça a Tecnolabs e aumente a eficiência na sua obra enviada com sucesso para luiz.ciriaco@rocciaconstrucoes.com.br
[ID 95] Mensagem Conheça a Tecnolabs e aumente a eficiência na sua obra enviada com sucesso para rodrigo.barros@rocciaconstrucoes.com.br
[ID 95] Mensagem Conheça a Tecnolabs e aumente a eficiência na sua obra enviada com sucesso para lucasteixeira@arboreengenharia.com.br
[ID 95] Mensagem Conheça a Tecnolabs e aumente a eficiência na sua obra enviada com sucesso para elaine.almeida@mouradubeux.com.br
[ID 95] Mensagem Conheça a Tecnolabs e aumente a eficiência na sua obra enviada com sucesso para gabriel.farias@mouradubeux.com.br
[ID 95] Mensagem Conheça a Tecnolabs e aumente a eficiência na sua obra enviada com sucesso para recepcao@faab.com.br
[ID 95] Mensagem Conheça a Tecnolabs e aumente a eficiência na sua obra enviada com sucesso para compras@faab.com.br
[ID 95] Mensagem Conheça a Tecnolabs e aumente a eficiência na sua obra enviada com sucesso para comercial@faab.com.br
[ID 95] Mensagem Conheça a Tecnolabs e aumente a eficiência na sua obra enviada com sucesso para felipe.furtado@faab.com.br
[ID 95] Mensagem Conheça a Tecnolabs e aumente a eficiência na sua obra enviada com sucesso para anderson.fonseca@doisa.com
[ID 95] Mensagem Conheça a Tecnolabs e aumente a eficiência na sua obra enviada com sucesso para harley.morais@doisa.com
[ID 95] Mensagem Conheça a Tecnolabs e aumente a eficiência na sua obra enviada com sucesso para luisguerra@doisa.com
[ID 95] Mensagem Conheça a Tecnolabs e aumente a eficiência na sua obra enviada com sucesso para cplose@educacao.pe.gov.br
[ID 95] Mensagem Conheça a Tecnolabs e aumente a eficiência na sua obra enviada com sucesso para secretaria@casadosventos.com.br
[ID 95] Mensagem Conheça a Tecnolabs e aumente a eficiência na sua obra enviada com sucesso para kaenaconstrucoesltda@hotmail.com
[ID 95] Mensagem Conheça a Tecnolabs e aumente a eficiência na sua obra enviada com sucesso para controle@enercom-energias.com
[ID 95] Mensagem Conheça a Tecnolabs e aumente a eficiência na sua obra enviada com sucesso para vizirengenharia@gmail.com
[ID 95] Mensagem Conheça a Tecnolabs e aumente a eficiência na sua obra enviada com sucesso para rsalmeidaengenharia@gmail.com
[ID 95] Mensagem Conheça a Tecnolabs e aumente a eficiência na sua obra enviada com sucesso para alexalves@pinceisroma.com.br
[ID 95] Mensagem Conheça a Tecnolabs e aumente a eficiência na sua obra enviada com sucesso para nico@pinceisroma.com.br
[ID 95] Mensagem Conheça a Tecnolabs e aumente a eficiência na sua obra enviada com sucesso para bnakamura@politejo.com
[ID 95] Mensagem Conheça a Tecnolabs e aumente a eficiência na sua obra enviada com sucesso para egc@egc.net.br
[ID 95] Mensagem Conheça a Tecnolabs e aumente a eficiência na sua obra enviada com sucesso para compras1@romarcoconstrutora.com.br
[ID 95] Mensagem Conheça a Tecnolabs e aumente a eficiência na sua obra enviada com sucesso para jackson@agaspar.com.br
[ID 95] Mensagem Conheça a Tecnolabs e aumente a eficiência na sua obra enviada com sucesso para william@rioave.com.br
[ID 95] Mensagem Conheça a Tecnolabs e aumente a eficiência na sua obra enviada com sucesso para leonardo.costa@gavresorts.com.br
[ID 95] Mensagem Conheça a Tecnolabs e aumente a eficiência na sua obra enviada com sucesso para simone.almeida@gavresorts.com.br
[ID 95] Mensagem Conheça a Tecnolabs e aumente a eficiência na sua obra enviada com sucesso para precol@precol.com.br
[ID 95] Mensagem Conheça a Tecnolabs e aumente a eficiência na sua obra enviada com sucesso para leonardo.santana@engeko.com.br
[ID 95] Mensagem Conheça a Tecnolabs e aumente a eficiência na sua obra enviada com sucesso para comercial@construtoratecla.com.br
[ID 95] Mensagem Conheça a Tecnolabs e aumente a eficiência na sua obra enviada com sucesso para juliana.barbosa@coloradoempreendimentos.com
[ID 95] Mensagem Conheça a Tecnolabs e aumente a eficiência na sua obra enviada com sucesso para bru@zopone.com.br
[ID 95] Mensagem Conheça a Tecnolabs e aumente a eficiência na sua obra enviada com sucesso para gerenciacomercial@wcorreia.com.br

******************** 28 fevereiro 2023 14:20 UTC ********************
AcyMailing Disparado em 28 fevereiro 2023 11:20
70 mensagens processadas: 70 com sucesso, 0 falharam
---- Details ----
[ID 95] Mensagem Conheça a Tecnolabs e aumente a eficiência na sua obra enviada com sucesso para marcelo@delman.com.br
[ID 95] Mensagem Conheça a Tecnolabs e aumente a eficiência na sua obra enviada com sucesso para construtoradvl@gmail.com
[ID 95] Mensagem Conheça a Tecnolabs e aumente a eficiência na sua obra enviada com sucesso para ricardo@am3engenharia.com.br
[ID 95] Mensagem Conheça a Tecnolabs e aumente a eficiência na sua obra enviada com sucesso para aerciocintra@gmail.com
[ID 95] Mensagem Conheça a Tecnolabs e aumente a eficiência na sua obra enviada com sucesso para engenharia@concoe.com.br
[ID 95] Mensagem Conheça a Tecnolabs e aumente a eficiência na sua obra enviada com sucesso para licitacoes@lefconstrucoes.com.br
[ID 95] Mensagem Conheça a Tecnolabs e aumente a eficiência na sua obra enviada com sucesso para administrativo@wcorreia.com.br
[ID 95] Mensagem Conheça a Tecnolabs e aumente a eficiência na sua obra enviada com sucesso para arengenhariaeirelli@outlook.com
[ID 95] Mensagem Conheça a Tecnolabs e aumente a eficiência na sua obra enviada com sucesso para engenharia@sancoengenharia.com.br
[ID 95] Mensagem Conheça a Tecnolabs e aumente a eficiência na sua obra enviada com sucesso para elibelton.farias17@gmail.com
[ID 95] Mensagem Conheça a Tecnolabs e aumente a eficiência na sua obra enviada com sucesso para projetosmaragogi@mmeparavoce.com.br
[ID 95] Mensagem Conheça a Tecnolabs e aumente a eficiência na sua obra enviada com sucesso para compras2@mmeparavoce.com.br
[ID 95] Mensagem Conheça a Tecnolabs e aumente a eficiência na sua obra enviada com sucesso para alan.t.peter@gmail.com
[ID 95] Mensagem Conheça a Tecnolabs e aumente a eficiência na sua obra enviada com sucesso para rodrigo.calheiros@rpontes.com.br
[ID 95] Mensagem Conheça a Tecnolabs e aumente a eficiência na sua obra enviada com sucesso para italo.andrade@rpontes.com.br
[ID 95] Mensagem Conheça a Tecnolabs e aumente a eficiência na sua obra enviada com sucesso para aliancaconstrucoesltda@gmail.com
[ID 95] Mensagem Conheça a Tecnolabs e aumente a eficiência na sua obra enviada com sucesso para adriano@amorimbarreto.com.br
[ID 95] Mensagem Conheça a Tecnolabs e aumente a eficiência na sua obra enviada com sucesso para eduardo.brito@amorimbarreto.com.br
[ID 95] Mensagem Conheça a Tecnolabs e aumente a eficiência na sua obra enviada com sucesso para diretoria@pajucara.ind.br
[ID 95] Mensagem Conheça a Tecnolabs e aumente a eficiência na sua obra enviada com sucesso para comissaoseminfra2016@gmail.com
[ID 95] Mensagem Conheça a Tecnolabs e aumente a eficiência na sua obra enviada com sucesso para michel.bezerra@glempreendimentos.com
[ID 95] Mensagem Conheça a Tecnolabs e aumente a eficiência na sua obra enviada com sucesso para pedro.ciriaco@rpontes.com.br
[ID 95] Mensagem Conheça a Tecnolabs e aumente a eficiência na sua obra enviada com sucesso para johnson@colil.com.br
[ID 95] Mensagem Conheça a Tecnolabs e aumente a eficiência na sua obra enviada com sucesso para eduardooliveira@jg-ba.com.br
[ID 95] Mensagem Conheça a Tecnolabs e aumente a eficiência na sua obra enviada com sucesso para rianparente@jg-ba.com.br
[ID 95] Mensagem Conheça a Tecnolabs e aumente a eficiência na sua obra enviada com sucesso para leandro.santos@jatobeton.com.br
[ID 95] Mensagem Conheça a Tecnolabs e aumente a eficiência na sua obra enviada com sucesso para araceli.almeida@mrv.com.br
[ID 95] Mensagem Conheça a Tecnolabs e aumente a eficiência na sua obra enviada com sucesso para diegomaciel@podiumengenharia.com
[ID 95] Mensagem Conheça a Tecnolabs e aumente a eficiência na sua obra enviada com sucesso para volney@mmeparavoce.com.br
[ID 95] Mensagem Conheça a Tecnolabs e aumente a eficiência na sua obra enviada com sucesso para juniorgomes@aliancaconstrucoes.net
[ID 95] Mensagem Conheça a Tecnolabs e aumente a eficiência na sua obra enviada com sucesso para conyengenharia@conyeng.com.br
[ID 95] Mensagem Conheça a Tecnolabs e aumente a eficiência na sua obra enviada com sucesso para alan.cavalcante@mouradubeux.com.br
[ID 95] Mensagem Conheça a Tecnolabs e aumente a eficiência na sua obra enviada com sucesso para cassio.alves@mouradubeux.com.br
[ID 95] Mensagem Conheça a Tecnolabs e aumente a eficiência na sua obra enviada com sucesso para jeronimo@jclarquitetos.com.br
[ID 95] Mensagem Conheça a Tecnolabs e aumente a eficiência na sua obra enviada com sucesso para juliana.albuquerque@mouradubeux.com.br
[ID 95] Mensagem Conheça a Tecnolabs e aumente a eficiência na sua obra enviada com sucesso para andre.oliveira@zopone.com.br
[ID 95] Mensagem Conheça a Tecnolabs e aumente a eficiência na sua obra enviada com sucesso para pedro@almaengenharia.com.br
[ID 95] Mensagem Conheça a Tecnolabs e aumente a eficiência na sua obra enviada com sucesso para adm@riounaengenharia.com.br
[ID 95] Mensagem Conheça a Tecnolabs e aumente a eficiência na sua obra enviada com sucesso para eduardo@geoplanengenharia.com.br
[ID 95] Mensagem Conheça a Tecnolabs e aumente a eficiência na sua obra enviada com sucesso para felipe@geoplanengenharia.com.br
[ID 95] Mensagem Conheça a Tecnolabs e aumente a eficiência na sua obra enviada com sucesso para aclf@aclf.com.br
[ID 95] Mensagem Conheça a Tecnolabs e aumente a eficiência na sua obra enviada com sucesso para fernandofink@aclf.com.br
[ID 95] Mensagem Conheça a Tecnolabs e aumente a eficiência na sua obra enviada com sucesso para arquitetura@aclf.com.br
[ID 95] Mensagem Conheça a Tecnolabs e aumente a eficiência na sua obra enviada com sucesso para avml.compras@outlook.com
[ID 95] Mensagem Conheça a Tecnolabs e aumente a eficiência na sua obra enviada com sucesso para compras@scopoempreendimentos.com.br
[ID 95] Mensagem Conheça a Tecnolabs e aumente a eficiência na sua obra enviada com sucesso para olimpio@scopoempreendimentos.com.br
[ID 95] Mensagem Conheça a Tecnolabs e aumente a eficiência na sua obra enviada com sucesso para leonildo@grupoluna.com.br
[ID 95] Mensagem Conheça a Tecnolabs e aumente a eficiência na sua obra enviada com sucesso para edmolima@hotmail.com
[ID 95] Mensagem Conheça a Tecnolabs e aumente a eficiência na sua obra enviada com sucesso para compras@wbconstrutoraltda.com.br
[ID 95] Mensagem Conheça a Tecnolabs e aumente a eficiência na sua obra enviada com sucesso para thais.santos@mouradubeux.com.br
[ID 95] Mensagem Conheça a Tecnolabs e aumente a eficiência na sua obra enviada com sucesso para vinicius.pessoa@recife.pe.gov.br
[ID 95] Mensagem Conheça a Tecnolabs e aumente a eficiência na sua obra enviada com sucesso para kcikaizen@gmail.com
[ID 95] Mensagem Conheça a Tecnolabs e aumente a eficiência na sua obra enviada com sucesso para lauzanne.cordeiro@kcikaizen.com.br
[ID 95] Mensagem Conheça a Tecnolabs e aumente a eficiência na sua obra enviada com sucesso para compras@csgengenharia.com.br
[ID 95] Mensagem Conheça a Tecnolabs e aumente a eficiência na sua obra enviada com sucesso para manuellaneri@csgengenharia.com.br
[ID 95] Mensagem Conheça a Tecnolabs e aumente a eficiência na sua obra enviada com sucesso para suprimentos@pilartex.net
[ID 95] Mensagem Conheça a Tecnolabs e aumente a eficiência na sua obra enviada com sucesso para paulo@pilartex.net
[ID 95] Mensagem Conheça a Tecnolabs e aumente a eficiência na sua obra enviada com sucesso para victor@cpconstrucao.com
[ID 95] Mensagem Conheça a Tecnolabs e aumente a eficiência na sua obra enviada com sucesso para andreza@maxplural.com.br
[ID 95] Mensagem Conheça a Tecnolabs e aumente a eficiência na sua obra enviada com sucesso para elcio.moreira@direcional.com.br
[ID 95] Mensagem Conheça a Tecnolabs e aumente a eficiência na sua obra enviada com sucesso para guilherme.castanheira@direcional.com.br
[ID 95] Mensagem Conheça a Tecnolabs e aumente a eficiência na sua obra enviada com sucesso para higor.brito@direcional.com.br
[ID 95] Mensagem Conheça a Tecnolabs e aumente a eficiência na sua obra enviada com sucesso para oliveira@mwengenharia.net
[ID 95] Mensagem Conheça a Tecnolabs e aumente a eficiência na sua obra enviada com sucesso para wender@tenoriosimoes.com.br
[ID 95] Mensagem Conheça a Tecnolabs e aumente a eficiência na sua obra enviada com sucesso para jclengenharialtda@gmail.com
[ID 95] Mensagem Conheça a Tecnolabs e aumente a eficiência na sua obra enviada com sucesso para konexengenharia@gmail.com
[ID 95] Mensagem Conheça a Tecnolabs e aumente a eficiência na sua obra enviada com sucesso para elisangela@baptistaleal.com.br
[ID 95] Mensagem Conheça a Tecnolabs e aumente a eficiência na sua obra enviada com sucesso para pedro.baima@baptistaleal.com.br
[ID 95] Mensagem Conheça a Tecnolabs e aumente a eficiência na sua obra enviada com sucesso para vitor@multtecnicaengenharia.com.br
[ID 95] Mensagem Conheça a Tecnolabs e aumente a eficiência na sua obra enviada com sucesso para luana.renara@ifp.com.br

******************** 28 fevereiro 2023 14:30 UTC ********************
AcyMailing Disparado em 28 fevereiro 2023 11:30
44 mensagens processadas: 44 com sucesso, 0 falharam
---- Details ----
[ID 95] Mensagem Conheça a Tecnolabs e aumente a eficiência na sua obra enviada com sucesso para andre.filgueiras@humayta.com
[ID 95] Mensagem Conheça a Tecnolabs e aumente a eficiência na sua obra enviada com sucesso para recepcao@awmengenharia.com.br
[ID 95] Mensagem Conheça a Tecnolabs e aumente a eficiência na sua obra enviada com sucesso para secretaria@flamac.com.br
[ID 95] Mensagem Conheça a Tecnolabs e aumente a eficiência na sua obra enviada com sucesso para jonas@castronevesconstrutora.com.br
[ID 95] Mensagem Conheça a Tecnolabs e aumente a eficiência na sua obra enviada com sucesso para contato@melorodrigues.com.br
[ID 95] Mensagem Conheça a Tecnolabs e aumente a eficiência na sua obra enviada com sucesso para mmcaruaru@gmail.com
[ID 95] Mensagem Conheça a Tecnolabs e aumente a eficiência na sua obra enviada com sucesso para cabralconstrucoeselocacoes@gmail.com
[ID 95] Mensagem Conheça a Tecnolabs e aumente a eficiência na sua obra enviada com sucesso para secretariado.multisetengenharia@yahoo.com
[ID 95] Mensagem Conheça a Tecnolabs e aumente a eficiência na sua obra enviada com sucesso para douglas.consorcioctv@gmail.com
[ID 95] Mensagem Conheça a Tecnolabs e aumente a eficiência na sua obra enviada com sucesso para danielle.vilanova@fibrasa.com.br
[ID 95] Mensagem Conheça a Tecnolabs e aumente a eficiência na sua obra enviada com sucesso para leticia.masutti@fibrasa.com.br
[ID 95] Mensagem Conheça a Tecnolabs e aumente a eficiência na sua obra enviada com sucesso para heitor.luviseti@fourfly.com.br
[ID 95] Mensagem Conheça a Tecnolabs e aumente a eficiência na sua obra enviada com sucesso para rosane@advocacialuviseti.com.br
[ID 95] Mensagem Conheça a Tecnolabs e aumente a eficiência na sua obra enviada com sucesso para joaomartins@cpconstrucao.com
[ID 95] Mensagem Conheça a Tecnolabs e aumente a eficiência na sua obra enviada com sucesso para atendimento.expansao@igui.com
[ID 95] Mensagem Conheça a Tecnolabs e aumente a eficiência na sua obra enviada com sucesso para gercom@snacional.com.br
[ID 95] Mensagem Conheça a Tecnolabs e aumente a eficiência na sua obra enviada com sucesso para fernando.muniz@2msengenharia.com.br
[ID 95] Mensagem Conheça a Tecnolabs e aumente a eficiência na sua obra enviada com sucesso para jorge.lopes@2msengenharia.com.br
[ID 95] Mensagem Conheça a Tecnolabs e aumente a eficiência na sua obra enviada com sucesso para engenharia@morimori.com.br
[ID 95] Mensagem Conheça a Tecnolabs e aumente a eficiência na sua obra enviada com sucesso para miguel@ifp.com.br
[ID 95] Mensagem Conheça a Tecnolabs e aumente a eficiência na sua obra enviada com sucesso para aflorencio@tenda.com
[ID 95] Mensagem Conheça a Tecnolabs e aumente a eficiência na sua obra enviada com sucesso para jedoliveira@tenda.com
[ID 95] Mensagem Conheça a Tecnolabs e aumente a eficiência na sua obra enviada com sucesso para carodrigues@tenda.com
[ID 95] Mensagem Conheça a Tecnolabs e aumente a eficiência na sua obra enviada com sucesso para compras1@playpiso.com.br
[ID 95] Mensagem Conheça a Tecnolabs e aumente a eficiência na sua obra enviada com sucesso para carlos@playpiso.com.br
[ID 95] Mensagem Conheça a Tecnolabs e aumente a eficiência na sua obra enviada com sucesso para renan.borges@soliker.com.br
[ID 95] Mensagem Conheça a Tecnolabs e aumente a eficiência na sua obra enviada com sucesso para valdecir@amazonenergybrasil.com
[ID 95] Mensagem Conheça a Tecnolabs e aumente a eficiência na sua obra enviada com sucesso para g2servi@gmail.com
[ID 95] Mensagem Conheça a Tecnolabs e aumente a eficiência na sua obra enviada com sucesso para compras@ecampe.com.br
[ID 95] Mensagem Conheça a Tecnolabs e aumente a eficiência na sua obra enviada com sucesso para cplurb@recife.pe.gov.br
[ID 95] Mensagem Conheça a Tecnolabs e aumente a eficiência na sua obra enviada com sucesso para george@agaspar.com.br
[ID 95] Mensagem Conheça a Tecnolabs e aumente a eficiência na sua obra enviada com sucesso para wm@construtoraagaspar.com.br
[ID 95] Mensagem Conheça a Tecnolabs e aumente a eficiência na sua obra enviada com sucesso para natanael.borges@gavresorts.com.br
[ID 95] Mensagem Conheça a Tecnolabs e aumente a eficiência na sua obra enviada com sucesso para pracadasacacias@gmail.com
[ID 95] Mensagem Conheça a Tecnolabs e aumente a eficiência na sua obra enviada com sucesso para joelma.macena@mwengenharia.net
[ID 95] Mensagem Conheça a Tecnolabs e aumente a eficiência na sua obra enviada com sucesso para andre.avila@abtecengenharia.com.br
[ID 95] Mensagem Conheça a Tecnolabs e aumente a eficiência na sua obra enviada com sucesso para filipe@ifp.com.br
[ID 95] Mensagem Conheça a Tecnolabs e aumente a eficiência na sua obra enviada com sucesso para marconi.mendonca@gbobras.com.br
[ID 95] Mensagem Conheça a Tecnolabs e aumente a eficiência na sua obra enviada com sucesso para erickson@mmempreendimentos.eng.br
[ID 95] Mensagem Conheça a Tecnolabs e aumente a eficiência na sua obra enviada com sucesso para compras@mmempreendimentos.eng.br
[ID 95] Mensagem Conheça a Tecnolabs e aumente a eficiência na sua obra enviada com sucesso para fredmoreiralima@gmail.com
[ID 95] Mensagem Conheça a Tecnolabs e aumente a eficiência na sua obra enviada com sucesso para bernardo@jirauarquitetura.com.br
[ID 95] Mensagem Conheça a Tecnolabs e aumente a eficiência na sua obra enviada com sucesso para contato@agsconstrucao.com.br
[ID 95] Mensagem Conheça a Tecnolabs e aumente a eficiência na sua obra enviada com sucesso para niveagabriela@hotmail.com