

********************     19 novembro 2021 12:21     ********************
AcyMailing Disparado em 19 novembro 2021 09:21
70 mensagens processadas: 70 com sucesso, 0 falharam
---- Details ----
[ ID 68] Mensagem Sua obra nunca mais será a mesma! enviada com sucesso para erifsgomes@gmail.com
[ ID 68] Mensagem Sua obra nunca mais será a mesma! enviada com sucesso para atendimento@plataformaengenharia.com
[ ID 68] Mensagem Sua obra nunca mais será a mesma! enviada com sucesso para contato@interativoengenharia.com
[ ID 68] Mensagem Sua obra nunca mais será a mesma! enviada com sucesso para ct.engenharia@hotmail.com
[ ID 68] Mensagem Sua obra nunca mais será a mesma! enviada com sucesso para contato@northengenharia.com.br
[ ID 68] Mensagem Sua obra nunca mais será a mesma! enviada com sucesso para contato@solidaengenharia-al.com.br
[ ID 68] Mensagem Sua obra nunca mais será a mesma! enviada com sucesso para contato@planjetar.com.br
[ ID 68] Mensagem Sua obra nunca mais será a mesma! enviada com sucesso para cguilhermino@gmail.com
[ ID 68] Mensagem Sua obra nunca mais será a mesma! enviada com sucesso para contato@solidez-al.com.br
[ ID 68] Mensagem Sua obra nunca mais será a mesma! enviada com sucesso para engenharq@engenharq.com.br
[ ID 68] Mensagem Sua obra nunca mais será a mesma! enviada com sucesso para comercial@fortexengenharia.com.br
[ ID 68] Mensagem Sua obra nunca mais será a mesma! enviada com sucesso para v2@v2construcoes.com.br
[ ID 68] Mensagem Sua obra nunca mais será a mesma! enviada com sucesso para assistencia@colil.com.br
[ ID 68] Mensagem Sua obra nunca mais será a mesma! enviada com sucesso para contato@p2eengenharia.com.br
[ ID 68] Mensagem Sua obra nunca mais será a mesma! enviada com sucesso para calcular@calcular.eng.br
[ ID 68] Mensagem Sua obra nunca mais será a mesma! enviada com sucesso para CONTATO@ZETAESTRUTURAL.COM.BR
[ ID 68] Mensagem Sua obra nunca mais será a mesma! enviada com sucesso para m2lt@m2lt.com.br
[ ID 68] Mensagem Sua obra nunca mais será a mesma! enviada com sucesso para engenharia@nassarengenharia.com.br
[ ID 68] Mensagem Sua obra nunca mais será a mesma! enviada com sucesso para projetar@gprojetar.com.br
[ ID 68] Mensagem Sua obra nunca mais será a mesma! enviada com sucesso para abece@abece.com.br
[ ID 68] Mensagem Sua obra nunca mais será a mesma! enviada com sucesso para uchoa@uchoaconstrucoes.com.br
[ ID 68] Mensagem Sua obra nunca mais será a mesma! enviada com sucesso para contato@engenhariademateriaisltda.com.br
[ ID 68] Mensagem Sua obra nunca mais será a mesma! enviada com sucesso para engenharia@laresconstrucoes.com.br
[ ID 68] Mensagem Sua obra nunca mais será a mesma! enviada com sucesso para contato@marroquim.com.br
[ ID 68] Mensagem Sua obra nunca mais será a mesma! enviada com sucesso para faleconosco@mouradubeux.com.br
[ ID 68] Mensagem Sua obra nunca mais será a mesma! enviada com sucesso para COMERCIAL@PRECOL.COM.BR
[ ID 68] Mensagem Sua obra nunca mais será a mesma! enviada com sucesso para contato@primeincorporacoes.com.br
[ ID 68] Mensagem Sua obra nunca mais será a mesma! enviada com sucesso para contato@recordinc.com.br
[ ID 68] Mensagem Sua obra nunca mais será a mesma! enviada com sucesso para sac@reycon.com.br
[ ID 68] Mensagem Sua obra nunca mais será a mesma! enviada com sucesso para contato@tetoplanejamento.com.br
[ ID 68] Mensagem Sua obra nunca mais será a mesma! enviada com sucesso para comercial@consencoedificacoes.com.br
[ ID 68] Mensagem Sua obra nunca mais será a mesma! enviada com sucesso para construtorapenedo@hotmail.com
[ ID 68] Mensagem Sua obra nunca mais será a mesma! enviada com sucesso para contato@construtorasauer-al.com.br
[ ID 68] Mensagem Sua obra nunca mais será a mesma! enviada com sucesso para contrato@contratoengenharia.com.br
[ ID 68] Mensagem Sua obra nunca mais será a mesma! enviada com sucesso para comercial@conyeng.com.br
[ ID 68] Mensagem Sua obra nunca mais será a mesma! enviada com sucesso para administrativo@decisaoengenharia-al.com.br
[ ID 68] Mensagem Sua obra nunca mais será a mesma! enviada com sucesso para contato@dltengenharia.com.br
[ ID 68] Mensagem Sua obra nunca mais será a mesma! enviada com sucesso para vitor@monsantoengenharia.com.br
[ ID 68] Mensagem Sua obra nunca mais será a mesma! enviada com sucesso para delman.mcz@delman.com.br
[ ID 68] Mensagem Sua obra nunca mais será a mesma! enviada com sucesso para relacionamento@aljosconstrutora.com.br
[ ID 68] Mensagem Sua obra nunca mais será a mesma! enviada com sucesso para rsconstrutoraltda@hotmail.com
[ ID 68] Mensagem Sua obra nunca mais será a mesma! enviada com sucesso para contato@am3engenharia.com.br
[ ID 68] Mensagem Sua obra nunca mais será a mesma! enviada com sucesso para comercial@conserg.com.br
[ ID 68] Mensagem Sua obra nunca mais será a mesma! enviada com sucesso para comercial@gamaengenharia.com.br
[ ID 68] Mensagem Sua obra nunca mais será a mesma! enviada com sucesso para sapaulista@sapaulista.com.br
[ ID 68] Mensagem Sua obra nunca mais será a mesma! enviada com sucesso para atendimento@rpontes.com.br
[ ID 68] Mensagem Sua obra nunca mais será a mesma! enviada com sucesso para denison@dltengenharia.com.br
[ ID 68] Mensagem Sua obra nunca mais será a mesma! enviada com sucesso para atendimento@crea-al.org.br
[ ID 68] Mensagem Sua obra nunca mais será a mesma! enviada com sucesso para lokcerto@planoaengenharia.com.br
[ ID 68] Mensagem Sua obra nunca mais será a mesma! enviada com sucesso para contato@arqnorm.com
[ ID 68] Mensagem Sua obra nunca mais será a mesma! enviada com sucesso para duoconstrucoes@hotmail.com
[ ID 68] Mensagem Sua obra nunca mais será a mesma! enviada com sucesso para contato.arcinline@gmail.com
[ ID 68] Mensagem Sua obra nunca mais será a mesma! enviada com sucesso para soteli.al@hotmail.com
[ ID 68] Mensagem Sua obra nunca mais será a mesma! enviada com sucesso para contato@ritzincorporacoes.com.br
[ ID 68] Mensagem Sua obra nunca mais será a mesma! enviada com sucesso para thays@razaoempreendimentos.com.br
[ ID 68] Mensagem Sua obra nunca mais será a mesma! enviada com sucesso para contato@podiumengenharia.com
[ ID 68] Mensagem Sua obra nunca mais será a mesma! enviada com sucesso para engenharia@rmoreiraconstrucoes.com.br
[ ID 68] Mensagem Sua obra nunca mais será a mesma! enviada com sucesso para diretoria@domnaengenharia.com.br
[ ID 68] Mensagem Sua obra nunca mais será a mesma! enviada com sucesso para CONSTRUTORA@VITTRE.COM.BR
[ ID 68] Mensagem Sua obra nunca mais será a mesma! enviada com sucesso para atendimento@mmeparavoce.com.br
[ ID 68] Mensagem Sua obra nunca mais será a mesma! enviada com sucesso para curriculo.ecopar@gmail.com
[ ID 68] Mensagem Sua obra nunca mais será a mesma! enviada com sucesso para santafengenharia@gmail.com
[ ID 68] Mensagem Sua obra nunca mais será a mesma! enviada com sucesso para suprimentos@sancoengenharia.com.br
[ ID 68] Mensagem Sua obra nunca mais será a mesma! enviada com sucesso para lizandro@engenharq.com.br
[ ID 68] Mensagem Sua obra nunca mais será a mesma! enviada com sucesso para engenharia@v2construcoes.com.br
[ ID 68] Mensagem Sua obra nunca mais será a mesma! enviada com sucesso para comercial@telesilengenharia.com.br
[ ID 68] Mensagem Sua obra nunca mais será a mesma! enviada com sucesso para hugo@colil.com.br
[ ID 68] Mensagem Sua obra nunca mais será a mesma! enviada com sucesso para felipe@uchoaconstrucoes.com.br
[ ID 68] Mensagem Sua obra nunca mais será a mesma! enviada com sucesso para lucas@dltengenharia.com.br
[ ID 68] Mensagem Sua obra nunca mais será a mesma! enviada com sucesso para raphael@ecoparengenharia.com.br

********************     19 novembro 2021 12:36     ********************
AcyMailing Disparado em 19 novembro 2021 09:36
29 mensagens processadas: 29 com sucesso, 0 falharam
---- Details ----
[ ID 68] Mensagem Sua obra nunca mais será a mesma! enviada com sucesso para compras@sapaulista.com.br
[ ID 68] Mensagem Sua obra nunca mais será a mesma! enviada com sucesso para contato@cavalcantepeixoto.com
[ ID 68] Mensagem Sua obra nunca mais será a mesma! enviada com sucesso para contato@greenbrasil.eng.br
[ ID 68] Mensagem Sua obra nunca mais será a mesma! enviada com sucesso para diretoriacomercial@concretoamorimconstrucoes.com.br
[ ID 68] Mensagem Sua obra nunca mais será a mesma! enviada com sucesso para diretoria@conengeengenharia.com.br
[ ID 68] Mensagem Sua obra nunca mais será a mesma! enviada com sucesso para contato@contemporaneaconstrucoes.com.br
[ ID 68] Mensagem Sua obra nunca mais será a mesma! enviada com sucesso para contato@rochaltda.com.br
[ ID 68] Mensagem Sua obra nunca mais será a mesma! enviada com sucesso para atendimento@toledocabral.com.br
[ ID 68] Mensagem Sua obra nunca mais será a mesma! enviada com sucesso para enengi@enengi.com.br
[ ID 68] Mensagem Sua obra nunca mais será a mesma! enviada com sucesso para jcamendonca@hotmail.com
[ ID 68] Mensagem Sua obra nunca mais será a mesma! enviada com sucesso para luciano.barros@limpel.com.br
[ ID 68] Mensagem Sua obra nunca mais será a mesma! enviada com sucesso para wagnercabralengenharia@hotmail.com
[ ID 68] Mensagem Sua obra nunca mais será a mesma! enviada com sucesso para sanco@sancoengenharia.com.br
[ ID 68] Mensagem Sua obra nunca mais será a mesma! enviada com sucesso para g.lcerutti@ceruttiengenharia.com.br
[ ID 68] Mensagem Sua obra nunca mais será a mesma! enviada com sucesso para lares@laresconstrucoes.com.br
[ ID 68] Mensagem Sua obra nunca mais será a mesma! enviada com sucesso para maucon.al@uol.com.br
[ ID 68] Mensagem Sua obra nunca mais será a mesma! enviada com sucesso para carlos.andre@pactoengenharia.com
[ ID 68] Mensagem Sua obra nunca mais será a mesma! enviada com sucesso para flivio@planoaengenharia.com.br
[ ID 68] Mensagem Sua obra nunca mais será a mesma! enviada com sucesso para moises.diretoria@precol.com.br
[ ID 68] Mensagem Sua obra nunca mais será a mesma! enviada com sucesso para contato@construtorapenedo.com.br
[ ID 68] Mensagem Sua obra nunca mais será a mesma! enviada com sucesso para atendimento@construtorasauer-al.com.br
[ ID 68] Mensagem Sua obra nunca mais será a mesma! enviada com sucesso para atendimento@consencoedificacoes.com.br
[ ID 68] Mensagem Sua obra nunca mais será a mesma! enviada com sucesso para contato@amecengenhariaeconsultoria.com.br
[ ID 68] Mensagem Sua obra nunca mais será a mesma! enviada com sucesso para construtorahf@hotmail.com
[ ID 68] Mensagem Sua obra nunca mais será a mesma! enviada com sucesso para merito.al@uol.com.br
[ ID 68] Mensagem Sua obra nunca mais será a mesma! enviada com sucesso para pedro.henrique@meurocha.com.br
[ ID 68] Mensagem Sua obra nunca mais será a mesma! enviada com sucesso para jefferson.aquino@meurocha.com.br
[ ID 68] Mensagem Sua obra nunca mais será a mesma! enviada com sucesso para dayane.guimaraes@meurocha.com.br
[ ID 68] Mensagem Sua obra nunca mais será a mesma! enviada com sucesso para bruno@meurocha.com.br