

******************** 09 junho 2022 12:56 UTC ********************
AcyMailing Disparado em 09 junho 2022 09:55
1 campanha (s) programada (s)
10 mensagens processadas: 10 com sucesso, 0 falharam
---- Details ----
10 emails foram adicionados à fila para a Campanha Agendada <b>Serviços com Drones - Campanha de Junho</b>
[ ID 82] Mensagem Decole sua obra conosco! enviada com sucesso para tomaz.rocha@construtoravertical.com.br
[ ID 82] Mensagem Decole sua obra conosco! enviada com sucesso para elias@contemporaneaconstrucoes.com.br
[ ID 82] Mensagem Decole sua obra conosco! enviada com sucesso para wellington@contemporaneaconstrucoes.com.br
[ ID 82] Mensagem Decole sua obra conosco! enviada com sucesso para duartearquitetura@hotmail.com
[ ID 82] Mensagem Decole sua obra conosco! enviada com sucesso para diego@consencoedificacoes.com.br
[ ID 82] Mensagem Decole sua obra conosco! enviada com sucesso para suprimentos@recordinc.com.br
[ ID 82] Mensagem Decole sua obra conosco! enviada com sucesso para diogo.lucas@recordinc.com.br
[ ID 82] Mensagem Decole sua obra conosco! enviada com sucesso para compras@castanhel.com.br
[ ID 82] Mensagem Decole sua obra conosco! enviada com sucesso para josyane@telesilengenharia.com.br
[ ID 82] Mensagem Decole sua obra conosco! enviada com sucesso para nicolas@telesilengenharia.com.br

******************** 09 junho 2022 14:15 UTC ********************
AcyMailing Disparado em 09 junho 2022 11:15
17 mensagens processadas: 17 com sucesso, 0 falharam
---- Details ----
[ ID 82] Mensagem Decole sua obra conosco! enviada com sucesso para vanessadias@vdconsultoria.com.br
[ ID 82] Mensagem Decole sua obra conosco! enviada com sucesso para gilvan.firmino@tpfe.com.br
[ ID 82] Mensagem Decole sua obra conosco! enviada com sucesso para fabio.carvalho@tpfe.com.br
[ ID 82] Mensagem Decole sua obra conosco! enviada com sucesso para lyvia.gama@tpfe.com.br
[ ID 82] Mensagem Decole sua obra conosco! enviada com sucesso para compras@plataformaengenharia.com
[ ID 82] Mensagem Decole sua obra conosco! enviada com sucesso para cinthya.gleise@meurocha.com.br
[ ID 82] Mensagem Decole sua obra conosco! enviada com sucesso para financeiro@fortexengenharia.com.br
[ ID 82] Mensagem Decole sua obra conosco! enviada com sucesso para contato@esencengenharia.com.br
[ ID 82] Mensagem Decole sua obra conosco! enviada com sucesso para grazielle@construtoranerimartins.com.br
[ ID 82] Mensagem Decole sua obra conosco! enviada com sucesso para guilherme@contratoengenharia.com.br
[ ID 82] Mensagem Decole sua obra conosco! enviada com sucesso para compras1@ecoparengenharia.com.br
[ ID 82] Mensagem Decole sua obra conosco! enviada com sucesso para ricardo@razaoempreendimentos.com.br
[ ID 82] Mensagem Decole sua obra conosco! enviada com sucesso para lopesquintinoengenharia@gmail.com
[ ID 82] Mensagem Decole sua obra conosco! enviada com sucesso para taisa@dbn.eng.br
[ ID 82] Mensagem Decole sua obra conosco! enviada com sucesso para contato@mhrengenharia.com.br
[ ID 82] Mensagem Decole sua obra conosco! enviada com sucesso para anderson@renovesolucoes.eng.br
[ ID 82] Mensagem Decole sua obra conosco! enviada com sucesso para comercial@marcanteeng.com.br